<?xml version="1.0" encoding="UTF-8"?>
<coverage generated="1447530273024" clover="3.2.0">
	<project timestamp="1447530273024"  name="All Files" >
		<metrics statements="3805"  coveredstatements="3315"  conditionals="2046"  coveredconditionals="1462"  methods="500"  coveredmethods="436"  elements="6351"  coveredelements="5213"  complexity="0"  packages="21"  files="71"  classes="71"  loc="13285"  ncloc="13285" />
		<package name="src" >
			<metrics statements="10"  coveredstatements="10"  conditionals="0"  coveredconditionals="0"  methods="0"  coveredmethods="0" />
			<file name="React.js"  path="/home/rui/Documents/react/src/React.js" >
				<metrics statements="10"  coveredstatements="10"  conditionals="0"  coveredconditionals="0"  methods="0"  coveredmethods="0" />
				<line num="14"  count="404"  type="stmt" />
				<line num="15"  count="404"  type="stmt" />
				<line num="16"  count="404"  type="stmt" />
				<line num="18"  count="404"  type="stmt" />
				<line num="19"  count="404"  type="stmt" />
				<line num="22"  count="404"  type="stmt" />
				<line num="24"  count="404"  type="stmt" />
				<line num="26"  count="404"  type="stmt" />
				<line num="67"  count="404"  type="stmt" />
				<line num="69"  count="404"  type="stmt" />
			</file>
		</package>
		<package name="src.addons" >
			<metrics statements="87"  coveredstatements="87"  conditionals="39"  coveredconditionals="38"  methods="9"  coveredmethods="9" />
			<file name="ReactComponentWithPureRenderMixin.js"  path="/home/rui/Documents/react/src/addons/ReactComponentWithPureRenderMixin.js" >
				<metrics statements="4"  coveredstatements="4"  conditionals="0"  coveredconditionals="0"  methods="1"  coveredmethods="1" />
				<line num="14"  count="1"  type="stmt" />
				<line num="40"  count="1"  type="stmt" />
				<line num="42"  count="8"  type="stmt" />
				<line num="46"  count="1"  type="stmt" />
			</file>
			<file name="ReactFragment.js"  path="/home/rui/Documents/react/src/addons/ReactFragment.js" >
				<metrics statements="24"  coveredstatements="24"  conditionals="13"  coveredconditionals="12"  methods="1"  coveredmethods="1" />
				<line num="14"  count="30"  type="stmt" />
				<line num="15"  count="30"  type="stmt" />
				<line num="17"  count="30"  type="stmt" />
				<line num="18"  count="30"  type="stmt" />
				<line num="19"  count="30"  type="stmt" />
				<line num="29"  count="30"  type="stmt" />
				<line num="31"  count="30"  type="stmt" />
				<line num="33"  count="30"  type="stmt" />
				<line num="37"  count="16"  type="cond"  truecount="5"  falsecount="0" />
				<line num="38"  count="2"  type="stmt" />
				<line num="43"  count="2"  type="stmt" />
				<line num="45"  count="14"  type="cond"  truecount="2"  falsecount="0" />
				<line num="46"  count="1"  type="stmt" />
				<line num="51"  count="1"  type="stmt" />
				<line num="54"  count="13"  type="stmt" />
				<line num="60"  count="13"  type="stmt" />
				<line num="62"  count="13"  type="stmt" />
				<line num="63"  count="27"  type="cond"  truecount="1"  falsecount="1" />
				<line num="64"  count="27"  type="cond"  truecount="4"  falsecount="0" />
				<line num="65"  count="1"  type="stmt" />
				<line num="70"  count="1"  type="stmt" />
				<line num="73"  count="27"  type="stmt" />
				<line num="81"  count="13"  type="stmt" />
				<line num="85"  count="30"  type="stmt" />
			</file>
			<file name="renderSubtreeIntoContainer.js"  path="/home/rui/Documents/react/src/addons/renderSubtreeIntoContainer.js" >
				<metrics statements="2"  coveredstatements="2"  conditionals="0"  coveredconditionals="0"  methods="0"  coveredmethods="0" />
				<line num="14"  count="1"  type="stmt" />
				<line num="16"  count="1"  type="stmt" />
			</file>
			<file name="update.js"  path="/home/rui/Documents/react/src/addons/update.js" >
				<metrics statements="57"  coveredstatements="57"  conditionals="26"  coveredconditionals="26"  methods="7"  coveredmethods="7" />
				<line num="16"  count="1"  type="stmt" />
				<line num="17"  count="1"  type="stmt" />
				<line num="18"  count="1"  type="stmt" />
				<line num="19"  count="1"  type="stmt" />
				<line num="21"  count="1"  type="stmt" />
				<line num="22"  count="19"  type="cond"  truecount="2"  falsecount="0" />
				<line num="23"  count="7"  type="stmt" />
				<line num="24"  count="12"  type="cond"  truecount="4"  falsecount="0" />
				<line num="25"  count="6"  type="stmt" />
				<line num="27"  count="6"  type="stmt" />
				<line num="31"  count="1"  type="stmt" />
				<line num="32"  count="1"  type="stmt" />
				<line num="33"  count="1"  type="stmt" />
				<line num="34"  count="1"  type="stmt" />
				<line num="35"  count="1"  type="stmt" />
				<line num="36"  count="1"  type="stmt" />
				<line num="38"  count="1"  type="stmt" />
				<line num="47"  count="1"  type="stmt" />
				<line num="49"  count="1"  type="stmt" />
				<line num="50"  count="6"  type="stmt" />
				<line num="53"  count="1"  type="stmt" />
				<line num="54"  count="6"  type="stmt" />
				<line num="60"  count="4"  type="stmt" />
				<line num="61"  count="4"  type="stmt" />
				<line num="70"  count="1"  type="stmt" />
				<line num="71"  count="23"  type="stmt" />
				<line num="79"  count="22"  type="cond"  truecount="2"  falsecount="0" />
				<line num="80"  count="3"  type="stmt" />
				<line num="86"  count="3"  type="stmt" />
				<line num="89"  count="19"  type="stmt" />
				<line num="91"  count="19"  type="cond"  truecount="2"  falsecount="0" />
				<line num="92"  count="3"  type="stmt" />
				<line num="93"  count="3"  type="stmt" />
				<line num="99"  count="2"  type="stmt" />
				<line num="105"  count="1"  type="stmt" />
				<line num="108"  count="17"  type="cond"  truecount="2"  falsecount="0" />
				<line num="109"  count="3"  type="stmt" />
				<line num="110"  count="1"  type="stmt" />
				<line num="111"  count="1"  type="stmt" />
				<line num="115"  count="15"  type="cond"  truecount="2"  falsecount="0" />
				<line num="116"  count="3"  type="stmt" />
				<line num="117"  count="1"  type="stmt" />
				<line num="118"  count="1"  type="stmt" />
				<line num="122"  count="13"  type="cond"  truecount="2"  falsecount="0" />
				<line num="123"  count="4"  type="stmt" />
				<line num="129"  count="3"  type="stmt" />
				<line num="136"  count="2"  type="stmt" />
				<line num="137"  count="2"  type="stmt" />
				<line num="144"  count="1"  type="stmt" />
				<line num="148"  count="10"  type="cond"  truecount="2"  falsecount="0" />
				<line num="149"  count="2"  type="stmt" />
				<line num="155"  count="1"  type="stmt" />
				<line num="158"  count="9"  type="stmt" />
				<line num="159"  count="9"  type="cond"  truecount="4"  falsecount="0" />
				<line num="160"  count="4"  type="stmt" />
				<line num="164"  count="8"  type="stmt" />
				<line num="167"  count="1"  type="stmt" />
			</file>
		</package>
		<package name="src.addons.link" >
			<metrics statements="14"  coveredstatements="14"  conditionals="2"  coveredconditionals="2"  methods="3"  coveredmethods="3" />
			<file name="LinkedStateMixin.js"  path="/home/rui/Documents/react/src/addons/link/LinkedStateMixin.js" >
				<metrics statements="5"  coveredstatements="5"  conditionals="0"  coveredconditionals="0"  methods="1"  coveredmethods="1" />
				<line num="15"  count="1"  type="stmt" />
				<line num="16"  count="1"  type="stmt" />
				<line num="21"  count="1"  type="stmt" />
				<line num="32"  count="2"  type="stmt" />
				<line num="39"  count="1"  type="stmt" />
			</file>
			<file name="ReactLink.js"  path="/home/rui/Documents/react/src/addons/link/ReactLink.js" >
				<metrics statements="9"  coveredstatements="9"  conditionals="2"  coveredconditionals="2"  methods="2"  coveredmethods="2" />
				<line num="38"  count="26"  type="stmt" />
				<line num="44"  count="4"  type="stmt" />
				<line num="45"  count="9"  type="stmt" />
				<line num="46"  count="9"  type="stmt" />
				<line num="57"  count="4"  type="stmt" />
				<line num="58"  count="23"  type="stmt" />
				<line num="64"  count="23"  type="stmt" />
				<line num="67"  count="26"  type="stmt" />
				<line num="71"  count="26"  type="stmt" />
			</file>
		</package>
		<package name="src.addons.transitions" >
			<metrics statements="128"  coveredstatements="122"  conditionals="62"  coveredconditionals="52"  methods="22"  coveredmethods="22" />
			<file name="ReactCSSTransitionGroup.js"  path="/home/rui/Documents/react/src/addons/transitions/ReactCSSTransitionGroup.js" >
				<metrics statements="18"  coveredstatements="17"  conditionals="6"  coveredconditionals="5"  methods="5"  coveredmethods="5" />
				<line num="15"  count="11"  type="stmt" />
				<line num="17"  count="11"  type="stmt" />
				<line num="19"  count="11"  type="stmt" />
				<line num="20"  count="11"  type="stmt" />
				<line num="22"  count="1"  type="stmt" />
				<line num="23"  count="33"  type="stmt" />
				<line num="24"  count="33"  type="stmt" />
				<line num="26"  count="33"  type="stmt" />
				<line num="28"  count="120"  type="cond"  truecount="2"  falsecount="0" />
				<line num="30"  count="62"  type="cond"  truecount="2"  falsecount="0" />
				<line num="31"  count="40"  type="stmt" />
				<line num="40"  count="22"  type="cond"  truecount="1"  falsecount="1" />
				<line num="41"  count="0"  type="stmt" />
				<line num="47"  count="11"  type="stmt" />
				<line num="62"  count="11"  type="stmt" />
				<line num="73"  count="24"  type="stmt" />
				<line num="89"  count="20"  type="stmt" />
				<line num="96"  count="11"  type="stmt" />
			</file>
			<file name="ReactTransitionChildMapping.js"  path="/home/rui/Documents/react/src/addons/transitions/ReactTransitionChildMapping.js" >
				<metrics statements="31"  coveredstatements="30"  conditionals="14"  coveredconditionals="13"  methods="3"  coveredmethods="3" />
				<line num="15"  count="1"  type="stmt" />
				<line num="17"  count="1"  type="stmt" />
				<line num="26"  count="1"  type="cond"  truecount="1"  falsecount="1" />
				<line num="27"  count="0"  type="stmt" />
				<line num="29"  count="1"  type="stmt" />
				<line num="50"  count="6"  type="cond"  truecount="2"  falsecount="0" />
				<line num="51"  count="6"  type="cond"  truecount="2"  falsecount="0" />
				<line num="53"  count="1"  type="stmt" />
				<line num="54"  count="19"  type="cond"  truecount="2"  falsecount="0" />
				<line num="55"  count="14"  type="stmt" />
				<line num="57"  count="5"  type="stmt" />
				<line num="63"  count="6"  type="stmt" />
				<line num="65"  count="6"  type="stmt" />
				<line num="66"  count="6"  type="stmt" />
				<line num="67"  count="14"  type="cond"  truecount="2"  falsecount="0" />
				<line num="68"  count="9"  type="cond"  truecount="2"  falsecount="0" />
				<line num="69"  count="1"  type="stmt" />
				<line num="70"  count="1"  type="stmt" />
				<line num="73"  count="5"  type="stmt" />
				<line num="77"  count="6"  type="stmt" />
				<line num="78"  count="6"  type="stmt" />
				<line num="79"  count="6"  type="stmt" />
				<line num="80"  count="14"  type="cond"  truecount="2"  falsecount="0" />
				<line num="81"  count="1"  type="stmt" />
				<line num="82"  count="1"  type="stmt" />
				<line num="83"  count="1"  type="stmt" />
				<line num="88"  count="14"  type="stmt" />
				<line num="92"  count="6"  type="stmt" />
				<line num="93"  count="4"  type="stmt" />
				<line num="96"  count="6"  type="stmt" />
				<line num="100"  count="1"  type="stmt" />
			</file>
			<file name="ReactTransitionGroup.js"  path="/home/rui/Documents/react/src/addons/transitions/ReactTransitionGroup.js" >
				<metrics statements="79"  coveredstatements="75"  conditionals="42"  coveredconditionals="34"  methods="14"  coveredmethods="14" />
				<line num="14"  count="1"  type="stmt" />
				<line num="15"  count="1"  type="stmt" />
				<line num="17"  count="1"  type="stmt" />
				<line num="18"  count="1"  type="stmt" />
				<line num="20"  count="1"  type="stmt" />
				<line num="29"  count="1"  type="stmt" />
				<line num="36"  count="4"  type="stmt" />
				<line num="42"  count="4"  type="stmt" />
				<line num="43"  count="4"  type="stmt" />
				<line num="44"  count="4"  type="stmt" />
				<line num="48"  count="4"  type="stmt" />
				<line num="49"  count="4"  type="stmt" />
				<line num="50"  count="4"  type="cond"  truecount="1"  falsecount="1" />
				<line num="51"  count="4"  type="stmt" />
				<line num="57"  count="26"  type="stmt" />
				<line num="60"  count="26"  type="stmt" />
				<line num="62"  count="26"  type="stmt" />
				<line num="69"  count="26"  type="stmt" />
				<line num="71"  count="26"  type="stmt" />
				<line num="72"  count="40"  type="cond"  truecount="2"  falsecount="0" />
				<line num="73"  count="40"  type="cond"  truecount="5"  falsecount="0" />
				<line num="75"  count="5"  type="stmt" />
				<line num="79"  count="26"  type="stmt" />
				<line num="80"  count="49"  type="cond"  truecount="2"  falsecount="0" />
				<line num="81"  count="49"  type="cond"  truecount="5"  falsecount="0" />
				<line num="83"  count="4"  type="stmt" />
				<line num="91"  count="29"  type="stmt" />
				<line num="92"  count="29"  type="stmt" />
				<line num="93"  count="29"  type="stmt" />
				<line num="95"  count="29"  type="stmt" />
				<line num="96"  count="29"  type="stmt" />
				<line num="97"  count="29"  type="stmt" />
				<line num="101"  count="4"  type="stmt" />
				<line num="103"  count="4"  type="stmt" />
				<line num="105"  count="4"  type="cond"  truecount="2"  falsecount="0" />
				<line num="106"  count="1"  type="stmt" />
				<line num="110"  count="3"  type="stmt" />
				<line num="115"  count="4"  type="stmt" />
				<line num="116"  count="4"  type="cond"  truecount="2"  falsecount="0" />
				<line num="117"  count="1"  type="stmt" />
				<line num="120"  count="4"  type="stmt" />
				<line num="122"  count="4"  type="stmt" />
				<line num="126"  count="4"  type="cond"  truecount="3"  falsecount="1" />
				<line num="128"  count="0"  type="stmt" />
				<line num="133"  count="5"  type="stmt" />
				<line num="135"  count="5"  type="stmt" />
				<line num="137"  count="5"  type="cond"  truecount="1"  falsecount="1" />
				<line num="138"  count="5"  type="stmt" />
				<line num="142"  count="0"  type="stmt" />
				<line num="147"  count="5"  type="stmt" />
				<line num="148"  count="5"  type="cond"  truecount="1"  falsecount="1" />
				<line num="149"  count="5"  type="stmt" />
				<line num="152"  count="5"  type="stmt" />
				<line num="154"  count="5"  type="stmt" />
				<line num="158"  count="5"  type="cond"  truecount="4"  falsecount="0" />
				<line num="160"  count="1"  type="stmt" />
				<line num="165"  count="5"  type="stmt" />
				<line num="167"  count="5"  type="stmt" />
				<line num="168"  count="5"  type="cond"  truecount="1"  falsecount="1" />
				<line num="169"  count="5"  type="stmt" />
				<line num="174"  count="0"  type="stmt" />
				<line num="179"  count="5"  type="stmt" />
				<line num="181"  count="5"  type="cond"  truecount="1"  falsecount="1" />
				<line num="182"  count="5"  type="stmt" />
				<line num="185"  count="5"  type="stmt" />
				<line num="187"  count="5"  type="stmt" />
				<line num="191"  count="5"  type="cond"  truecount="3"  falsecount="1" />
				<line num="193"  count="0"  type="stmt" />
				<line num="195"  count="5"  type="stmt" />
				<line num="196"  count="5"  type="stmt" />
				<line num="197"  count="5"  type="stmt" />
				<line num="198"  count="5"  type="stmt" />
				<line num="206"  count="33"  type="stmt" />
				<line num="207"  count="33"  type="stmt" />
				<line num="208"  count="60"  type="stmt" />
				<line num="209"  count="60"  type="cond"  truecount="1"  falsecount="1" />
				<line num="215"  count="60"  type="stmt" />
				<line num="221"  count="33"  type="stmt" />
				<line num="229"  count="1"  type="stmt" />
			</file>
		</package>
		<package name="src.isomorphic.children" >
			<metrics statements="85"  coveredstatements="81"  conditionals="18"  coveredconditionals="14"  methods="15"  coveredmethods="15" />
			<file name="ReactChildren.js"  path="/home/rui/Documents/react/src/isomorphic/children/ReactChildren.js" >
				<metrics statements="72"  coveredstatements="69"  conditionals="16"  coveredconditionals="13"  methods="13"  coveredmethods="13" />
				<line num="14"  count="1"  type="stmt" />
				<line num="15"  count="1"  type="stmt" />
				<line num="17"  count="1"  type="stmt" />
				<line num="18"  count="1"  type="stmt" />
				<line num="20"  count="1"  type="stmt" />
				<line num="21"  count="1"  type="stmt" />
				<line num="24"  count="1"  type="stmt" />
				<line num="25"  count="1"  type="stmt" />
				<line num="26"  count="19"  type="stmt" />
				<line num="38"  count="1"  type="stmt" />
				<line num="39"  count="6"  type="stmt" />
				<line num="40"  count="6"  type="stmt" />
				<line num="41"  count="6"  type="stmt" />
				<line num="43"  count="1"  type="stmt" />
				<line num="44"  count="6"  type="stmt" />
				<line num="45"  count="6"  type="stmt" />
				<line num="46"  count="6"  type="stmt" />
				<line num="48"  count="1"  type="stmt" />
				<line num="50"  count="13"  type="stmt" />
				<line num="51"  count="13"  type="stmt" />
				<line num="52"  count="13"  type="stmt" />
				<line num="65"  count="1"  type="stmt" />
				<line num="66"  count="6"  type="cond"  truecount="1"  falsecount="1" />
				<line num="67"  count="0"  type="stmt" />
				<line num="69"  count="6"  type="stmt" />
				<line num="71"  count="6"  type="stmt" />
				<line num="72"  count="6"  type="stmt" />
				<line num="85"  count="1"  type="stmt" />
				<line num="86"  count="25"  type="stmt" />
				<line num="87"  count="25"  type="stmt" />
				<line num="88"  count="25"  type="stmt" />
				<line num="89"  count="25"  type="stmt" />
				<line num="90"  count="25"  type="stmt" />
				<line num="92"  count="1"  type="stmt" />
				<line num="93"  count="25"  type="stmt" />
				<line num="94"  count="25"  type="stmt" />
				<line num="95"  count="25"  type="stmt" />
				<line num="96"  count="25"  type="stmt" />
				<line num="97"  count="25"  type="stmt" />
				<line num="99"  count="1"  type="stmt" />
				<line num="101"  count="53"  type="stmt" />
				<line num="102"  count="53"  type="stmt" />
				<line num="104"  count="53"  type="stmt" />
				<line num="105"  count="53"  type="cond"  truecount="1"  falsecount="1" />
				<line num="106"  count="0"  type="stmt" />
				<line num="112"  count="53"  type="cond"  truecount="2"  falsecount="0" />
				<line num="113"  count="43"  type="cond"  truecount="2"  falsecount="0" />
				<line num="114"  count="40"  type="stmt" />
				<line num="127"  count="43"  type="stmt" />
				<line num="131"  count="1"  type="stmt" />
				<line num="132"  count="25"  type="stmt" />
				<line num="133"  count="25"  type="cond"  truecount="2"  falsecount="0" />
				<line num="134"  count="6"  type="stmt" />
				<line num="136"  count="25"  type="stmt" />
				<line num="142"  count="25"  type="stmt" />
				<line num="143"  count="25"  type="stmt" />
				<line num="157"  count="1"  type="stmt" />
				<line num="158"  count="10"  type="cond"  truecount="1"  falsecount="1" />
				<line num="159"  count="0"  type="stmt" />
				<line num="161"  count="10"  type="stmt" />
				<line num="162"  count="10"  type="stmt" />
				<line num="163"  count="10"  type="stmt" />
				<line num="168"  count="1"  type="stmt" />
				<line num="169"  count="21"  type="stmt" />
				<line num="179"  count="1"  type="stmt" />
				<line num="180"  count="9"  type="stmt" />
				<line num="188"  count="1"  type="stmt" />
				<line num="189"  count="9"  type="stmt" />
				<line num="190"  count="9"  type="stmt" />
				<line num="196"  count="9"  type="stmt" />
				<line num="200"  count="1"  type="stmt" />
				<line num="208"  count="1"  type="stmt" />
			</file>
			<file name="onlyChild.js"  path="/home/rui/Documents/react/src/isomorphic/children/onlyChild.js" >
				<metrics statements="6"  coveredstatements="6"  conditionals="0"  coveredconditionals="0"  methods="1"  coveredmethods="1" />
				<line num="13"  count="10"  type="stmt" />
				<line num="15"  count="10"  type="stmt" />
				<line num="28"  count="2"  type="stmt" />
				<line num="29"  count="11"  type="stmt" />
				<line num="33"  count="7"  type="stmt" />
				<line num="36"  count="10"  type="stmt" />
			</file>
			<file name="sliceChildren.js"  path="/home/rui/Documents/react/src/isomorphic/children/sliceChildren.js" >
				<metrics statements="7"  coveredstatements="6"  conditionals="2"  coveredconditionals="1"  methods="1"  coveredmethods="1" />
				<line num="14"  count="1"  type="stmt" />
				<line num="25"  count="1"  type="stmt" />
				<line num="26"  count="5"  type="cond"  truecount="1"  falsecount="1" />
				<line num="27"  count="0"  type="stmt" />
				<line num="30"  count="5"  type="stmt" />
				<line num="31"  count="5"  type="stmt" />
				<line num="34"  count="1"  type="stmt" />
			</file>
		</package>
		<package name="src.isomorphic.classic.element" >
			<metrics statements="2"  coveredstatements="2"  conditionals="0"  coveredconditionals="0"  methods="0"  coveredmethods="0" />
			<file name="ReactCurrentOwner.js"  path="/home/rui/Documents/react/src/isomorphic/classic/element/ReactCurrentOwner.js" >
				<metrics statements="2"  coveredstatements="2"  conditionals="0"  coveredconditionals="0"  methods="0"  coveredmethods="0" />
				<line num="20"  count="36"  type="stmt" />
				<line num="30"  count="36"  type="stmt" />
			</file>
		</package>
		<package name="src.isomorphic.classic.types" >
			<metrics statements="173"  coveredstatements="170"  conditionals="82"  coveredconditionals="75"  methods="27"  coveredmethods="27" />
			<file name="ReactPropTypeLocations.js"  path="/home/rui/Documents/react/src/isomorphic/classic/types/ReactPropTypeLocations.js" >
				<metrics statements="3"  coveredstatements="3"  conditionals="0"  coveredconditionals="0"  methods="0"  coveredmethods="0" />
				<line num="14"  count="5"  type="stmt" />
				<line num="16"  count="5"  type="stmt" />
				<line num="22"  count="5"  type="stmt" />
			</file>
			<file name="ReactPropTypes.js"  path="/home/rui/Documents/react/src/isomorphic/classic/types/ReactPropTypes.js" >
				<metrics statements="170"  coveredstatements="167"  conditionals="82"  coveredconditionals="75"  methods="27"  coveredmethods="27" />
				<line num="14"  count="40"  type="stmt" />
				<line num="15"  count="40"  type="stmt" />
				<line num="17"  count="40"  type="stmt" />
				<line num="18"  count="40"  type="stmt" />
				<line num="67"  count="40"  type="stmt" />
				<line num="69"  count="40"  type="stmt" />
				<line num="88"  count="2"  type="stmt" />
				<line num="89"  count="2"  type="stmt" />
				<line num="97"  count="231"  type="cond"  truecount="1"  falsecount="1" />
				<line num="98"  count="231"  type="cond"  truecount="2"  falsecount="0" />
				<line num="99"  count="231"  type="cond"  truecount="2"  falsecount="0" />
				<line num="100"  count="50"  type="stmt" />
				<line num="101"  count="50"  type="cond"  truecount="2"  falsecount="0" />
				<line num="102"  count="27"  type="stmt" />
				<line num="107"  count="23"  type="stmt" />
				<line num="109"  count="181"  type="stmt" />
				<line num="113"  count="456"  type="stmt" />
				<line num="114"  count="456"  type="stmt" />
				<line num="116"  count="456"  type="stmt" />
				<line num="119"  count="2"  type="stmt" />
				<line num="120"  count="2"  type="stmt" />
				<line num="121"  count="78"  type="stmt" />
				<line num="122"  count="78"  type="stmt" />
				<line num="123"  count="78"  type="cond"  truecount="2"  falsecount="0" />
				<line num="124"  count="12"  type="stmt" />
				<line num="128"  count="12"  type="stmt" />
				<line num="130"  count="12"  type="stmt" />
				<line num="136"  count="66"  type="stmt" />
				<line num="138"  count="240"  type="stmt" />
				<line num="141"  count="2"  type="stmt" />
				<line num="142"  count="40"  type="stmt" />
				<line num="145"  count="2"  type="stmt" />
				<line num="146"  count="2"  type="stmt" />
				<line num="147"  count="12"  type="cond"  truecount="2"  falsecount="0" />
				<line num="148"  count="1"  type="stmt" />
				<line num="152"  count="11"  type="stmt" />
				<line num="153"  count="11"  type="cond"  truecount="2"  falsecount="0" />
				<line num="154"  count="3"  type="stmt" />
				<line num="155"  count="3"  type="stmt" />
				<line num="156"  count="3"  type="stmt" />
				<line num="161"  count="8"  type="stmt" />
				<line num="162"  count="17"  type="stmt" />
				<line num="169"  count="17"  type="cond"  truecount="2"  falsecount="0" />
				<line num="170"  count="2"  type="stmt" />
				<line num="173"  count="6"  type="stmt" />
				<line num="175"  count="16"  type="stmt" />
				<line num="178"  count="2"  type="stmt" />
				<line num="179"  count="2"  type="stmt" />
				<line num="180"  count="7"  type="cond"  truecount="2"  falsecount="0" />
				<line num="181"  count="4"  type="stmt" />
				<line num="182"  count="4"  type="stmt" />
				<line num="187"  count="3"  type="stmt" />
				<line num="189"  count="40"  type="stmt" />
				<line num="192"  count="2"  type="stmt" />
				<line num="193"  count="2"  type="stmt" />
				<line num="194"  count="19"  type="cond"  truecount="2"  falsecount="0" />
				<line num="195"  count="9"  type="stmt" />
				<line num="196"  count="9"  type="cond"  truecount="1"  falsecount="1" />
				<line num="197"  count="9"  type="stmt" />
				<line num="198"  count="9"  type="stmt" />
				<line num="204"  count="10"  type="stmt" />
				<line num="206"  count="19"  type="stmt" />
				<line num="209"  count="2"  type="stmt" />
				<line num="210"  count="13"  type="cond"  truecount="2"  falsecount="0" />
				<line num="211"  count="1"  type="stmt" />
				<line num="212"  count="1"  type="stmt" />
				<line num="218"  count="2"  type="stmt" />
				<line num="219"  count="10"  type="stmt" />
				<line num="220"  count="10"  type="stmt" />
				<line num="221"  count="17"  type="cond"  truecount="2"  falsecount="0" />
				<line num="222"  count="6"  type="stmt" />
				<line num="226"  count="4"  type="stmt" />
				<line num="227"  count="4"  type="stmt" />
				<line num="228"  count="4"  type="stmt" />
				<line num="233"  count="12"  type="stmt" />
				<line num="236"  count="2"  type="stmt" />
				<line num="237"  count="2"  type="stmt" />
				<line num="238"  count="12"  type="cond"  truecount="2"  falsecount="0" />
				<line num="239"  count="1"  type="stmt" />
				<line num="243"  count="11"  type="stmt" />
				<line num="244"  count="11"  type="stmt" />
				<line num="245"  count="11"  type="cond"  truecount="2"  falsecount="0" />
				<line num="246"  count="3"  type="stmt" />
				<line num="247"  count="3"  type="stmt" />
				<line num="252"  count="8"  type="stmt" />
				<line num="253"  count="17"  type="cond"  truecount="1"  falsecount="1" />
				<line num="254"  count="17"  type="stmt" />
				<line num="261"  count="17"  type="cond"  truecount="2"  falsecount="0" />
				<line num="262"  count="2"  type="stmt" />
				<line num="266"  count="6"  type="stmt" />
				<line num="268"  count="16"  type="stmt" />
				<line num="271"  count="2"  type="stmt" />
				<line num="272"  count="9"  type="cond"  truecount="2"  falsecount="0" />
				<line num="273"  count="1"  type="stmt" />
				<line num="274"  count="1"  type="stmt" />
				<line num="280"  count="2"  type="stmt" />
				<line num="281"  count="6"  type="stmt" />
				<line num="282"  count="10"  type="stmt" />
				<line num="283"  count="10"  type="cond"  truecount="2"  falsecount="0" />
				<line num="286"  count="4"  type="stmt" />
				<line num="290"  count="2"  type="stmt" />
				<line num="291"  count="2"  type="stmt" />
				<line num="296"  count="8"  type="stmt" />
				<line num="299"  count="2"  type="stmt" />
				<line num="300"  count="2"  type="stmt" />
				<line num="301"  count="14"  type="cond"  truecount="2"  falsecount="0" />
				<line num="302"  count="4"  type="stmt" />
				<line num="303"  count="4"  type="stmt" />
				<line num="308"  count="10"  type="stmt" />
				<line num="310"  count="40"  type="stmt" />
				<line num="313"  count="2"  type="stmt" />
				<line num="314"  count="2"  type="stmt" />
				<line num="315"  count="18"  type="stmt" />
				<line num="316"  count="18"  type="stmt" />
				<line num="317"  count="18"  type="cond"  truecount="2"  falsecount="0" />
				<line num="318"  count="2"  type="stmt" />
				<line num="319"  count="2"  type="stmt" />
				<line num="324"  count="16"  type="stmt" />
				<line num="325"  count="13"  type="stmt" />
				<line num="326"  count="13"  type="cond"  truecount="1"  falsecount="1" />
				<line num="327"  count="0"  type="stmt" />
				<line num="329"  count="13"  type="stmt" />
				<line num="336"  count="13"  type="cond"  truecount="2"  falsecount="0" />
				<line num="337"  count="6"  type="stmt" />
				<line num="340"  count="10"  type="stmt" />
				<line num="342"  count="23"  type="stmt" />
				<line num="345"  count="2"  type="stmt" />
				<line num="346"  count="34"  type="cond"  truecount="6"  falsecount="0" />
				<line num="350"  count="8"  type="stmt" />
				<line num="352"  count="2"  type="stmt" />
				<line num="354"  count="23"  type="cond"  truecount="2"  falsecount="0" />
				<line num="355"  count="6"  type="stmt" />
				<line num="357"  count="17"  type="cond"  truecount="4"  falsecount="0" />
				<line num="358"  count="13"  type="stmt" />
				<line num="361"  count="4"  type="stmt" />
				<line num="362"  count="4"  type="cond"  truecount="2"  falsecount="0" />
				<line num="363"  count="2"  type="stmt" />
				<line num="364"  count="2"  type="stmt" />
				<line num="365"  count="2"  type="cond"  truecount="2"  falsecount="0" />
				<line num="366"  count="1"  type="stmt" />
				<line num="367"  count="2"  type="cond"  truecount="1"  falsecount="1" />
				<line num="368"  count="0"  type="stmt" />
				<line num="373"  count="1"  type="stmt" />
				<line num="374"  count="2"  type="stmt" />
				<line num="375"  count="2"  type="cond"  truecount="1"  falsecount="1" />
				<line num="376"  count="2"  type="cond"  truecount="1"  falsecount="1" />
				<line num="377"  count="0"  type="stmt" />
				<line num="383"  count="2"  type="stmt" />
				<line num="386"  count="2"  type="stmt" />
				<line num="388"  count="1"  type="stmt" />
				<line num="393"  count="2"  type="stmt" />
				<line num="394"  count="122"  type="stmt" />
				<line num="395"  count="122"  type="cond"  truecount="2"  falsecount="0" />
				<line num="396"  count="9"  type="stmt" />
				<line num="398"  count="113"  type="cond"  truecount="2"  falsecount="0" />
				<line num="402"  count="3"  type="stmt" />
				<line num="404"  count="110"  type="stmt" />
				<line num="409"  count="2"  type="stmt" />
				<line num="410"  count="12"  type="stmt" />
				<line num="411"  count="12"  type="cond"  truecount="2"  falsecount="0" />
				<line num="412"  count="3"  type="cond"  truecount="2"  falsecount="0" />
				<line num="413"  count="1"  type="stmt" />
				<line num="414"  count="2"  type="cond"  truecount="2"  falsecount="0" />
				<line num="415"  count="1"  type="stmt" />
				<line num="418"  count="10"  type="stmt" />
				<line num="422"  count="2"  type="stmt" />
				<line num="423"  count="9"  type="cond"  truecount="4"  falsecount="0" />
				<line num="424"  count="1"  type="stmt" />
				<line num="426"  count="8"  type="stmt" />
				<line num="429"  count="40"  type="stmt" />
			</file>
		</package>
		<package name="src.isomorphic.deprecated" >
			<metrics statements="150"  coveredstatements="149"  conditionals="54"  coveredconditionals="47"  methods="29"  coveredmethods="29" />
			<file name="OrderedMap.js"  path="/home/rui/Documents/react/src/isomorphic/deprecated/OrderedMap.js" >
				<metrics statements="134"  coveredstatements="133"  conditionals="48"  coveredconditionals="42"  methods="28"  coveredmethods="28" />
				<line num="14"  count="30"  type="stmt" />
				<line num="15"  count="30"  type="stmt" />
				<line num="17"  count="30"  type="stmt" />
				<line num="30"  count="1"  type="stmt" />
				<line num="31"  count="48"  type="stmt" />
				<line num="32"  count="48"  type="stmt" />
				<line num="33"  count="126"  type="stmt" />
				<line num="34"  count="126"  type="stmt" />
				<line num="35"  count="126"  type="stmt" />
				<line num="36"  count="119"  type="stmt" />
				<line num="37"  count="119"  type="stmt" />
				<line num="41"  count="118"  type="stmt" />
				<line num="43"  count="40"  type="stmt" />
				<line num="71"  count="1"  type="stmt" />
				<line num="72"  count="60"  type="stmt" />
				<line num="73"  count="60"  type="stmt" />
				<line num="74"  count="60"  type="stmt" />
				<line num="86"  count="1"  type="stmt" />
				<line num="87"  count="377"  type="stmt" />
				<line num="102"  count="1"  type="stmt" />
				<line num="103"  count="37"  type="stmt" />
				<line num="122"  count="1"  type="stmt" />
				<line num="124"  count="5"  type="stmt" />
				<line num="129"  count="5"  type="stmt" />
				<line num="130"  count="5"  type="stmt" />
				<line num="131"  count="5"  type="stmt" />
				<line num="132"  count="5"  type="stmt" />
				<line num="133"  count="10"  type="cond"  truecount="1"  falsecount="1" />
				<line num="134"  count="10"  type="stmt" />
				<line num="135"  count="10"  type="stmt" />
				<line num="139"  count="5"  type="stmt" />
				<line num="140"  count="9"  type="cond"  truecount="1"  falsecount="1" />
				<line num="142"  count="9"  type="cond"  truecount="2"  falsecount="0" />
				<line num="143"  count="6"  type="stmt" />
				<line num="145"  count="9"  type="stmt" />
				<line num="148"  count="5"  type="stmt" />
				<line num="161"  count="30"  type="stmt" />
				<line num="171"  count="72"  type="stmt" />
				<line num="172"  count="69"  type="stmt" />
				<line num="173"  count="69"  type="stmt" />
				<line num="185"  count="45"  type="stmt" />
				<line num="186"  count="42"  type="stmt" />
				<line num="187"  count="42"  type="cond"  truecount="2"  falsecount="0" />
				<line num="203"  count="7"  type="stmt" />
				<line num="207"  count="5"  type="stmt" />
				<line num="221"  count="1"  type="stmt" />
				<line num="235"  count="15"  type="stmt" />
				<line num="236"  count="15"  type="stmt" />
				<line num="237"  count="15"  type="stmt" />
				<line num="238"  count="15"  type="stmt" />
				<line num="239"  count="11"  type="stmt" />
				<line num="240"  count="11"  type="stmt" />
				<line num="241"  count="29"  type="cond"  truecount="1"  falsecount="1" />
				<line num="242"  count="29"  type="cond"  truecount="2"  falsecount="0" />
				<line num="243"  count="22"  type="cond"  truecount="2"  falsecount="0" />
				<line num="244"  count="5"  type="stmt" />
				<line num="246"  count="17"  type="stmt" />
				<line num="247"  count="17"  type="stmt" />
				<line num="249"  count="24"  type="stmt" />
				<line num="252"  count="11"  type="stmt" />
				<line num="263"  count="1"  type="stmt" />
				<line num="277"  count="8"  type="stmt" />
				<line num="278"  count="8"  type="stmt" />
				<line num="279"  count="8"  type="stmt" />
				<line num="280"  count="7"  type="cond"  truecount="2"  falsecount="0" />
				<line num="281"  count="6"  type="stmt" />
				<line num="282"  count="6"  type="stmt" />
				<line num="283"  count="6"  type="stmt" />
				<line num="286"  count="4"  type="stmt" />
				<line num="290"  count="1"  type="stmt" />
				<line num="294"  count="22"  type="stmt" />
				<line num="295"  count="14"  type="stmt" />
				<line num="296"  count="14"  type="stmt" />
				<line num="297"  count="14"  type="stmt" />
				<line num="298"  count="14"  type="stmt" />
				<line num="299"  count="37"  type="cond"  truecount="1"  falsecount="1" />
				<line num="300"  count="37"  type="cond"  truecount="2"  falsecount="0" />
				<line num="301"  count="29"  type="cond"  truecount="2"  falsecount="0" />
				<line num="302"  count="5"  type="stmt" />
				<line num="304"  count="24"  type="stmt" />
				<line num="305"  count="24"  type="stmt" />
				<line num="307"  count="32"  type="stmt" />
				<line num="319"  count="8"  type="stmt" />
				<line num="320"  count="7"  type="stmt" />
				<line num="321"  count="4"  type="stmt" />
				<line num="325"  count="3"  type="stmt" />
				<line num="329"  count="2"  type="stmt" />
				<line num="333"  count="8"  type="stmt" />
				<line num="334"  count="7"  type="stmt" />
				<line num="335"  count="4"  type="stmt" />
				<line num="339"  count="3"  type="stmt" />
				<line num="344"  count="2"  type="stmt" />
				<line num="353"  count="93"  type="stmt" />
				<line num="354"  count="93"  type="stmt" />
				<line num="355"  count="93"  type="cond"  truecount="2"  falsecount="0" />
				<line num="365"  count="21"  type="stmt" />
				<line num="375"  count="18"  type="stmt" />
				<line num="386"  count="61"  type="stmt" />
				<line num="387"  count="47"  type="stmt" />
				<line num="392"  count="41"  type="stmt" />
				<line num="403"  count="29"  type="stmt" />
				<line num="412"  count="134"  type="stmt" />
				<line num="413"  count="109"  type="stmt" />
				<line num="414"  count="109"  type="stmt" />
				<line num="415"  count="109"  type="stmt" />
				<line num="417"  count="109"  type="cond"  truecount="2"  falsecount="0" />
				<line num="424"  count="1"  type="stmt" />
				<line num="425"  count="1"  type="stmt" />
				<line num="426"  count="1"  type="stmt" />
				<line num="427"  count="3"  type="cond"  truecount="1"  falsecount="1" />
				<line num="428"  count="3"  type="stmt" />
				<line num="431"  count="1"  type="stmt" />
				<line num="447"  count="202"  type="stmt" />
				<line num="448"  count="202"  type="cond"  truecount="2"  falsecount="0" />
				<line num="449"  count="27"  type="stmt" />
				<line num="451"  count="202"  type="stmt" />
				<line num="460"  count="27"  type="stmt" />
				<line num="464"  count="27"  type="stmt" />
				<line num="465"  count="27"  type="stmt" />
				<line num="466"  count="27"  type="stmt" />
				<line num="467"  count="27"  type="stmt" />
				<line num="468"  count="27"  type="stmt" />
				<line num="469"  count="71"  type="cond"  truecount="1"  falsecount="1" />
				<line num="470"  count="71"  type="stmt" />
				<line num="471"  count="71"  type="stmt" />
				<line num="472"  count="71"  type="stmt" />
				<line num="478"  count="30"  type="stmt" />
				<line num="480"  count="30"  type="stmt" />
				<line num="482"  count="1"  type="stmt" />
				<line num="486"  count="0"  type="stmt" />
				<line num="490"  count="58"  type="stmt" />
				<line num="494"  count="49"  type="stmt" />
				<line num="499"  count="48"  type="stmt" />
				<line num="506"  count="30"  type="stmt" />
			</file>
			<file name="cloneWithProps.js"  path="/home/rui/Documents/react/src/isomorphic/deprecated/cloneWithProps.js" >
				<metrics statements="16"  coveredstatements="16"  conditionals="6"  coveredconditionals="5"  methods="1"  coveredmethods="1" />
				<line num="15"  count="9"  type="stmt" />
				<line num="16"  count="9"  type="stmt" />
				<line num="18"  count="9"  type="stmt" />
				<line num="19"  count="9"  type="stmt" />
				<line num="21"  count="9"  type="stmt" />
				<line num="23"  count="9"  type="stmt" />
				<line num="35"  count="1"  type="stmt" />
				<line num="36"  count="10"  type="cond"  truecount="1"  falsecount="1" />
				<line num="37"  count="10"  type="stmt" />
				<line num="42"  count="10"  type="stmt" />
				<line num="43"  count="10"  type="stmt" />
				<line num="51"  count="10"  type="stmt" />
				<line num="54"  count="10"  type="cond"  truecount="4"  falsecount="0" />
				<line num="56"  count="1"  type="stmt" />
				<line num="61"  count="10"  type="stmt" />
				<line num="64"  count="9"  type="stmt" />
			</file>
		</package>
		<package name="src.renderers.dom" >
			<metrics statements="43"  coveredstatements="34"  conditionals="27"  coveredconditionals="13"  methods="2"  coveredmethods="0" />
			<file name="ReactDOM.js"  path="/home/rui/Documents/react/src/renderers/dom/ReactDOM.js" >
				<metrics statements="37"  coveredstatements="28"  conditionals="27"  coveredconditionals="13"  methods="2"  coveredmethods="0" />
				<line num="16"  count="330"  type="stmt" />
				<line num="17"  count="330"  type="stmt" />
				<line num="18"  count="330"  type="stmt" />
				<line num="19"  count="330"  type="stmt" />
				<line num="20"  count="330"  type="stmt" />
				<line num="21"  count="330"  type="stmt" />
				<line num="22"  count="330"  type="stmt" />
				<line num="24"  count="330"  type="stmt" />
				<line num="25"  count="330"  type="stmt" />
				<line num="26"  count="330"  type="stmt" />
				<line num="27"  count="330"  type="stmt" />
				<line num="29"  count="330"  type="stmt" />
				<line num="31"  count="330"  type="stmt" />
				<line num="33"  count="330"  type="stmt" />
				<line num="47"  count="330"  type="cond"  truecount="1"  falsecount="1" />
				<line num="50"  count="0"  type="stmt" />
				<line num="56"  count="0"  type="cond"  truecount="0"  falsecount="2" />
				<line num="57"  count="0"  type="stmt" />
				<line num="59"  count="0"  type="cond"  truecount="0"  falsecount="2" />
				<line num="60"  count="0"  type="stmt" />
				<line num="62"  count="0"  type="stmt" />
				<line num="71"  count="330"  type="cond"  truecount="1"  falsecount="1" />
				<line num="72"  count="330"  type="stmt" />
				<line num="73"  count="330"  type="cond"  truecount="3"  falsecount="1" />
				<line num="76"  count="330"  type="cond"  truecount="1"  falsecount="1" />
				<line num="78"  count="330"  type="cond"  truecount="3"  falsecount="2" />
				<line num="81"  count="0"  type="stmt" />
				<line num="88"  count="330"  type="stmt" />
				<line num="89"  count="330"  type="stmt" />
				<line num="99"  count="330"  type="stmt" />
				<line num="102"  count="330"  type="stmt" />
				<line num="109"  count="330"  type="stmt" />
				<line num="123"  count="330"  type="stmt" />
				<line num="124"  count="3300"  type="cond"  truecount="1"  falsecount="1" />
				<line num="125"  count="0"  type="stmt" />
				<line num="130"  count="0"  type="stmt" />
				<line num="136"  count="330"  type="stmt" />
			</file>
			<file name="ReactDOMServer.js"  path="/home/rui/Documents/react/src/renderers/dom/ReactDOMServer.js" >
				<metrics statements="6"  coveredstatements="6"  conditionals="0"  coveredconditionals="0"  methods="0"  coveredmethods="0" />
				<line num="14"  count="88"  type="stmt" />
				<line num="15"  count="88"  type="stmt" />
				<line num="16"  count="88"  type="stmt" />
				<line num="18"  count="88"  type="stmt" />
				<line num="20"  count="88"  type="stmt" />
				<line num="26"  count="88"  type="stmt" />
			</file>
		</package>
		<package name="src.renderers.dom.client" >
			<metrics statements="575"  coveredstatements="467"  conditionals="376"  coveredconditionals="251"  methods="70"  coveredmethods="58" />
			<file name="ReactBrowserEventEmitter.js"  path="/home/rui/Documents/react/src/renderers/dom/client/ReactBrowserEventEmitter.js" >
				<metrics statements="58"  coveredstatements="45"  conditionals="32"  coveredconditionals="18"  methods="8"  coveredmethods="6" />
				<line num="15"  count="21"  type="stmt" />
				<line num="16"  count="21"  type="stmt" />
				<line num="17"  count="21"  type="stmt" />
				<line num="18"  count="21"  type="stmt" />
				<line num="20"  count="21"  type="stmt" />
				<line num="21"  count="21"  type="stmt" />
				<line num="78"  count="21"  type="stmt" />
				<line num="79"  count="21"  type="stmt" />
				<line num="80"  count="21"  type="stmt" />
				<line num="85"  count="21"  type="stmt" />
				<line num="151"  count="21"  type="stmt" />
				<line num="153"  count="1"  type="stmt" />
				<line num="156"  count="4"  type="cond"  truecount="2"  falsecount="0" />
				<line num="157"  count="3"  type="stmt" />
				<line num="158"  count="3"  type="stmt" />
				<line num="160"  count="4"  type="stmt" />
				<line num="173"  count="21"  type="stmt" />
				<line num="185"  count="21"  type="stmt" />
				<line num="188"  count="21"  type="stmt" />
				<line num="198"  count="44"  type="cond"  truecount="1"  falsecount="1" />
				<line num="199"  count="44"  type="stmt" />
				<line num="207"  count="21"  type="stmt" />
				<line num="235"  count="4"  type="stmt" />
				<line num="236"  count="4"  type="stmt" />
				<line num="237"  count="4"  type="stmt" />
				<line num="240"  count="4"  type="stmt" />
				<line num="241"  count="4"  type="stmt" />
				<line num="242"  count="11"  type="stmt" />
				<line num="243"  count="11"  type="cond"  truecount="2"  falsecount="0" />
				<line num="247"  count="9"  type="cond"  truecount="1"  falsecount="1" />
				<line num="248"  count="0"  type="cond"  truecount="0"  falsecount="2" />
				<line num="249"  count="0"  type="stmt" />
				<line num="254"  count="0"  type="cond"  truecount="0"  falsecount="2" />
				<line num="255"  count="0"  type="stmt" />
				<line num="263"  count="0"  type="stmt" />
				<line num="269"  count="9"  type="cond"  truecount="1"  falsecount="1" />
				<line num="271"  count="0"  type="cond"  truecount="0"  falsecount="2" />
				<line num="272"  count="0"  type="stmt" />
				<line num="278"  count="0"  type="stmt" />
				<line num="284"  count="9"  type="cond"  truecount="4"  falsecount="0" />
				<line num="287"  count="1"  type="cond"  truecount="1"  falsecount="1" />
				<line num="288"  count="1"  type="stmt" />
				<line num="293"  count="1"  type="stmt" />
				<line num="298"  count="0"  type="cond"  truecount="0"  falsecount="2" />
				<line num="301"  count="0"  type="stmt" />
				<line num="306"  count="0"  type="stmt" />
				<line num="314"  count="1"  type="stmt" />
				<line num="315"  count="1"  type="stmt" />
				<line num="316"  count="8"  type="cond"  truecount="1"  falsecount="1" />
				<line num="317"  count="8"  type="stmt" />
				<line num="324"  count="9"  type="stmt" />
				<line num="330"  count="0"  type="stmt" />
				<line num="338"  count="0"  type="stmt" />
				<line num="354"  count="21"  type="cond"  truecount="1"  falsecount="1" />
				<line num="355"  count="21"  type="stmt" />
				<line num="356"  count="21"  type="stmt" />
				<line num="357"  count="21"  type="stmt" />
				<line num="363"  count="21"  type="stmt" />
			</file>
			<file name="ReactDOMComponentTree.js"  path="/home/rui/Documents/react/src/renderers/dom/client/ReactDOMComponentTree.js" >
				<metrics statements="73"  coveredstatements="71"  conditionals="26"  coveredconditionals="25"  methods="7"  coveredmethods="7" />
				<line num="14"  count="95"  type="stmt" />
				<line num="15"  count="95"  type="stmt" />
				<line num="17"  count="95"  type="stmt" />
				<line num="19"  count="95"  type="stmt" />
				<line num="20"  count="95"  type="stmt" />
				<line num="22"  count="95"  type="stmt" />
				<line num="32"  count="8"  type="stmt" />
				<line num="33"  count="662"  type="stmt" />
				<line num="34"  count="662"  type="stmt" />
				<line num="35"  count="353"  type="stmt" />
				<line num="37"  count="662"  type="stmt" />
				<line num="44"  count="8"  type="stmt" />
				<line num="45"  count="410"  type="stmt" />
				<line num="46"  count="410"  type="stmt" />
				<line num="47"  count="410"  type="stmt" />
				<line num="50"  count="8"  type="stmt" />
				<line num="51"  count="17"  type="stmt" />
				<line num="52"  count="17"  type="cond"  truecount="2"  falsecount="0" />
				<line num="53"  count="9"  type="stmt" />
				<line num="54"  count="9"  type="stmt" />
				<line num="69"  count="8"  type="stmt" />
				<line num="70"  count="181"  type="cond"  truecount="2"  falsecount="0" />
				<line num="71"  count="23"  type="stmt" />
				<line num="73"  count="158"  type="stmt" />
				<line num="74"  count="158"  type="stmt" />
				<line num="75"  count="158"  type="stmt" />
				<line num="76"  count="252"  type="cond"  truecount="1"  falsecount="1" />
				<line num="77"  count="0"  type="stmt" />
				<line num="79"  count="252"  type="stmt" />
				<line num="80"  count="252"  type="stmt" />
				<line num="81"  count="252"  type="cond"  truecount="2"  falsecount="0" />
				<line num="83"  count="8"  type="stmt" />
				<line num="86"  count="244"  type="stmt" />
				<line num="87"  count="347"  type="cond"  truecount="4"  falsecount="0" />
				<line num="89"  count="244"  type="stmt" />
				<line num="90"  count="244"  type="stmt" />
				<line num="94"  count="0"  type="stmt" />
				<line num="96"  count="158"  type="stmt" />
				<line num="103"  count="8"  type="stmt" />
				<line num="104"  count="402"  type="cond"  truecount="2"  falsecount="0" />
				<line num="105"  count="349"  type="stmt" />
				<line num="109"  count="53"  type="stmt" />
				<line num="110"  count="53"  type="stmt" />
				<line num="111"  count="80"  type="stmt" />
				<line num="112"  count="80"  type="cond"  truecount="2"  falsecount="0" />
				<line num="113"  count="38"  type="stmt" />
				<line num="117"  count="42"  type="stmt" />
				<line num="121"  count="11"  type="stmt" />
				<line num="122"  count="11"  type="stmt" />
				<line num="123"  count="11"  type="cond"  truecount="2"  falsecount="0" />
				<line num="124"  count="15"  type="stmt" />
				<line num="125"  count="15"  type="cond"  truecount="2"  falsecount="0" />
				<line num="126"  count="11"  type="stmt" />
				<line num="130"  count="11"  type="stmt" />
				<line num="137"  count="8"  type="stmt" />
				<line num="138"  count="366"  type="stmt" />
				<line num="139"  count="366"  type="cond"  truecount="4"  falsecount="0" />
				<line num="140"  count="339"  type="stmt" />
				<line num="142"  count="27"  type="stmt" />
				<line num="150"  count="8"  type="stmt" />
				<line num="153"  count="603"  type="stmt" />
				<line num="158"  count="603"  type="cond"  truecount="2"  falsecount="0" />
				<line num="159"  count="543"  type="stmt" />
				<line num="163"  count="60"  type="stmt" />
				<line num="164"  count="60"  type="stmt" />
				<line num="165"  count="123"  type="stmt" />
				<line num="166"  count="123"  type="stmt" />
				<line num="170"  count="123"  type="stmt" />
				<line num="175"  count="60"  type="stmt" />
				<line num="176"  count="123"  type="stmt" />
				<line num="179"  count="60"  type="stmt" />
				<line num="182"  count="95"  type="stmt" />
				<line num="191"  count="95"  type="stmt" />
			</file>
			<file name="ReactDOMIDOperations.js"  path="/home/rui/Documents/react/src/renderers/dom/client/ReactDOMIDOperations.js" >
				<metrics statements="11"  coveredstatements="11"  conditionals="0"  coveredconditionals="0"  methods="1"  coveredmethods="1" />
				<line num="15"  count="1"  type="stmt" />
				<line num="16"  count="1"  type="stmt" />
				<line num="17"  count="1"  type="stmt" />
				<line num="22"  count="1"  type="stmt" />
				<line num="32"  count="1"  type="stmt" />
				<line num="33"  count="1"  type="stmt" />
				<line num="34"  count="1"  type="stmt" />
				<line num="35"  count="1"  type="stmt" />
				<line num="37"  count="1"  type="stmt" />
				<line num="41"  count="1"  type="stmt" />
				<line num="45"  count="1"  type="stmt" />
			</file>
			<file name="ReactDOMTreeTraversal.js"  path="/home/rui/Documents/react/src/renderers/dom/client/ReactDOMTreeTraversal.js" >
				<metrics statements="60"  coveredstatements="48"  conditionals="12"  coveredconditionals="10"  methods="5"  coveredmethods="3" />
				<line num="14"  count="1"  type="stmt" />
				<line num="20"  count="1"  type="stmt" />
				<line num="21"  count="10"  type="stmt" />
				<line num="22"  count="10"  type="stmt" />
				<line num="24"  count="10"  type="stmt" />
				<line num="25"  count="10"  type="stmt" />
				<line num="26"  count="37"  type="stmt" />
				<line num="28"  count="10"  type="stmt" />
				<line num="29"  count="10"  type="stmt" />
				<line num="30"  count="31"  type="stmt" />
				<line num="34"  count="10"  type="stmt" />
				<line num="35"  count="6"  type="stmt" />
				<line num="36"  count="6"  type="stmt" />
				<line num="40"  count="10"  type="stmt" />
				<line num="41"  count="0"  type="stmt" />
				<line num="42"  count="0"  type="stmt" />
				<line num="46"  count="10"  type="stmt" />
				<line num="47"  count="10"  type="stmt" />
				<line num="48"  count="15"  type="cond"  truecount="2"  falsecount="0" />
				<line num="49"  count="10"  type="stmt" />
				<line num="51"  count="5"  type="stmt" />
				<line num="52"  count="5"  type="stmt" />
				<line num="54"  count="0"  type="stmt" />
				<line num="60"  count="1"  type="stmt" />
				<line num="61"  count="0"  type="stmt" />
				<line num="62"  count="0"  type="stmt" />
				<line num="64"  count="0"  type="stmt" />
				<line num="65"  count="0"  type="cond"  truecount="0"  falsecount="2" />
				<line num="66"  count="0"  type="stmt" />
				<line num="68"  count="0"  type="stmt" />
				<line num="70"  count="0"  type="stmt" />
				<line num="76"  count="1"  type="stmt" />
				<line num="77"  count="0"  type="stmt" />
				<line num="79"  count="0"  type="stmt" />
				<line num="85"  count="1"  type="stmt" />
				<line num="86"  count="3"  type="stmt" />
				<line num="87"  count="3"  type="stmt" />
				<line num="88"  count="5"  type="stmt" />
				<line num="89"  count="5"  type="stmt" />
				<line num="91"  count="3"  type="stmt" />
				<line num="92"  count="3"  type="stmt" />
				<line num="93"  count="5"  type="stmt" />
				<line num="95"  count="3"  type="stmt" />
				<line num="96"  count="5"  type="stmt" />
				<line num="107"  count="1"  type="stmt" />
				<line num="108"  count="8"  type="cond"  truecount="4"  falsecount="0" />
				<line num="109"  count="8"  type="stmt" />
				<line num="110"  count="8"  type="cond"  truecount="2"  falsecount="0" />
				<line num="111"  count="8"  type="stmt" />
				<line num="112"  count="8"  type="stmt" />
				<line num="114"  count="8"  type="stmt" />
				<line num="115"  count="8"  type="cond"  truecount="2"  falsecount="0" />
				<line num="116"  count="5"  type="stmt" />
				<line num="117"  count="5"  type="stmt" />
				<line num="119"  count="8"  type="stmt" />
				<line num="120"  count="8"  type="stmt" />
				<line num="121"  count="8"  type="stmt" />
				<line num="123"  count="8"  type="stmt" />
				<line num="124"  count="5"  type="stmt" />
				<line num="128"  count="1"  type="stmt" />
			</file>
			<file name="ReactEventListener.js"  path="/home/rui/Documents/react/src/renderers/dom/client/ReactEventListener.js" >
				<metrics statements="57"  coveredstatements="46"  conditionals="10"  coveredconditionals="4"  methods="12"  coveredmethods="9" />
				<line num="15"  count="6"  type="stmt" />
				<line num="16"  count="6"  type="stmt" />
				<line num="17"  count="6"  type="stmt" />
				<line num="18"  count="6"  type="stmt" />
				<line num="19"  count="6"  type="stmt" />
				<line num="21"  count="6"  type="stmt" />
				<line num="22"  count="6"  type="stmt" />
				<line num="23"  count="6"  type="stmt" />
				<line num="30"  count="1"  type="stmt" />
				<line num="34"  count="10"  type="stmt" />
				<line num="35"  count="2"  type="stmt" />
				<line num="37"  count="10"  type="stmt" />
				<line num="38"  count="10"  type="stmt" />
				<line num="39"  count="10"  type="stmt" />
				<line num="43"  count="1"  type="stmt" />
				<line num="44"  count="6"  type="stmt" />
				<line num="45"  count="6"  type="stmt" />
				<line num="46"  count="6"  type="stmt" />
				<line num="48"  count="6"  type="stmt" />
				<line num="50"  count="6"  type="stmt" />
				<line num="51"  count="6"  type="stmt" />
				<line num="52"  count="6"  type="stmt" />
				<line num="55"  count="6"  type="stmt" />
				<line num="60"  count="1"  type="stmt" />
				<line num="61"  count="6"  type="stmt" />
				<line num="62"  count="6"  type="stmt" />
				<line num="70"  count="6"  type="stmt" />
				<line num="71"  count="6"  type="stmt" />
				<line num="72"  count="11"  type="stmt" />
				<line num="73"  count="11"  type="cond"  truecount="2"  falsecount="0" />
				<line num="76"  count="6"  type="stmt" />
				<line num="77"  count="11"  type="stmt" />
				<line num="78"  count="11"  type="stmt" />
				<line num="87"  count="1"  type="stmt" />
				<line num="88"  count="0"  type="stmt" />
				<line num="89"  count="0"  type="stmt" />
				<line num="92"  count="6"  type="stmt" />
				<line num="99"  count="6"  type="stmt" />
				<line num="103"  count="24"  type="stmt" />
				<line num="107"  count="12"  type="stmt" />
				<line num="122"  count="0"  type="stmt" />
				<line num="123"  count="0"  type="cond"  truecount="0"  falsecount="2" />
				<line num="124"  count="0"  type="stmt" />
				<line num="126"  count="0"  type="stmt" />
				<line num="144"  count="0"  type="stmt" />
				<line num="145"  count="0"  type="cond"  truecount="0"  falsecount="2" />
				<line num="146"  count="0"  type="stmt" />
				<line num="148"  count="0"  type="stmt" />
				<line num="156"  count="6"  type="stmt" />
				<line num="157"  count="6"  type="stmt" />
				<line num="161"  count="6"  type="cond"  truecount="1"  falsecount="1" />
				<line num="162"  count="0"  type="stmt" />
				<line num="165"  count="6"  type="stmt" />
				<line num="169"  count="6"  type="stmt" />
				<line num="172"  count="6"  type="stmt" />
				<line num="174"  count="6"  type="stmt" />
				<line num="179"  count="6"  type="stmt" />
			</file>
			<file name="ReactMount.js"  path="/home/rui/Documents/react/src/renderers/dom/client/ReactMount.js" >
				<metrics statements="170"  coveredstatements="151"  conditionals="105"  coveredconditionals="77"  methods="21"  coveredmethods="20" />
				<line num="14"  count="13"  type="stmt" />
				<line num="15"  count="13"  type="stmt" />
				<line num="16"  count="13"  type="stmt" />
				<line num="17"  count="13"  type="stmt" />
				<line num="18"  count="13"  type="stmt" />
				<line num="19"  count="13"  type="stmt" />
				<line num="20"  count="13"  type="stmt" />
				<line num="21"  count="13"  type="stmt" />
				<line num="22"  count="13"  type="stmt" />
				<line num="23"  count="13"  type="stmt" />
				<line num="24"  count="13"  type="stmt" />
				<line num="25"  count="13"  type="stmt" />
				<line num="26"  count="13"  type="stmt" />
				<line num="28"  count="13"  type="stmt" />
				<line num="29"  count="13"  type="stmt" />
				<line num="30"  count="13"  type="stmt" />
				<line num="31"  count="13"  type="stmt" />
				<line num="32"  count="13"  type="stmt" />
				<line num="33"  count="13"  type="stmt" />
				<line num="35"  count="13"  type="stmt" />
				<line num="36"  count="13"  type="stmt" />
				<line num="38"  count="13"  type="stmt" />
				<line num="39"  count="13"  type="stmt" />
				<line num="40"  count="13"  type="stmt" />
				<line num="42"  count="13"  type="stmt" />
				<line num="50"  count="1"  type="stmt" />
				<line num="51"  count="1"  type="stmt" />
				<line num="52"  count="1"  type="stmt" />
				<line num="53"  count="85"  type="cond"  truecount="2"  falsecount="0" />
				<line num="54"  count="1"  type="stmt" />
				<line num="57"  count="0"  type="cond"  truecount="0"  falsecount="2" />
				<line num="65"  count="1"  type="stmt" />
				<line num="66"  count="62"  type="cond"  truecount="1"  falsecount="1" />
				<line num="67"  count="0"  type="stmt" />
				<line num="70"  count="62"  type="cond"  truecount="1"  falsecount="1" />
				<line num="71"  count="0"  type="stmt" />
				<line num="73"  count="62"  type="stmt" />
				<line num="77"  count="1"  type="stmt" />
				<line num="81"  count="9"  type="cond"  truecount="3"  falsecount="0" />
				<line num="92"  count="1"  type="stmt" />
				<line num="99"  count="17"  type="stmt" />
				<line num="106"  count="17"  type="stmt" />
				<line num="107"  count="17"  type="stmt" />
				<line num="123"  count="1"  type="stmt" />
				<line num="129"  count="17"  type="stmt" />
				<line num="133"  count="17"  type="stmt" />
				<line num="142"  count="17"  type="stmt" />
				<line num="154"  count="1"  type="stmt" />
				<line num="155"  count="5"  type="stmt" />
				<line num="157"  count="5"  type="cond"  truecount="1"  falsecount="1" />
				<line num="158"  count="0"  type="stmt" />
				<line num="162"  count="5"  type="stmt" />
				<line num="163"  count="5"  type="stmt" />
				<line num="177"  count="1"  type="stmt" />
				<line num="178"  count="17"  type="stmt" />
				<line num="179"  count="17"  type="cond"  truecount="2"  falsecount="0" />
				<line num="180"  count="5"  type="stmt" />
				<line num="181"  count="5"  type="cond"  truecount="2"  falsecount="0" />
				<line num="185"  count="1"  type="stmt" />
				<line num="186"  count="26"  type="stmt" />
				<line num="187"  count="26"  type="stmt" />
				<line num="189"  count="26"  type="stmt" />
				<line num="195"  count="1"  type="stmt" />
				<line num="196"  count="26"  type="stmt" />
				<line num="197"  count="26"  type="cond"  truecount="2"  falsecount="0" />
				<line num="205"  count="13"  type="stmt" />
				<line num="206"  count="13"  type="stmt" />
				<line num="207"  count="17"  type="stmt" />
				<line num="209"  count="13"  type="stmt" />
				<line num="210"  count="13"  type="cond"  truecount="1"  falsecount="1" />
				<line num="211"  count="13"  type="stmt" />
				<line num="213"  count="13"  type="stmt" />
				<line num="215"  count="21"  type="stmt" />
				<line num="236"  count="13"  type="stmt" />
				<line num="254"  count="4"  type="stmt" />
				<line num="269"  count="4"  type="stmt" />
				<line num="270"  count="4"  type="stmt" />
				<line num="271"  count="4"  type="cond"  truecount="2"  falsecount="0" />
				<line num="272"  count="2"  type="stmt" />
				<line num="276"  count="4"  type="stmt" />
				<line num="296"  count="17"  type="stmt" />
				<line num="306"  count="17"  type="stmt" />
				<line num="315"  count="17"  type="stmt" />
				<line num="316"  count="17"  type="stmt" />
				<line num="322"  count="17"  type="stmt" />
				<line num="330"  count="17"  type="stmt" />
				<line num="331"  count="17"  type="stmt" />
				<line num="333"  count="17"  type="stmt" />
				<line num="350"  count="0"  type="stmt" />
				<line num="354"  count="0"  type="stmt" />
				<line num="363"  count="23"  type="stmt" />
				<line num="381"  count="21"  type="stmt" />
				<line num="391"  count="21"  type="stmt" />
				<line num="401"  count="21"  type="stmt" />
				<line num="403"  count="21"  type="cond"  truecount="2"  falsecount="0" />
				<line num="404"  count="8"  type="stmt" />
				<line num="405"  count="8"  type="stmt" />
				<line num="406"  count="8"  type="cond"  truecount="2"  falsecount="0" />
				<line num="407"  count="4"  type="stmt" />
				<line num="408"  count="4"  type="cond"  truecount="2"  falsecount="0" />
				<line num="409"  count="2"  type="stmt" />
				<line num="411"  count="4"  type="stmt" />
				<line num="417"  count="4"  type="stmt" />
				<line num="419"  count="4"  type="stmt" />
				<line num="423"  count="17"  type="stmt" />
				<line num="424"  count="17"  type="stmt" />
				<line num="426"  count="17"  type="stmt" />
				<line num="428"  count="17"  type="cond"  truecount="1"  falsecount="1" />
				<line num="429"  count="17"  type="stmt" />
				<line num="437"  count="17"  type="cond"  truecount="4"  falsecount="0" />
				<line num="438"  count="15"  type="stmt" />
				<line num="439"  count="15"  type="stmt" />
				<line num="440"  count="4"  type="cond"  truecount="2"  falsecount="0" />
				<line num="441"  count="2"  type="stmt" />
				<line num="447"  count="2"  type="stmt" />
				<line num="449"  count="2"  type="stmt" />
				<line num="454"  count="17"  type="stmt" />
				<line num="458"  count="17"  type="stmt" />
				<line num="468"  count="17"  type="cond"  truecount="2"  falsecount="0" />
				<line num="469"  count="3"  type="stmt" />
				<line num="471"  count="17"  type="stmt" />
				<line num="488"  count="23"  type="stmt" />
				<line num="503"  count="6"  type="stmt" />
				<line num="513"  count="6"  type="stmt" />
				<line num="522"  count="5"  type="stmt" />
				<line num="523"  count="5"  type="cond"  truecount="1"  falsecount="1" />
				<line num="526"  count="0"  type="stmt" />
				<line num="529"  count="0"  type="stmt" />
				<line num="532"  count="0"  type="cond"  truecount="0"  falsecount="2" />
				<line num="533"  count="0"  type="stmt" />
				<line num="547"  count="0"  type="stmt" />
				<line num="549"  count="5"  type="stmt" />
				<line num="550"  count="5"  type="stmt" />
				<line num="555"  count="5"  type="stmt" />
				<line num="565"  count="17"  type="stmt" />
				<line num="574"  count="17"  type="cond"  truecount="2"  falsecount="0" />
				<line num="575"  count="2"  type="stmt" />
				<line num="576"  count="2"  type="cond"  truecount="2"  falsecount="0" />
				<line num="577"  count="1"  type="stmt" />
				<line num="578"  count="1"  type="stmt" />
				<line num="580"  count="1"  type="stmt" />
				<line num="583"  count="1"  type="stmt" />
				<line num="585"  count="1"  type="stmt" />
				<line num="586"  count="1"  type="stmt" />
				<line num="591"  count="1"  type="stmt" />
				<line num="592"  count="1"  type="cond"  truecount="1"  falsecount="1" />
				<line num="597"  count="1"  type="stmt" />
				<line num="598"  count="1"  type="cond"  truecount="1"  falsecount="1" />
				<line num="599"  count="1"  type="stmt" />
				<line num="600"  count="1"  type="stmt" />
				<line num="601"  count="1"  type="stmt" />
				<line num="603"  count="0"  type="stmt" />
				<line num="604"  count="0"  type="stmt" />
				<line num="605"  count="0"  type="stmt" />
				<line num="606"  count="0"  type="stmt" />
				<line num="607"  count="0"  type="stmt" />
				<line num="611"  count="1"  type="stmt" />
				<line num="612"  count="1"  type="stmt" />
				<line num="616"  count="1"  type="stmt" />
				<line num="629"  count="1"  type="cond"  truecount="1"  falsecount="1" />
				<line num="630"  count="1"  type="stmt" />
				<line num="646"  count="16"  type="stmt" />
				<line num="654"  count="16"  type="cond"  truecount="1"  falsecount="1" />
				<line num="655"  count="0"  type="stmt" />
				<line num="656"  count="0"  type="stmt" />
				<line num="658"  count="0"  type="stmt" />
				<line num="660"  count="16"  type="stmt" />
				<line num="661"  count="16"  type="stmt" />
				<line num="666"  count="13"  type="stmt" />
				<line num="671"  count="13"  type="stmt" />
			</file>
			<file name="ReactReconcileTransaction.js"  path="/home/rui/Documents/react/src/renderers/dom/client/ReactReconcileTransaction.js" >
				<metrics statements="29"  coveredstatements="29"  conditionals="0"  coveredconditionals="0"  methods="8"  coveredmethods="8" />
				<line num="15"  count="77"  type="stmt" />
				<line num="16"  count="77"  type="stmt" />
				<line num="17"  count="77"  type="stmt" />
				<line num="18"  count="77"  type="stmt" />
				<line num="19"  count="77"  type="stmt" />
				<line num="21"  count="77"  type="stmt" />
				<line num="27"  count="77"  type="stmt" />
				<line num="43"  count="77"  type="stmt" />
				<line num="49"  count="128"  type="stmt" />
				<line num="50"  count="128"  type="stmt" />
				<line num="51"  count="128"  type="stmt" />
				<line num="60"  count="128"  type="stmt" />
				<line num="68"  count="77"  type="stmt" />
				<line num="73"  count="128"  type="stmt" />
				<line num="80"  count="128"  type="stmt" />
				<line num="89"  count="77"  type="stmt" />
				<line num="109"  count="2"  type="stmt" />
				<line num="110"  count="133"  type="stmt" />
				<line num="116"  count="133"  type="stmt" />
				<line num="117"  count="133"  type="stmt" />
				<line num="118"  count="133"  type="stmt" />
				<line num="121"  count="77"  type="stmt" />
				<line num="130"  count="133"  type="stmt" />
				<line num="137"  count="35"  type="stmt" />
				<line num="145"  count="119"  type="stmt" />
				<line num="146"  count="119"  type="stmt" />
				<line num="151"  count="77"  type="stmt" />
				<line num="153"  count="77"  type="stmt" />
				<line num="155"  count="77"  type="stmt" />
			</file>
			<file name="validateDOMNesting.js"  path="/home/rui/Documents/react/src/renderers/dom/client/validateDOMNesting.js" >
				<metrics statements="117"  coveredstatements="66"  conditionals="191"  coveredconditionals="117"  methods="8"  coveredmethods="4" />
				<line num="14"  count="3"  type="stmt" />
				<line num="15"  count="3"  type="stmt" />
				<line num="16"  count="3"  type="stmt" />
				<line num="18"  count="3"  type="stmt" />
				<line num="20"  count="3"  type="cond"  truecount="1"  falsecount="1" />
				<line num="33"  count="3"  type="stmt" />
				<line num="48"  count="3"  type="stmt" />
				<line num="59"  count="3"  type="stmt" />
				<line num="62"  count="3"  type="stmt" />
				<line num="65"  count="3"  type="stmt" />
				<line num="78"  count="3"  type="stmt" />
				<line num="79"  count="45"  type="cond"  truecount="2"  falsecount="0" />
				<line num="80"  count="45"  type="stmt" />
				<line num="82"  count="45"  type="cond"  truecount="2"  falsecount="0" />
				<line num="83"  count="5"  type="stmt" />
				<line num="84"  count="5"  type="stmt" />
				<line num="85"  count="5"  type="stmt" />
				<line num="87"  count="45"  type="cond"  truecount="2"  falsecount="0" />
				<line num="88"  count="6"  type="stmt" />
				<line num="93"  count="45"  type="cond"  truecount="2"  falsecount="0" />
				<line num="97"  count="22"  type="stmt" />
				<line num="98"  count="22"  type="stmt" />
				<line num="101"  count="45"  type="stmt" />
				<line num="103"  count="45"  type="cond"  truecount="2"  falsecount="0" />
				<line num="104"  count="1"  type="stmt" />
				<line num="106"  count="45"  type="cond"  truecount="2"  falsecount="0" />
				<line num="107"  count="3"  type="stmt" />
				<line num="109"  count="45"  type="cond"  truecount="2"  falsecount="0" />
				<line num="110"  count="1"  type="stmt" />
				<line num="112"  count="45"  type="cond"  truecount="1"  falsecount="1" />
				<line num="113"  count="0"  type="stmt" />
				<line num="115"  count="45"  type="cond"  truecount="2"  falsecount="0" />
				<line num="116"  count="5"  type="stmt" />
				<line num="118"  count="45"  type="cond"  truecount="2"  falsecount="0" />
				<line num="119"  count="6"  type="stmt" />
				<line num="121"  count="45"  type="cond"  truecount="4"  falsecount="0" />
				<line num="122"  count="1"  type="stmt" />
				<line num="125"  count="45"  type="stmt" />
				<line num="131"  count="3"  type="stmt" />
				<line num="133"  count="148"  type="cond"  truecount="5"  falsecount="6" />
				<line num="136"  count="0"  type="cond"  truecount="0"  falsecount="3" />
				<line num="138"  count="0"  type="cond"  truecount="0"  falsecount="2" />
				<line num="142"  count="0"  type="stmt" />
				<line num="151"  count="1"  type="stmt" />
				<line num="160"  count="1"  type="stmt" />
				<line num="167"  count="0"  type="cond"  truecount="0"  falsecount="2" />
				<line num="171"  count="2"  type="stmt" />
				<line num="179"  count="0"  type="stmt" />
				<line num="188"  count="0"  type="cond"  truecount="0"  falsecount="2" />
				<line num="194"  count="144"  type="cond"  truecount="17"  falsecount="2" />
				<line num="201"  count="6"  type="stmt" />
				<line num="208"  count="0"  type="stmt" />
				<line num="225"  count="11"  type="stmt" />
				<line num="228"  count="127"  type="stmt" />
				<line num="234"  count="3"  type="stmt" />
				<line num="235"  count="147"  type="cond"  truecount="42"  falsecount="0" />
				<line num="276"  count="57"  type="stmt" />
				<line num="279"  count="3"  type="cond"  truecount="2"  falsecount="0" />
				<line num="282"  count="8"  type="stmt" />
				<line num="286"  count="3"  type="stmt" />
				<line num="289"  count="2"  type="stmt" />
				<line num="294"  count="5"  type="stmt" />
				<line num="297"  count="1"  type="stmt" />
				<line num="300"  count="68"  type="stmt" />
				<line num="307"  count="3"  type="stmt" />
				<line num="308"  count="0"  type="cond"  truecount="0"  falsecount="2" />
				<line num="309"  count="0"  type="stmt" />
				<line num="312"  count="0"  type="stmt" />
				<line num="313"  count="0"  type="stmt" />
				<line num="314"  count="0"  type="stmt" />
				<line num="316"  count="0"  type="stmt" />
				<line num="317"  count="0"  type="stmt" />
				<line num="320"  count="3"  type="stmt" />
				<line num="322"  count="3"  type="stmt" />
				<line num="323"  count="0"  type="cond"  truecount="0"  falsecount="2" />
				<line num="324"  count="0"  type="stmt" />
				<line num="325"  count="0"  type="cond"  truecount="0"  falsecount="2" />
				<line num="327"  count="0"  type="stmt" />
				<line num="329"  count="0"  type="stmt" />
				<line num="331"  count="0"  type="cond"  truecount="0"  falsecount="2" />
				<line num="333"  count="0"  type="cond"  truecount="0"  falsecount="2" />
				<line num="334"  count="0"  type="stmt" />
				<line num="335"  count="0"  type="stmt" />
				<line num="337"  count="0"  type="cond"  truecount="0"  falsecount="2" />
				<line num="338"  count="0"  type="stmt" />
				<line num="341"  count="0"  type="stmt" />
				<line num="342"  count="0"  type="stmt" />
				<line num="344"  count="0"  type="stmt" />
				<line num="345"  count="0"  type="stmt" />
				<line num="347"  count="0"  type="stmt" />
				<line num="348"  count="0"  type="stmt" />
				<line num="349"  count="0"  type="cond"  truecount="0"  falsecount="2" />
				<line num="350"  count="0"  type="stmt" />
				<line num="352"  count="0"  type="stmt" />
				<line num="356"  count="0"  type="stmt" />
				<line num="357"  count="0"  type="stmt" />
				<line num="358"  count="0"  type="cond"  truecount="0"  falsecount="2" />
				<line num="360"  count="0"  type="stmt" />
				<line num="361"  count="0"  type="cond"  truecount="0"  falsecount="2" />
				<line num="363"  count="0"  type="stmt" />
				<line num="377"  count="0"  type="stmt" />
				<line num="379"  count="0"  type="cond"  truecount="0"  falsecount="2" />
				<line num="380"  count="0"  type="stmt" />
				<line num="382"  count="0"  type="stmt" />
				<line num="384"  count="0"  type="cond"  truecount="0"  falsecount="2" />
				<line num="385"  count="0"  type="stmt" />
				<line num="386"  count="0"  type="cond"  truecount="0"  falsecount="4" />
				<line num="387"  count="0"  type="stmt" />
				<line num="391"  count="0"  type="stmt" />
				<line num="401"  count="0"  type="stmt" />
				<line num="413"  count="3"  type="stmt" />
				<line num="416"  count="3"  type="stmt" />
				<line num="417"  count="148"  type="cond"  truecount="2"  falsecount="0" />
				<line num="418"  count="148"  type="stmt" />
				<line num="419"  count="148"  type="cond"  truecount="2"  falsecount="0" />
				<line num="420"  count="148"  type="stmt" />
				<line num="427"  count="3"  type="stmt" />
			</file>
		</package>
		<package name="src.renderers.dom.client.eventPlugins" >
			<metrics statements="256"  coveredstatements="198"  conditionals="169"  coveredconditionals="60"  methods="15"  coveredmethods="14" />
			<file name="EnterLeaveEventPlugin.js"  path="/home/rui/Documents/react/src/renderers/dom/client/eventPlugins/EnterLeaveEventPlugin.js" >
				<metrics statements="42"  coveredstatements="34"  conditionals="27"  coveredconditionals="14"  methods="1"  coveredmethods="1" />
				<line num="15"  count="1"  type="stmt" />
				<line num="16"  count="1"  type="stmt" />
				<line num="17"  count="1"  type="stmt" />
				<line num="18"  count="1"  type="stmt" />
				<line num="20"  count="1"  type="stmt" />
				<line num="22"  count="1"  type="stmt" />
				<line num="24"  count="1"  type="stmt" />
				<line num="41"  count="1"  type="stmt" />
				<line num="58"  count="1"  type="cond"  truecount="4"  falsecount="1" />
				<line num="60"  count="0"  type="stmt" />
				<line num="62"  count="1"  type="cond"  truecount="3"  falsecount="1" />
				<line num="65"  count="0"  type="stmt" />
				<line num="68"  count="1"  type="stmt" />
				<line num="69"  count="1"  type="cond"  truecount="1"  falsecount="1" />
				<line num="71"  count="0"  type="stmt" />
				<line num="74"  count="1"  type="stmt" />
				<line num="75"  count="1"  type="cond"  truecount="1"  falsecount="1" />
				<line num="76"  count="1"  type="cond"  truecount="1"  falsecount="1" />
				<line num="78"  count="0"  type="stmt" />
				<line num="82"  count="1"  type="stmt" />
				<line num="83"  count="1"  type="stmt" />
				<line num="84"  count="1"  type="cond"  truecount="1"  falsecount="1" />
				<line num="85"  count="0"  type="stmt" />
				<line num="86"  count="0"  type="cond"  truecount="0"  falsecount="2" />
				<line num="87"  count="0"  type="cond"  truecount="0"  falsecount="2" />
				<line num="91"  count="1"  type="stmt" />
				<line num="92"  count="1"  type="stmt" />
				<line num="95"  count="1"  type="cond"  truecount="1"  falsecount="1" />
				<line num="97"  count="0"  type="stmt" />
				<line num="100"  count="1"  type="stmt" />
				<line num="102"  count="1"  type="stmt" />
				<line num="105"  count="1"  type="stmt" />
				<line num="111"  count="1"  type="stmt" />
				<line num="112"  count="1"  type="stmt" />
				<line num="113"  count="1"  type="stmt" />
				<line num="115"  count="1"  type="stmt" />
				<line num="121"  count="1"  type="stmt" />
				<line num="122"  count="1"  type="stmt" />
				<line num="123"  count="1"  type="stmt" />
				<line num="125"  count="1"  type="stmt" />
				<line num="127"  count="1"  type="stmt" />
				<line num="132"  count="1"  type="stmt" />
			</file>
			<file name="FallbackCompositionState.js"  path="/home/rui/Documents/react/src/renderers/dom/client/eventPlugins/FallbackCompositionState.js" >
				<metrics statements="34"  coveredstatements="33"  conditionals="10"  coveredconditionals="9"  methods="4"  coveredmethods="4" />
				<line num="15"  count="1"  type="stmt" />
				<line num="17"  count="1"  type="stmt" />
				<line num="18"  count="1"  type="stmt" />
				<line num="31"  count="1"  type="stmt" />
				<line num="32"  count="9"  type="stmt" />
				<line num="33"  count="9"  type="stmt" />
				<line num="34"  count="9"  type="stmt" />
				<line num="37"  count="1"  type="stmt" />
				<line num="39"  count="9"  type="stmt" />
				<line num="40"  count="9"  type="stmt" />
				<line num="41"  count="9"  type="stmt" />
				<line num="50"  count="18"  type="cond"  truecount="2"  falsecount="0" />
				<line num="51"  count="16"  type="stmt" />
				<line num="53"  count="2"  type="stmt" />
				<line num="63"  count="6"  type="cond"  truecount="1"  falsecount="1" />
				<line num="64"  count="0"  type="stmt" />
				<line num="67"  count="6"  type="stmt" />
				<line num="68"  count="6"  type="stmt" />
				<line num="69"  count="6"  type="stmt" />
				<line num="70"  count="6"  type="stmt" />
				<line num="71"  count="6"  type="stmt" />
				<line num="72"  count="6"  type="stmt" />
				<line num="74"  count="6"  type="stmt" />
				<line num="75"  count="31"  type="cond"  truecount="2"  falsecount="0" />
				<line num="76"  count="5"  type="stmt" />
				<line num="80"  count="6"  type="stmt" />
				<line num="81"  count="6"  type="stmt" />
				<line num="82"  count="28"  type="cond"  truecount="2"  falsecount="0" />
				<line num="83"  count="3"  type="stmt" />
[...]
				<line num="283"  count="40"  type="stmt" />
				<line num="290"  count="40"  type="stmt" />
				<line num="291"  count="47"  type="cond"  truecount="2"  falsecount="0" />
				<line num="297"  count="33"  type="stmt" />
				<line num="298"  count="33"  type="stmt" />
				<line num="300"  count="33"  type="stmt" />
				<line num="302"  count="14"  type="stmt" />
				<line num="308"  count="1"  type="stmt" />
			</file>
			<file name="ReactDefaultPerfAnalysis.js"  path="/home/rui/Documents/react/src/test/ReactDefaultPerfAnalysis.js" >
				<metrics statements="86"  coveredstatements="56"  conditionals="38"  coveredconditionals="20"  methods="13"  coveredmethods="8" />
				<line num="14"  count="1"  type="stmt" />
				<line num="17"  count="1"  type="stmt" />
				<line num="18"  count="1"  type="stmt" />
				<line num="31"  count="1"  type="stmt" />
				<line num="36"  count="0"  type="stmt" />
				<line num="37"  count="0"  type="stmt" />
				<line num="38"  count="0"  type="stmt" />
				<line num="39"  count="0"  type="stmt" />
				<line num="41"  count="0"  type="stmt" />
				<line num="44"  count="1"  type="stmt" />
				<line num="45"  count="2"  type="stmt" />
				<line num="46"  count="2"  type="stmt" />
				<line num="47"  count="2"  type="stmt" />
				<line num="48"  count="0"  type="stmt" />
				<line num="49"  count="0"  type="stmt" />
				<line num="57"  count="2"  type="stmt" />
				<line num="60"  count="1"  type="stmt" />
				<line num="61"  count="0"  type="stmt" />
				<line num="62"  count="0"  type="stmt" />
				<line num="64"  count="0"  type="stmt" />
				<line num="65"  count="0"  type="stmt" />
				<line num="66"  count="0"  type="stmt" />
				<line num="72"  count="0"  type="stmt" />
				<line num="73"  count="0"  type="stmt" />
				<line num="75"  count="0"  type="cond"  truecount="0"  falsecount="2" />
				<line num="82"  count="0"  type="cond"  truecount="0"  falsecount="2" />
				<line num="83"  count="0"  type="stmt" />
				<line num="85"  count="0"  type="cond"  truecount="0"  falsecount="2" />
				<line num="86"  count="0"  type="stmt" />
				<line num="88"  count="0"  type="cond"  truecount="0"  falsecount="2" />
				<line num="89"  count="0"  type="stmt" />
				<line num="91"  count="0"  type="cond"  truecount="0"  falsecount="2" />
				<line num="92"  count="0"  type="stmt" />
				<line num="98"  count="0"  type="stmt" />
				<line num="99"  count="0"  type="stmt" />
				<line num="100"  count="0"  type="cond"  truecount="0"  falsecount="2" />
				<line num="101"  count="0"  type="stmt" />
				<line num="105"  count="0"  type="stmt" />
				<line num="106"  count="0"  type="stmt" />
				<line num="109"  count="0"  type="stmt" />
				<line num="112"  count="1"  type="stmt" />
				<line num="113"  count="13"  type="stmt" />
				<line num="114"  count="13"  type="stmt" />
				<line num="116"  count="13"  type="stmt" />
				<line num="117"  count="14"  type="stmt" />
				<line num="118"  count="14"  type="stmt" />
				<line num="123"  count="14"  type="stmt" />
				<line num="125"  count="14"  type="cond"  truecount="1"  falsecount="1" />
				<line num="126"  count="14"  type="stmt" />
				<line num="129"  count="14"  type="stmt" />
				<line num="130"  count="18"  type="cond"  truecount="4"  falsecount="0" />
				<line num="131"  count="14"  type="stmt" />
				<line num="134"  count="4"  type="stmt" />
				<line num="139"  count="4"  type="stmt" />
				<line num="141"  count="4"  type="cond"  truecount="2"  falsecount="0" />
				<line num="147"  count="4"  type="cond"  truecount="1"  falsecount="1" />
				<line num="148"  count="4"  type="stmt" />
				<line num="150"  count="4"  type="cond"  truecount="1"  falsecount="1" />
				<line num="151"  count="4"  type="stmt" />
				<line num="157"  count="13"  type="stmt" />
				<line num="158"  count="13"  type="stmt" />
				<line num="159"  count="3"  type="cond"  truecount="1"  falsecount="1" />
				<line num="160"  count="3"  type="stmt" />
				<line num="164"  count="13"  type="stmt" />
				<line num="165"  count="1"  type="stmt" />
				<line num="168"  count="13"  type="stmt" />
				<line num="171"  count="1"  type="stmt" />
				<line num="175"  count="14"  type="stmt" />
				<line num="176"  count="14"  type="stmt" />
				<line num="177"  count="14"  type="stmt" />
				<line num="178"  count="14"  type="stmt" />
				<line num="179"  count="12"  type="stmt" />
				<line num="181"  count="13"  type="cond"  truecount="2"  falsecount="0" />
				<line num="182"  count="15"  type="stmt" />
				<line num="186"  count="14"  type="stmt" />
				<line num="188"  count="14"  type="stmt" />
				<line num="189"  count="18"  type="stmt" />
				<line num="191"  count="18"  type="cond"  truecount="2"  falsecount="0" />
				<line num="192"  count="11"  type="stmt" />
				<line num="195"  count="18"  type="cond"  truecount="2"  falsecount="0" />
				<line num="196"  count="3"  type="stmt" />
				<line num="198"  count="18"  type="cond"  truecount="4"  falsecount="0" />
				<line num="199"  count="4"  type="stmt" />
				<line num="202"  count="14"  type="stmt" />
				<line num="205"  count="1"  type="stmt" />
				<line num="212"  count="1"  type="stmt" />
			</file>
			<file name="ReactTestUtils.js"  path="/home/rui/Documents/react/src/test/ReactTestUtils.js" >
				<metrics statements="180"  coveredstatements="152"  conditionals="84"  coveredconditionals="52"  methods="52"  coveredmethods="45" />
				<line num="14"  count="319"  type="stmt" />
				<line num="15"  count="319"  type="stmt" />
				<line num="16"  count="319"  type="stmt" />
				<line num="17"  count="319"  type="stmt" />
				<line num="18"  count="319"  type="stmt" />
				<line num="19"  count="319"  type="stmt" />
				<line num="20"  count="319"  type="stmt" />
				<line num="21"  count="319"  type="stmt" />
				<line num="22"  count="319"  type="stmt" />
				<line num="23"  count="319"  type="stmt" />
				<line num="24"  count="319"  type="stmt" />
				<line num="25"  count="319"  type="stmt" />
				<line num="26"  count="319"  type="stmt" />
				<line num="28"  count="319"  type="stmt" />
				<line num="29"  count="319"  type="stmt" />
				<line num="30"  count="319"  type="stmt" />
				<line num="31"  count="319"  type="stmt" />
				<line num="33"  count="319"  type="stmt" />
				<line num="35"  count="49"  type="stmt" />
				<line num="41"  count="49"  type="stmt" />
				<line num="42"  count="124"  type="cond"  truecount="4"  falsecount="0" />
				<line num="43"  count="11"  type="stmt" />
				<line num="45"  count="113"  type="stmt" />
				<line num="46"  count="113"  type="cond"  truecount="2"  falsecount="0" />
				<line num="47"  count="113"  type="stmt" />
				<line num="48"  count="113"  type="cond"  truecount="2"  falsecount="0" />
				<line num="49"  count="72"  type="stmt" />
				<line num="50"  count="72"  type="stmt" />
				<line num="51"  count="72"  type="stmt" />
				<line num="52"  count="60"  type="cond"  truecount="1"  falsecount="1" />
				<line num="53"  count="0"  type="stmt" />
				<line num="55"  count="60"  type="stmt" />
				<line num="62"  count="41"  type="cond"  truecount="1"  falsecount="1" />
				<line num="66"  count="41"  type="stmt" />
				<line num="70"  count="113"  type="stmt" />
				<line num="78"  count="319"  type="stmt" />
				<line num="80"  count="330"  type="stmt" />
				<line num="86"  count="330"  type="stmt" />
				<line num="90"  count="34"  type="stmt" />
				<line num="94"  count="0"  type="stmt" />
				<line num="101"  count="376"  type="cond"  truecount="3"  falsecount="0" />
				<line num="105"  count="0"  type="cond"  truecount="0"  falsecount="3" />
				<line num="111"  count="73"  type="cond"  truecount="2"  falsecount="0" />
				<line num="114"  count="6"  type="stmt" />
				<line num="116"  count="67"  type="cond"  truecount="3"  falsecount="0" />
				<line num="122"  count="16"  type="cond"  truecount="2"  falsecount="0" />
				<line num="123"  count="6"  type="stmt" />
				<line num="125"  count="10"  type="stmt" />
				<line num="126"  count="10"  type="stmt" />
				<line num="130"  count="10"  type="stmt" />
				<line num="134"  count="0"  type="cond"  truecount="0"  falsecount="2" />
				<line num="135"  count="0"  type="stmt" />
				<line num="139"  count="0"  type="stmt" />
				<line num="140"  count="0"  type="stmt" />
				<line num="147"  count="0"  type="stmt" />
				<line num="148"  count="0"  type="stmt" />
				<line num="152"  count="0"  type="cond"  truecount="0"  falsecount="2" />
				<line num="157"  count="0"  type="cond"  truecount="0"  falsecount="2" />
				<line num="158"  count="0"  type="stmt" />
				<line num="160"  count="0"  type="stmt" />
				<line num="161"  count="0"  type="stmt" />
				<line num="165"  count="23"  type="cond"  truecount="1"  falsecount="1" />
				<line num="166"  count="0"  type="stmt" />
				<line num="168"  count="23"  type="stmt" />
				<line num="172"  count="23"  type="stmt" />
				<line num="181"  count="16"  type="cond"  truecount="2"  falsecount="0" />
				<line num="182"  count="13"  type="stmt" />
				<line num="184"  count="16"  type="stmt" />
				<line num="185"  count="87"  type="cond"  truecount="2"  falsecount="0" />
				<line num="186"  count="59"  type="stmt" />
				<line num="187"  count="59"  type="cond"  truecount="1"  falsecount="1" />
				<line num="189"  count="0"  type="cond"  truecount="0"  falsecount="2" />
				<line num="191"  count="59"  type="stmt" />
				<line num="192"  count="59"  type="stmt" />
				<line num="193"  count="63"  type="stmt" />
				<line num="196"  count="28"  type="stmt" />
				<line num="207"  count="4"  type="stmt" />
				<line num="209"  count="4"  type="cond"  truecount="1"  falsecount="1" />
				<line num="210"  count="0"  type="stmt" />
				<line num="215"  count="4"  type="stmt" />
				<line num="225"  count="1"  type="stmt" />
				<line num="226"  count="6"  type="cond"  truecount="2"  falsecount="0" />
				<line num="238"  count="0"  type="stmt" />
				<line num="239"  count="0"  type="cond"  truecount="0"  falsecount="2" />
				<line num="240"  count="0"  type="stmt" />
				<line num="245"  count="0"  type="stmt" />
				<line num="254"  count="5"  type="stmt" />
				<line num="255"  count="16"  type="stmt" />
				<line num="269"  count="2"  type="stmt" />
				<line num="273"  count="2"  type="cond"  truecount="1"  falsecount="1" />
				<line num="274"  count="0"  type="stmt" />
				<line num="279"  count="2"  type="stmt" />
				<line num="296"  count="6"  type="cond"  truecount="3"  falsecount="0" />
				<line num="298"  count="6"  type="stmt" />
				<line num="299"  count="4"  type="stmt" />
				<line num="306"  count="6"  type="stmt" />
				<line num="317"  count="15"  type="stmt" />
				<line num="318"  count="15"  type="stmt" />
				<line num="335"  count="14"  type="stmt" />
				<line num="343"  count="8"  type="stmt" />
				<line num="351"  count="10"  type="stmt" />
				<line num="361"  count="319"  type="stmt" />
				<line num="362"  count="10"  type="stmt" />
				<line num="365"  count="319"  type="stmt" />
				<line num="366"  count="8"  type="stmt" />
				<line num="373"  count="319"  type="stmt" />
				<line num="374"  count="1"  type="cond"  truecount="1"  falsecount="1" />
				<line num="377"  count="319"  type="stmt" />
				<line num="378"  count="10"  type="stmt" />
				<line num="379"  count="10"  type="stmt" />
				<line num="382"  count="319"  type="stmt" />
				<line num="388"  count="1"  type="stmt" />
				<line num="389"  count="1"  type="stmt" />
				<line num="393"  count="1"  type="stmt" />
				<line num="401"  count="319"  type="stmt" />
				<line num="402"  count="319"  type="stmt" />
				<line num="406"  count="10"  type="stmt" />
				<line num="415"  count="319"  type="stmt" />
				<line num="416"  count="12"  type="stmt" />
				<line num="424"  count="11"  type="stmt" />
				<line num="432"  count="10"  type="cond"  truecount="2"  falsecount="0" />
				<line num="433"  count="9"  type="stmt" />
				<line num="435"  count="10"  type="stmt" />
				<line num="436"  count="10"  type="stmt" />
				<line num="437"  count="10"  type="stmt" />
				<line num="440"  count="319"  type="stmt" />
				<line num="441"  count="1"  type="cond"  truecount="1"  falsecount="1" />
				<line num="442"  count="1"  type="stmt" />
				<line num="446"  count="319"  type="stmt" />
				<line num="447"  count="10"  type="cond"  truecount="2"  falsecount="0" />
				<line num="448"  count="1"  type="stmt" />
				<line num="450"  count="9"  type="stmt" />
				<line num="451"  count="9"  type="stmt" />
				<line num="453"  count="9"  type="stmt" />
				<line num="455"  count="9"  type="stmt" />
				<line num="467"  count="49"  type="stmt" />
				<line num="468"  count="22461"  type="stmt" />
				<line num="469"  count="50"  type="stmt" />
				<line num="470"  count="50"  type="stmt" />
				<line num="475"  count="49"  type="cond"  truecount="1"  falsecount="1" />
				<line num="476"  count="49"  type="stmt" />
				<line num="477"  count="0"  type="cond"  truecount="0"  falsecount="2" />
				<line num="478"  count="0"  type="stmt" />
				<line num="481"  count="49"  type="stmt" />
				<line num="484"  count="49"  type="stmt" />
				<line num="485"  count="49"  type="stmt" />
				<line num="488"  count="49"  type="stmt" />
				<line num="494"  count="49"  type="stmt" />
				<line num="496"  count="49"  type="cond"  truecount="2"  falsecount="0" />
				<line num="497"  count="48"  type="stmt" />
				<line num="499"  count="1"  type="stmt" />
				<line num="502"  count="49"  type="stmt" />
				<line num="503"  count="49"  type="stmt" />
				<line num="504"  count="49"  type="stmt" />
				<line num="509"  count="49"  type="stmt" />
				<line num="510"  count="340"  type="stmt" />
				<line num="512"  count="340"  type="stmt" />
				<line num="513"  count="340"  type="stmt" />
				<line num="518"  count="22461"  type="stmt" />
				<line num="523"  count="319"  type="stmt" />
				<line num="524"  count="319"  type="stmt" />
				<line num="525"  count="0"  type="stmt" />
				<line num="526"  count="0"  type="stmt" />
				<line num="528"  count="319"  type="stmt" />
				<line num="529"  count="319"  type="stmt" />
				<line num="530"  count="21"  type="stmt" />
				<line num="531"  count="21"  type="stmt" />
				<line num="534"  count="319"  type="stmt" />
				<line num="552"  count="49"  type="stmt" />
				<line num="553"  count="20416"  type="stmt" />
				<line num="554"  count="14"  type="stmt" />
				<line num="555"  count="14"  type="stmt" />
				<line num="556"  count="14"  type="cond"  truecount="1"  falsecount="1" />
				<line num="557"  count="14"  type="stmt" />
				<line num="562"  count="0"  type="cond"  truecount="0"  falsecount="2" />
				<line num="564"  count="0"  type="stmt" />
				<line num="573"  count="319"  type="stmt" />
				<line num="575"  count="20416"  type="cond"  truecount="1"  falsecount="1" />
				<line num="581"  count="20416"  type="stmt" />
				<line num="585"  count="319"  type="stmt" />
			</file>
			<file name="getTestDocument.js"  path="/home/rui/Documents/react/src/test/getTestDocument.js" >
				<metrics statements="6"  coveredstatements="6"  conditionals="2"  coveredconditionals="2"  methods="1"  coveredmethods="1" />
				<line num="14"  count="3"  type="stmt" />
				<line num="15"  count="18"  type="stmt" />
				<line num="16"  count="18"  type="stmt" />
				<line num="19"  count="18"  type="stmt" />
				<line num="20"  count="18"  type="stmt" />
				<line num="23"  count="9"  type="stmt" />
			</file>
			<file name="reactComponentExpect.js"  path="/home/rui/Documents/react/src/test/reactComponentExpect.js" >
				<metrics statements="80"  coveredstatements="65"  conditionals="24"  coveredconditionals="14"  methods="18"  coveredmethods="15" />
				<line num="15"  count="54"  type="stmt" />
				<line num="16"  count="54"  type="stmt" />
				<line num="18"  count="54"  type="stmt" />
				<line num="19"  count="54"  type="stmt" />
				<line num="21"  count="8"  type="stmt" />
				<line num="22"  count="68"  type="cond"  truecount="1"  falsecount="1" />
				<line num="23"  count="0"  type="stmt" />
				<line num="26"  count="68"  type="cond"  truecount="2"  falsecount="0" />
				<line num="27"  count="34"  type="stmt" />
				<line num="30"  count="34"  type="stmt" />
				<line num="31"  count="34"  type="stmt" />
				<line num="33"  count="34"  type="stmt" />
				<line num="37"  count="34"  type="stmt" />
				<line num="39"  count="34"  type="stmt" />
				<line num="40"  count="34"  type="stmt" />
				<line num="41"  count="34"  type="stmt" />
				<line num="43"  count="34"  type="stmt" />
				<line num="46"  count="8"  type="stmt" />
				<line num="47"  count="60"  type="stmt" />
				<line num="50"  count="54"  type="stmt" />
				<line num="57"  count="119"  type="stmt" />
				<line num="75"  count="24"  type="stmt" />
				<line num="76"  count="24"  type="stmt" />
				<line num="78"  count="24"  type="stmt" />
				<line num="87"  count="2"  type="stmt" />
				<line num="88"  count="2"  type="stmt" />
				<line num="90"  count="2"  type="stmt" />
				<line num="91"  count="3"  type="cond"  truecount="1"  falsecount="1" />
				<line num="92"  count="0"  type="stmt" />
				<line num="94"  count="3"  type="cond"  truecount="1"  falsecount="1" />
				<line num="95"  count="3"  type="cond"  truecount="2"  falsecount="0" />
				<line num="96"  count="2"  type="stmt" />
				<line num="100"  count="0"  type="stmt" />
				<line num="104"  count="1"  type="stmt" />
				<line num="105"  count="1"  type="stmt" />
				<line num="106"  count="1"  type="stmt" />
				<line num="107"  count="1"  type="stmt" />
				<line num="108"  count="1"  type="stmt" />
				<line num="112"  count="3"  type="stmt" />
				<line num="113"  count="3"  type="stmt" />
				<line num="114"  count="3"  type="stmt" />
				<line num="120"  count="0"  type="stmt" />
				<line num="123"  count="0"  type="stmt" />
				<line num="131"  count="30"  type="stmt" />
				<line num="135"  count="30"  type="stmt" />
				<line num="139"  count="6"  type="stmt" />
				<line num="140"  count="6"  type="stmt" />
				<line num="143"  count="6"  type="stmt" />
				<line num="147"  count="1"  type="stmt" />
				<line num="148"  count="1"  type="cond"  truecount="1"  falsecount="1" />
				<line num="149"  count="1"  type="stmt" />
				<line num="150"  count="1"  type="stmt" />
				<line num="154"  count="2"  type="stmt" />
				<line num="155"  count="2"  type="cond"  truecount="1"  falsecount="1" />
				<line num="159"  count="0"  type="stmt" />
				<line num="160"  count="0"  type="stmt" />
				<line num="168"  count="14"  type="stmt" />
				<line num="169"  count="14"  type="stmt" />
				<line num="177"  count="8"  type="stmt" />
				<line num="178"  count="8"  type="stmt" />
				<line num="179"  count="8"  type="stmt" />
				<line num="186"  count="0"  type="stmt" />
				<line num="187"  count="0"  type="stmt" />
				<line num="188"  count="0"  type="cond"  truecount="0"  falsecount="2" />
				<line num="189"  count="0"  type="stmt" />
				<line num="191"  count="0"  type="stmt" />
				<line num="194"  count="0"  type="stmt" />
				<line num="202"  count="3"  type="stmt" />
				<line num="203"  count="3"  type="stmt" />
				<line num="204"  count="3"  type="cond"  truecount="1"  falsecount="1" />
				<line num="205"  count="0"  type="stmt" />
				<line num="207"  count="3"  type="stmt" />
				<line num="210"  count="3"  type="stmt" />
				<line num="218"  count="8"  type="stmt" />
				<line num="219"  count="8"  type="stmt" />
				<line num="220"  count="13"  type="cond"  truecount="1"  falsecount="1" />
				<line num="221"  count="0"  type="stmt" />
				<line num="223"  count="13"  type="stmt" />
				<line num="226"  count="8"  type="stmt" />
				<line num="230"  count="54"  type="stmt" />
			</file>
		</package>
	</project>
</coverage>
