{
"/home/rui/Documents/react/src/React.js":{"path":"/home/rui/Documents/react/src/React.js","s":{"1":404,"2":404,"3":404,"4":404,"5":404,"6":404,"7":404,"8":404,"9":404,"10":404},"b":{},"f":{},"fnMap":{},"statementMap":{"1":{"start":{"line":14,"column":0},"end":{"line":14,"column":35}},"2":{"start":{"line":15,"column":0},"end":{"line":15,"column":47}},"3":{"start":{"line":16,"column":0},"end":{"line":16,"column":49}},"4":{"start":{"line":18,"column":0},"end":{"line":18,"column":38}},"5":{"start":{"line":19,"column":0},"end":{"line":19,"column":39}},"6":{"start":{"line":22,"column":0},"end":{"line":22,"column":15}},"7":{"start":{"line":24,"column":0},"end":{"line":24,"column":31}},"8":{"start":{"line":26,"column":0},"end":{"line":63,"column":42}},"9":{"start":{"line":67,"column":0},"end":{"line":67,"column":62}},"10":{"start":{"line":69,"column":0},"end":{"line":69,"column":23}}},"branchMap":{},"l":{"14":404,"15":404,"16":404,"18":404,"19":404,"22":404,"24":404,"26":404,"67":404,"69":404}},
"/home/rui/Documents/react/src/renderers/dom/ReactDOM.js":{"path":"/home/rui/Documents/react/src/renderers/dom/ReactDOM.js","s":{"1":330,"2":330,"3":330,"4":330,"5":330,"6":330,"7":330,"8":330,"9":330,"10":330,"11":330,"12":330,"13":330,"14":330,"15":330,"16":0,"17":0,"18":0,"19":0,"20":0,"21":0,"22":330,"23":330,"24":330,"25":330,"26":330,"27":0,"28":330,"29":330,"30":330,"31":330,"32":330,"33":330,"34":3300,"35":0,"36":0,"37":330},"b":{"1":[0,330],"2":[330,0],"3":[0,0],"4":[0,0],"5":[330,0],"6":[330,0],"7":[330,330],"8":[330,0],"9":[0,330],"10":[330,0,330],"11":[330,0],"12":[330,0],"13":[0,3300]},"f":{"1":0,"2":0},"fnMap":{"1":{"name":"(anonymous_1)","line":54,"loc":{"start":{"line":54,"column":27},"end":{"line":54,"column":43}}},"2":{"name":"testFn","line":88,"loc":{"start":{"line":88,"column":19},"end":{"line":88,"column":37}}}},"statementMap":{"1":{"start":{"line":16,"column":0},"end":{"line":16,"column":61}},"2":{"start":{"line":17,"column":0},"end":{"line":17,"column":61}},"3":{"start":{"line":18,"column":0},"end":{"line":18,"column":39}},"4":{"start":{"line":19,"column":0},"end":{"line":19,"column":37}},"5":{"start":{"line":20,"column":0},"end":{"line":20,"column":49}},"6":{"start":{"line":21,"column":0},"end":{"line":21,"column":43}},"7":{"start":{"line":22,"column":0},"end":{"line":22,"column":43}},"8":{"start":{"line":24,"column":0},"end":{"line":24,"column":41}},"9":{"start":{"line":25,"column":0},"end":{"line":25,"column":81}},"10":{"start":{"line":26,"column":0},"end":{"line":26,"column":71}},"11":{"start":{"line":27,"column":0},"end":{"line":27,"column":81}},"12":{"start":{"line":29,"column":0},"end":{"line":29,"column":31}},"13":{"start":{"line":31,"column":0},"end":{"line":31,"column":69}},"14":{"start":{"line":33,"column":0},"end":{"line":41,"column":68}},"15":{"start":{"line":47,"column":29},"end":{"line":67,"column":36}},"16":{"start":{"line":50,"column":2},"end":{"line":67,"column":35}},"17":{"start":{"line":56,"column":8},"end":{"line":57,"column":56}},"18":{"start":{"line":57,"column":10},"end":{"line":57,"column":55}},"19":{"start":{"line":59,"column":8},"end":{"line":62,"column":23}},"20":{"start":{"line":60,"column":10},"end":{"line":60,"column":65}},"21":{"start":{"line":62,"column":10},"end":{"line":62,"column":22}},"22":{"start":{"line":71,"column":0},"end":{"line":130,"column":18}},"23":{"start":{"line":72,"column":2},"end":{"line":72,"column":109}},"24":{"start":{"line":73,"column":2},"end":{"line":130,"column":17}},"25":{"start":{"line":76,"column":4},"end":{"line":83,"column":42}},"26":{"start":{"line":78,"column":6},"end":{"line":83,"column":41}},"27":{"start":{"line":81,"column":8},"end":{"line":83,"column":40}},"28":{"start":{"line":88,"column":4},"end":{"line":88,"column":40}},"29":{"start":{"line":89,"column":4},"end":{"line":94,"column":62}},"30":{"start":{"line":99,"column":4},"end":{"line":100,"column":55}},"31":{"start":{"line":102,"column":4},"end":{"line":106,"column":63}},"32":{"start":{"line":109,"column":4},"end":{"line":120,"column":27}},"33":{"start":{"line":123,"column":4},"end":{"line":130,"column":16}},"34":{"start":{"line":124,"column":6},"end":{"line":130,"column":15}},"35":{"start":{"line":125,"column":8},"end":{"line":128,"column":49}},"36":{"start":{"line":130,"column":8},"end":{"line":130,"column":14}},"37":{"start":{"line":136,"column":0},"end":{"line":136,"column":23}}},"branchMap":{"1":{"line":47,"type":"if","locations":[{"start":{"line":47,"column":29},"end":{"line":47,"column":29}},{"start":{"line":47,"column":29},"end":{"line":47,"column":29}}]},"2":{"line":48,"type":"binary-expr","locations":[{"start":{"line":48,"column":0},"end":{"line":48,"column":53}},{"start":{"line":49,"column":0},"end":{"line":49,"column":59}}]},"3":{"line":56,"type":"if","locations":[{"start":{"line":56,"column":8},"end":{"line":56,"column":8}},{"start":{"line":56,"column":8},"end":{"line":56,"column":8}}]},"4":{"line":59,"type":"if","locations":[{"start":{"line":59,"column":8},"end":{"line":59,"column":8}},{"start":{"line":59,"column":8},"end":{"line":59,"column":8}}]},"5":{"line":71,"type":"if","locations":[{"start":{"line":71,"column":0},"end":{"line":71,"column":0}},{"start":{"line":71,"column":0},"end":{"line":71,"column":0}}]},"6":{"line":73,"type":"if","locations":[{"start":{"line":73,"column":2},"end":{"line":73,"column":2}},{"start":{"line":73,"column":2},"end":{"line":73,"column":2}}]},"7":{"line":73,"type":"binary-expr","locations":[{"start":{"line":73,"column":6},"end":{"line":73,"column":36}},{"start":{"line":73,"column":40},"end":{"line":73,"column":66}}]},"8":{"line":76,"type":"if","locations":[{"start":{"line":76,"column":4},"end":{"line":76,"column":4}},{"start":{"line":76,"column":4},"end":{"line":76,"column":4}}]},"9":{"line":78,"type":"if","locations":[{"start":{"line":78,"column":6},"end":{"line":78,"column":6}},{"start":{"line":78,"column":6},"end":{"line":78,"column":6}}]},"10":{"line":78,"type":"binary-expr","locations":[{"start":{"line":78,"column":10},"end":{"line":78,"column":52}},{"start":{"line":79,"column":6},"end":{"line":79,"column":48}},{"start":{"line":80,"column":6},"end":{"line":80,"column":49}}]},"11":{"line":90,"type":"binary-expr","locations":[{"start":{"line":90,"column":5},"end":{"line":90,"column":18}},{"start":{"line":90,"column":22},"end":{"line":90,"column":41}}]},"12":{"line":100,"type":"binary-expr","locations":[{"start":{"line":100,"column":4},"end":{"line":100,"column":25}},{"start":{"line":100,"column":29},"end":{"line":100,"column":54}}]},"13":{"line":124,"type":"if","locations":[{"start":{"line":124,"column":6},"end":{"line":124,"column":6}},{"start":{"line":124,"column":6},"end":{"line":124,"column":6}}]}},"l":{"16":330,"17":330,"18":330,"19":330,"20":330,"21":330,"22":330,"24":330,"25":330,"26":330,"27":330,"29":330,"31":330,"33":330,"47":330,"50":0,"56":0,"57":0,"59":0,"60":0,"62":0,"71":330,"72":330,"73":330,"76":330,"78":330,"81":0,"88":330,"89":330,"99":330,"102":330,"109":330,"123":330,"124":3300,"125":0,"130":0,"136":330}},
"/home/rui/Documents/react/src/test/ReactTestUtils.js":{"path":"/home/rui/Documents/react/src/test/ReactTestUtils.js","s":{"1":319,"2":319,"3":319,"4":319,"5":319,"6":319,"7":319,"8":319,"9":319,"10":319,"11":319,"12":319,"13":319,"14":319,"15":319,"16":319,"17":319,"18":319,"19":49,"20":49,"21":124,"22":11,"23":113,"24":113,"25":113,"26":113,"27":72,"28":72,"29":72,"30":60,"31":0,"32":60,"33":41,"34":41,"35":113,"36":319,"37":330,"38":330,"39":34,"40":0,"41":376,"42":0,"43":73,"44":6,"45":67,"46":16,"47":6,"48":10,"49":10,"50":10,"51":0,"52":0,"53":0,"54":0,"55":0,"56":0,"57":0,"58":0,"59":0,"60":0,"61":0,"62":23,"63":0,"64":23,"65":23,"66":16,"67":13,"68":16,"69":87,"70":59,"71":59,"72":0,"73":59,"74":59,"75":63,"76":28,"77":4,"78":4,"79":0,"80":4,"81":1,"82":6,"83":0,"84":0,"85":0,"86":0,"87":5,"88":16,"89":2,"90":2,"91":0,"92":2,"93":6,"94":6,"95":4,"96":6,"97":15,"98":15,"99":14,"100":8,"101":10,"102":319,"103":10,"104":319,"105":8,"106":319,"107":1,"108":319,"109":10,"110":10,"111":319,"112":1,"113":1,"114":1,"115":319,"116":319,"117":10,"118":319,"119":12,"120":11,"121":10,"122":9,"123":10,"124":10,"125":10,"126":319,"127":1,"128":1,"129":319,"130":10,"131":1,"132":9,"133":9,"134":9,"135":9,"136":49,"137":22461,"138":50,"139":50,"140":49,"141":49,"142":0,"143":0,"144":49,"145":49,"146":49,"147":49,"148":49,"149":49,"150":48,"151":1,"152":49,"153":49,"154":49,"155":49,"156":340,"157":340,"158":340,"159":22461,"160":319,"161":319,"162":0,"163":0,"164":319,"165":319,"166":21,"167":21,"168":319,"169":49,"170":20416,"171":14,"172":14,"173":14,"174":14,"175":0,"176":0,"177":319,"178":20416,"179":20416,"180":319},"b":{"1":[11,113],"2":[124,124],"3":[23,90],"4":[72,41],"5":[0,60],"6":[41,0],"7":[41,41],"8":[0,0],"9":[376,374,235],"10":[0,0,0],"11":[6,67],"12":[67,67,67],"13":[6,10],"14":[0,0],"15":[0,0],"16":[0,0],"17":[0,0],"18":[0,23],"19":[13,3],"20":[59,28],"21":[0,59],"22":[0,0],"23":[0,4],"24":[6,4],"25":[0,0],"26":[0,2],"27":[6,6,6],"28":[8,8,8,1],"29":[1,0],"30":[1,11],"31":[9,1],"32":[1,0],"33":[1,9],"34":[49,0],"35":[0,0],"36":[48,1],"37":[14,0],"38":[0,0],"39":[20416,0]},"f":{"1":63,"2":124,"3":330,"4":34,"5":0,"6":376,"7":0,"8":73,"9":16,"10":0,"11":0,"12":0,"13":23,"14":16,"15":87,"16":63,"17":4,"18":1,"19":6,"20":0,"21":5,"22":16,"23":2,"24":6,"25":4,"26":15,"27":14,"28":8,"29":10,"30":10,"31":8,"32":1,"33":10,"34":10,"35":1,"36":1,"37":2,"38":9,"39":10,"40":1,"41":12,"42":1,"43":10,"44":22461,"45":50,"46":49,"47":340,"48":0,"49":21,"50":20416,"51":14,"52":20416},"fnMap":{"1":{"name":"Event","line":35,"loc":{"start":{"line":35,"column":0},"end":{"line":35,"column":23}}},"2":{"name":"findAllInRenderedTreeInternal","line":41,"loc":{"start":{"line":41,"column":0},"end":{"line":41,"column":51}}},"3":{"name":"(anonymous_3)","line":79,"loc":{"start":{"line":79,"column":22},"end":{"line":79,"column":42}}},"4":{"name":"(anonymous_4)","line":89,"loc":{"start":{"line":89,"column":13},"end":{"line":89,"column":32}}},"5":{"name":"(anonymous_5)","line":93,"loc":{"start":{"line":93,"column":19},"end":{"line":93,"column":59}}},"6":{"name":"(anonymous_6)","line":100,"loc":{"start":{"line":100,"column":18},"end":{"line":100,"column":34}}},"7":{"name":"(anonymous_7)","line":104,"loc":{"start":{"line":104,"column":25},"end":{"line":104,"column":41}}},"8":{"name":"(anonymous_8)","line":110,"loc":{"start":{"line":110,"column":24},"end":{"line":110,"column":40}}},"9":{"name":"(anonymous_9)","line":121,"loc":{"start":{"line":121,"column":32},"end":{"line":121,"column":54}}},"10":{"name":"(anonymous_10)","line":133,"loc":{"start":{"line":133,"column":31},"end":{"line":133,"column":47}}},"11":{"name":"(anonymous_11)","line":146,"loc":{"start":{"line":146,"column":39},"end":{"line":146,"column":61}}},"12":{"name":"(anonymous_12)","line":156,"loc":{"start":{"line":156,"column":40},"end":{"line":156,"column":56}}},"13":{"name":"(anonymous_13)","line":164,"loc":{"start":{"line":164,"column":25},"end":{"line":164,"column":47}}},"14":{"name":"(anonymous_14)","line":180,"loc":{"start":{"line":180,"column":38},"end":{"line":180,"column":66}}},"15":{"name":"(anonymous_15)","line":184,"loc":{"start":{"line":184,"column":54},"end":{"line":184,"column":70}}},"16":{"name":"(anonymous_16)","line":192,"loc":{"start":{"line":192,"column":32},"end":{"line":192,"column":48}}},"17":{"name":"(anonymous_17)","line":206,"loc":{"start":{"line":206,"column":37},"end":{"line":206,"column":64}}},"18":{"name":"(anonymous_18)","line":224,"loc":{"start":{"line":224,"column":36},"end":{"line":224,"column":61}}},"19":{"name":"(anonymous_19)","line":225,"loc":{"start":{"line":225,"column":54},"end":{"line":225,"column":70}}},"20":{"name":"(anonymous_20)","line":237,"loc":{"start":{"line":237,"column":35},"end":{"line":237,"column":60}}},"21":{"name":"(anonymous_21)","line":253,"loc":{"start":{"line":253,"column":34},"end":{"line":253,"column":65}}},"22":{"name":"(anonymous_22)","line":254,"loc":{"start":{"line":254,"column":54},"end":{"line":254,"column":70}}},"23":{"name":"(anonymous_23)","line":268,"loc":{"start":{"line":268,"column":33},"end":{"line":268,"column":64}}},"24":{"name":"(anonymous_24)","line":295,"loc":{"start":{"line":295,"column":17},"end":{"line":295,"column":48}}},"25":{"name":"(anonymous_25)","line":298,"loc":{"start":{"line":298,"column":47},"end":{"line":298,"column":59}}},"26":{"name":"(anonymous_26)","line":316,"loc":{"start":{"line":316,"column":29},"end":{"line":316,"column":76}}},"27":{"name":"(anonymous_27)","line":331,"loc":{"start":{"line":331,"column":37},"end":{"line":334,"column":19}}},"28":{"name":"(anonymous_28)","line":342,"loc":{"start":{"line":342,"column":19},"end":{"line":342,"column":35}}},"29":{"name":"(anonymous_29)","line":350,"loc":{"start":{"line":350,"column":18},"end":{"line":350,"column":30}}},"30":{"name":"(anonymous_30)","line":361,"loc":{"start":{"line":361,"column":27},"end":{"line":361,"column":39}}},"31":{"name":"(anonymous_31)","line":365,"loc":{"start":{"line":365,"column":49},"end":{"line":365,"column":61}}},"32":{"name":"(anonymous_32)","line":373,"loc":{"start":{"line":373,"column":52},"end":{"line":373,"column":64}}},"33":{"name":"(anonymous_33)","line":377,"loc":{"start":{"line":377,"column":28},"end":{"line":377,"column":47}}},"34":{"name":"(anonymous_34)","line":384,"loc":{"start":{"line":384,"column":18},"end":{"line":384,"column":30}}},"35":{"name":"(anonymous_35)","line":387,"loc":{"start":{"line":387,"column":20},"end":{"line":387,"column":39}}},"36":{"name":"(anonymous_36)","line":392,"loc":{"start":{"line":392,"column":17},"end":{"line":392,"column":29}}},"37":{"name":"(anonymous_37)","line":396,"loc":{"start":{"line":396,"column":20},"end":{"line":396,"column":32}}},"38":{"name":"(anonymous_38)","line":401,"loc":{"start":{"line":401,"column":30},"end":{"line":401,"column":42}}},"39":{"name":"(anonymous_39)","line":405,"loc":{"start":{"line":405,"column":30},"end":{"line":405,"column":49}}},"40":{"name":"(anonymous_40)","line":408,"loc":{"start":{"line":408,"column":26},"end":{"line":408,"column":38}}},"41":{"name":"(anonymous_41)","line":415,"loc":{"start":{"line":415,"column":40},"end":{"line":415,"column":68}}},"42":{"name":"(anonymous_42)","line":440,"loc":{"start":{"line":440,"column":41},"end":{"line":440,"column":53}}},"43":{"name":"(anonymous_43)","line":446,"loc":{"start":{"line":446,"column":41},"end":{"line":446,"column":82}}},"44":{"name":"makeSimulator","line":467,"loc":{"start":{"line":467,"column":0},"end":{"line":467,"column":34}}},"45":{"name":"(anonymous_45)","line":468,"loc":{"start":{"line":468,"column":9},"end":{"line":468,"column":50}}},"46":{"name":"(anonymous_46)","line":502,"loc":{"start":{"line":502,"column":32},"end":{"line":502,"column":44}}},"47":{"name":"buildSimulators","line":509,"loc":{"start":{"line":509,"column":0},"end":{"line":509,"column":27}}},"48":{"name":"(anonymous_48)","line":524,"loc":{"start":{"line":524,"column":50},"end":{"line":524,"column":62}}},"49":{"name":"(anonymous_49)","line":529,"loc":{"start":{"line":529,"column":52},"end":{"line":529,"column":64}}},"50":{"name":"makeNativeSimulator","line":552,"loc":{"start":{"line":552,"column":0},"end":{"line":552,"column":40}}},"51":{"name":"(anonymous_51)","line":553,"loc":{"start":{"line":553,"column":9},"end":{"line":553,"column":56}}},"52":{"name":"(anonymous_52)","line":573,"loc":{"start":{"line":573,"column":35},"end":{"line":573,"column":56}}}},"statementMap":{"1":{"start":{"line":14,"column":0},"end":{"line":14,"column":47}},"2":{"start":{"line":15,"column":0},"end":{"line":15,"column":47}},"3":{"start":{"line":16,"column":0},"end":{"line":16,"column":57}},"4":{"start":{"line":17,"column":0},"end":{"line":17,"column":51}},"5":{"start":{"line":18,"column":0},"end":{"line":18,"column":29}},"6":{"start":{"line":19,"column":0},"end":{"line":19,"column":35}},"7":{"start":{"line":20,"column":0},"end":{"line":20,"column":61}},"8":{"start":{"line":21,"column":0},"end":{"line":21,"column":43}},"9":{"start":{"line":22,"column":0},"end":{"line":22,"column":67}},"10":{"start":{"line":23,"column":0},"end":{"line":23,"column":65}},"11":{"start":{"line":24,"column":0},"end":{"line":24,"column":51}},"12":{"start":{"line":25,"column":0},"end":{"line":25,"column":43}},"13":{"start":{"line":26,"column":0},"end":{"line":26,"column":47}},"14":{"start":{"line":28,"column":0},"end":{"line":28,"column":38}},"15":{"start":{"line":29,"column":0},"end":{"line":29,"column":89}},"16":{"start":{"line":30,"column":0},"end":{"line":30,"column":41}},"17":{"start":{"line":31,"column":0},"end":{"line":31,"column":85}},"18":{"start":{"line":33,"column":0},"end":{"line":33,"column":49}},"19":{"start":{"line":35,"column":0},"end":{"line":35,"column":25}},"20":{"start":{"line":41,"column":0},"end":{"line":70,"column":14}},"21":{"start":{"line":42,"column":2},"end":{"line":43,"column":15}},"22":{"start":{"line":43,"column":4},"end":{"line":43,"column":14}},"23":{"start":{"line":45,"column":2},"end":{"line":45,"column":44}},"24":{"start":{"line":46,"column":2},"end":{"line":46,"column":49}},"25":{"start":{"line":47,"column":2},"end":{"line":47,"column":44}},"26":{"start":{"line":48,"column":2},"end":{"line":67,"column":67}},"27":{"start":{"line":49,"column":4},"end":{"line":49,"column":50}},"28":{"start":{"line":50,"column":4},"end":{"line":50,"column":12}},"29":{"start":{"line":51,"column":4},"end":{"line":58,"column":14}},"30":{"start":{"line":52,"column":6},"end":{"line":53,"column":18}},"31":{"start":{"line":53,"column":8},"end":{"line":53,"column":17}},"32":{"start":{"line":55,"column":6},"end":{"line":58,"column":13}},"33":{"start":{"line":62,"column":2},"end":{"line":67,"column":67}},"34":{"start":{"line":66,"column":4},"end":{"line":67,"column":66}},"35":{"start":{"line":70,"column":2},"end":{"line":70,"column":13}},"36":{"start":{"line":78,"column":0},"end":{"line":355,"column":23}},"37":{"start":{"line":80,"column":4},"end":{"line":80,"column":44}},"38":{"start":{"line":86,"column":4},"end":{"line":86,"column":42}},"39":{"start":{"line":90,"column":4},"end":{"line":90,"column":48}},"40":{"start":{"line":94,"column":4},"end":{"line":96,"column":44}},"41":{"start":{"line":101,"column":4},"end":{"line":101,"column":59}},"42":{"start":{"line":105,"column":4},"end":{"line":107,"column":20}},"43":{"start":{"line":111,"column":4},"end":{"line":114,"column":20}},"44":{"start":{"line":114,"column":6},"end":{"line":114,"column":19}},"45":{"start":{"line":116,"column":4},"end":{"line":118,"column":40}},"46":{"start":{"line":122,"column":4},"end":{"line":123,"column":20}},"47":{"start":{"line":123,"column":6},"end":{"line":123,"column":19}},"48":{"start":{"line":125,"column":4},"end":{"line":125,"column":54}},"49":{"start":{"line":126,"column":4},"end":{"line":128,"column":9}},"50":{"start":{"line":130,"column":4},"end":{"line":130,"column":32}},"51":{"start":{"line":134,"column":4},"end":{"line":135,"column":20}},"52":{"start":{"line":135,"column":6},"end":{"line":135,"column":19}},"53":{"start":{"line":139,"column":4},"end":{"line":139,"column":40}},"54":{"start":{"line":140,"column":4},"end":{"line":142,"column":48}},"55":{"start":{"line":147,"column":4},"end":{"line":147,"column":54}},"56":{"start":{"line":148,"column":4},"end":{"line":150,"column":9}},"57":{"start":{"line":152,"column":4},"end":{"line":153,"column":26}},"58":{"start":{"line":157,"column":4},"end":{"line":158,"column":19}},"59":{"start":{"line":158,"column":6},"end":{"line":158,"column":18}},"60":{"start":{"line":160,"column":4},"end":{"line":160,"column":54}},"61":{"start":{"line":161,"column":4},"end":{"line":161,"column":67}},"62":{"start":{"line":165,"column":4},"end":{"line":166,"column":17}},"63":{"start":{"line":166,"column":6},"end":{"line":166,"column":16}},"64":{"start":{"line":168,"column":4},"end":{"line":170,"column":74}},"65":{"start":{"line":172,"column":4},"end":{"line":172,"column":75}},"66":{"start":{"line":181,"column":4},"end":{"line":182,"column":44}},"67":{"start":{"line":182,"column":6},"end":{"line":182,"column":43}},"68":{"start":{"line":184,"column":4},"end":{"line":196,"column":22}},"69":{"start":{"line":185,"column":6},"end":{"line":193,"column":52}},"70":{"start":{"line":186,"column":8},"end":{"line":186,"column":39}},"71":{"start":{"line":187,"column":8},"end":{"line":189,"column":56}},"72":{"start":{"line":189,"column":10},"end":{"line":189,"column":55}},"73":{"start":{"line":191,"column":8},"end":{"line":191,"column":47}},"74":{"start":{"line":192,"column":8},"end":{"line":193,"column":51}},"75":{"start":{"line":193,"column":10},"end":{"line":193,"column":48}},"76":{"start":{"line":196,"column":6},"end":{"line":196,"column":19}},"77":{"start":{"line":207,"column":4},"end":{"line":208,"column":71}},"78":{"start":{"line":209,"column":4},"end":{"line":212,"column":33}},"79":{"start":{"line":210,"column":6},"end":{"line":212,"column":32}},"80":{"start":{"line":215,"column":4},"end":{"line":215,"column":18}},"81":{"start":{"line":225,"column":4},"end":{"line":227,"column":62}},"82":{"start":{"line":226,"column":6},"end":{"line":227,"column":59}},"83":{"start":{"line":238,"column":4},"end":{"line":238,"column":77}},"84":{"start":{"line":239,"column":4},"end":{"line":242,"column":29}},"85":{"start":{"line":240,"column":6},"end":{"line":242,"column":28}},"86":{"start":{"line":245,"column":4},"end":{"line":245,"column":18}},"87":{"start":{"line":254,"column":4},"end":{"line":257,"column":24}},"88":{"start":{"line":255,"column":6},"end":{"line":257,"column":21}},"89":{"start":{"line":269,"column":4},"end":{"line":271,"column":19}},"90":{"start":{"line":273,"column":4},"end":{"line":276,"column":45}},"91":{"start":{"line":274,"column":6},"end":{"line":276,"column":44}},"92":{"start":{"line":279,"column":4},"end":{"line":279,"column":18}},"93":{"start":{"line":296,"column":4},"end":{"line":296,"column":61}},"94":{"start":{"line":298,"column":4},"end":{"line":302,"column":30}},"95":{"start":{"line":299,"column":6},"end":{"line":302,"column":27}},"96":{"start":{"line":306,"column":4},"end":{"line":306,"column":16}},"97":{"start":{"line":317,"column":4},"end":{"line":317,"column":34}},"98":{"start":{"line":318,"column":4},"end":{"line":320,"column":21}},"99":{"start":{"line":335,"column":4},"end":{"line":338,"column":21}},"100":{"start":{"line":343,"column":4},"end":{"line":345,"column":32}},"101":{"start":{"line":351,"column":4},"end":{"line":351,"column":38}},"102":{"start":{"line":361,"column":0},"end":{"line":362,"column":26}},"103":{"start":{"line":362,"column":2},"end":{"line":362,"column":24}},"104":{"start":{"line":365,"column":0},"end":{"line":369,"column":12}},"105":{"start":{"line":366,"column":2},"end":{"line":369,"column":10}},"106":{"start":{"line":373,"column":0},"end":{"line":374,"column":60}},"107":{"start":{"line":374,"column":2},"end":{"line":374,"column":58}},"108":{"start":{"line":377,"column":0},"end":{"line":379,"column":35}},"109":{"start":{"line":378,"column":2},"end":{"line":378,"column":33}},"110":{"start":{"line":379,"column":2},"end":{"line":379,"column":33}},"111":{"start":{"line":382,"column":0},"end":{"line":396,"column":37}},"112":{"start":{"line":388,"column":4},"end":{"line":388,"column":35}},"113":{"start":{"line":389,"column":4},"end":{"line":389,"column":35}},"114":{"start":{"line":393,"column":4},"end":{"line":393,"column":21}},"115":{"start":{"line":401,"column":0},"end":{"line":401,"column":45}},"116":{"start":{"line":402,"column":0},"end":{"line":411,"column":52}},"117":{"start":{"line":406,"column":4},"end":{"line":406,"column":46}},"118":{"start":{"line":415,"column":0},"end":{"line":437,"column":64}},"119":{"start":{"line":416,"column":2},"end":{"line":422,"column":6}},"120":{"start":{"line":424,"column":2},"end":{"line":429,"column":16}},"121":{"start":{"line":432,"column":2},"end":{"line":433,"column":27}},"122":{"start":{"line":433,"column":4},"end":{"line":433,"column":26}},"123":{"start":{"line":435,"column":2},"end":{"line":435,"column":75}},"124":{"start":{"line":436,"column":2},"end":{"line":436,"column":46}},"125":{"start":{"line":437,"column":2},"end":{"line":437,"column":62}},"126":{"start":{"line":440,"column":0},"end":{"line":442,"column":41}},"127":{"start":{"line":441,"column":2},"end":{"line":442,"column":39}},"128":{"start":{"line":442,"column":4},"end":{"line":442,"column":38}},"129":{"start":{"line":446,"column":0},"end":{"line":455,"column":33}},"130":{"start":{"line":447,"column":2},"end":{"line":455,"column":31}},"131":{"start":{"line":448,"column":4},"end":{"line":448,"column":67}},"132":{"start":{"line":450,"column":4},"end":{"line":450,"column":61}},"133":{"start":{"line":451,"column":4},"end":{"line":451,"column":32}},"134":{"start":{"line":453,"column":4},"end":{"line":453,"column":62}},"135":{"start":{"line":455,"column":4},"end":{"line":455,"column":30}},"136":{"start":{"line":467,"column":0},"end":{"line":504,"column":51}},"137":{"start":{"line":468,"column":2},"end":{"line":504,"column":50}},"138":{"start":{"line":469,"column":4},"end":{"line":469,"column":13}},"139":{"start":{"line":470,"column":4},"end":{"line":473,"column":76}},"140":{"start":{"line":475,"column":4},"end":{"line":478,"column":33}},"141":{"start":{"line":476,"column":6},"end":{"line":476,"column":45}},"142":{"start":{"line":477,"column":4},"end":{"line":478,"column":33}},"143":{"start":{"line":478,"column":6},"end":{"line":478,"column":32}},"144":{"start":{"line":481,"column":4},"end":{"line":482,"column":60}},"145":{"start":{"line":484,"column":4},"end":{"line":484,"column":38}},"146":{"start":{"line":485,"column":4},"end":{"line":485,"column":34}},"147":{"start":{"line":488,"column":4},"end":{"line":492,"column":10}},"148":{"start":{"line":494,"column":4},"end":{"line":494,"column":29}},"149":{"start":{"line":496,"column":4},"end":{"line":499,"column":58}},"150":{"start":{"line":497,"column":6},"end":{"line":497,"column":59}},"151":{"start":{"line":499,"column":6},"end":{"line":499,"column":57}},"152":{"start":{"line":502,"column":4},"end":{"line":504,"column":48}},"153":{"start":{"line":503,"column":6},"end":{"line":503,"column":42}},"154":{"start":{"line":504,"column":6},"end":{"line":504,"column":45}},"155":{"start":{"line":509,"column":0},"end":{"line":518,"column":68}},"156":{"start":{"line":510,"column":2},"end":{"line":510,"column":31}},"157":{"start":{"line":512,"column":2},"end":{"line":512,"column":16}},"158":{"start":{"line":513,"column":2},"end":{"line":518,"column":67}},"159":{"start":{"line":518,"column":4},"end":{"line":518,"column":66}},"160":{"start":{"line":523,"column":0},"end":{"line":523,"column":80}},"161":{"start":{"line":524,"column":0},"end":{"line":526,"column":22}},"162":{"start":{"line":525,"column":2},"end":{"line":525,"column":51}},"163":{"start":{"line":526,"column":2},"end":{"line":526,"column":20}},"164":{"start":{"line":528,"column":0},"end":{"line":528,"column":78}},"165":{"start":{"line":529,"column":0},"end":{"line":531,"column":22}},"166":{"start":{"line":530,"column":2},"end":{"line":530,"column":47}},"167":{"start":{"line":531,"column":2},"end":{"line":531,"column":20}},"168":{"start":{"line":534,"column":0},"end":{"line":534,"column":18}},"169":{"start":{"line":552,"column":0},"end":{"line":567,"column":27}},"170":{"start":{"line":553,"column":2},"end":{"line":567,"column":26}},"171":{"start":{"line":554,"column":4},"end":{"line":554,"column":47}},"172":{"start":{"line":555,"column":4},"end":{"line":555,"column":45}},"173":{"start":{"line":556,"column":4},"end":{"line":567,"column":24}},"174":{"start":{"line":557,"column":6},"end":{"line":560,"column":23}},"175":{"start":{"line":562,"column":4},"end":{"line":567,"column":24}},"176":{"start":{"line":564,"column":6},"end":{"line":567,"column":23}},"177":{"start":{"line":573,"column":0},"end":{"line":582,"column":36}},"178":{"start":{"line":575,"column":2},"end":{"line":576,"column":70}},"179":{"start":{"line":581,"column":2},"end":{"line":582,"column":33}},"180":{"start":{"line":585,"column":0},"end":{"line":585,"column":32}}},"branchMap":{"1":{"line":42,"type":"if","locations":[{"start":{"line":42,"column":2},"end":{"line":42,"column":2}},{"start":{"line":42,"column":2},"end":{"line":42,"column":2}}]},"2":{"line":42,"type":"binary-expr","locations":[{"start":{"line":42,"column":6},"end":{"line":42,"column":11}},{"start":{"line":42,"column":15},"end":{"line":42,"column":38}}]},"3":{"line":46,"type":"cond-expr","locations":[{"start":{"line":46,"column":31},"end":{"line":46,"column":43}},{"start":{"line":46,"column":46},"end":{"line":46,"column":48}}]},"4":{"line":48,"type":"if","locations":[{"start":{"line":48,"column":2},"end":{"line":48,"column":2}},{"start":{"line":48,"column":2},"end":{"line":48,"column":2}}]},"5":{"line":52,"type":"if","locations":[{"start":{"line":52,"column":6},"end":{"line":52,"column":6}},{"start":{"line":52,"column":6},"end":{"line":52,"column":6}}]},"6":{"line":62,"type":"if","locations":[{"start":{"line":62,"column":2},"end":{"line":62,"column":2}},{"start":{"line":62,"column":2},"end":{"line":62,"column":2}}]},"7":{"line":63,"type":"binary-expr","locations":[{"start":{"line":63,"column":2},"end":{"line":63,"column":45}},{"start":{"line":64,"column":2},"end":{"line":64,"column":43}}]},"8":{"line":95,"type":"binary-expr","locations":[{"start":{"line":95,"column":6},"end":{"line":95,"column":39}},{"start":{"line":96,"column":6},"end":{"line":96,"column":42}}]},"9":{"line":101,"type":"binary-expr","locations":[{"start":{"line":101,"column":14},"end":{"line":101,"column":18}},{"start":{"line":101,"column":22},"end":{"line":101,"column":41}},{"start":{"line":101,"column":45},"end":{"line":101,"column":57}}]},"10":{"line":105,"type":"binary-expr","locations":[{"start":{"line":105,"column":14},"end":{"line":105,"column":18}},{"start":{"line":106,"column":4},"end":{"line":106,"column":37}},{"start":{"line":107,"column":4},"end":{"line":107,"column":18}}]},"11":{"line":111,"type":"if","locations":[{"start":{"line":111,"column":4},"end":{"line":111,"column":4}},{"start":{"line":111,"column":4},"end":{"line":111,"column":4}}]},"12":{"line":116,"type":"binary-expr","locations":[{"start":{"line":116,"column":11},"end":{"line":116,"column":23}},{"start":{"line":117,"column":4},"end":{"line":117,"column":37}},{"start":{"line":118,"column":4},"end":{"line":118,"column":39}}]},"13":{"line":122,"type":"if","locations":[{"start":{"line":122,"column":4},"end":{"line":122,"column":4}},{"start":{"line":122,"column":4},"end":{"line":122,"column":4}}]},"14":{"line":134,"type":"if","locations":[{"start":{"line":134,"column":4},"end":{"line":134,"column":4}},{"start":{"line":134,"column":4},"end":{"line":134,"column":4}}]},"15":{"line":141,"type":"binary-expr","locations":[{"start":{"line":141,"column":6},"end":{"line":141,"column":44}},{"start":{"line":142,"column":6},"end":{"line":142,"column":46}}]},"16":{"line":152,"type":"binary-expr","locations":[{"start":{"line":152,"column":14},"end":{"line":152,"column":62}},{"start":{"line":153,"column":4},"end":{"line":153,"column":24}}]},"17":{"line":157,"type":"if","locations":[{"start":{"line":157,"column":4},"end":{"line":157,"column":4}},{"start":{"line":157,"column":4},"end":{"line":157,"column":4}}]},"18":{"line":165,"type":"if","locations":[{"start":{"line":165,"column":4},"end":{"line":165,"column":4}},{"start":{"line":165,"column":4},"end":{"line":165,"column":4}}]},"19":{"line":181,"type":"if","locations":[{"start":{"line":181,"column":4},"end":{"line":181,"column":4}},{"start":{"line":181,"column":4},"end":{"line":181,"column":4}}]},"20":{"line":185,"type":"if","locations":[{"start":{"line":185,"column":6},"end":{"line":185,"column":6}},{"start":{"line":185,"column":6},"end":{"line":185,"column":6}}]},"21":{"line":187,"type":"if","locations":[{"start":{"line":187,"column":8},"end":{"line":187,"column":8}},{"start":{"line":187,"column":8},"end":{"line":187,"column":8}}]},"22":{"line":189,"type":"binary-expr","locations":[{"start":{"line":189,"column":22},"end":{"line":189,"column":48}},{"start":{"line":189,"column":52},"end":{"line":189,"column":54}}]},"23":{"line":209,"type":"if","locations":[{"start":{"line":209,"column":4},"end":{"line":209,"column":4}},{"start":{"line":209,"column":4},"end":{"line":209,"column":4}}]},"24":{"line":226,"type":"binary-expr","locations":[{"start":{"line":226,"column":13},"end":{"line":226,"column":48}},{"start":{"line":227,"column":6},"end":{"line":227,"column":58}}]},"25":{"line":239,"type":"if","locations":[{"start":{"line":239,"column":4},"end":{"line":239,"column":4}},{"start":{"line":239,"column":4},"end":{"line":239,"column":4}}]},"26":{"line":273,"type":"if","locations":[{"start":{"line":273,"column":4},"end":{"line":273,"column":4}},{"start":{"line":273,"column":4},"end":{"line":273,"column":4}}]},"27":{"line":296,"type":"binary-expr","locations":[{"start":{"line":296,"column":18},"end":{"line":296,"column":29}},{"start":{"line":296,"column":33},"end":{"line":296,"column":51}},{"start":{"line":296,"column":55},"end":{"line":296,"column":60}}]},"28":{"line":367,"type":"binary-expr","locations":[{"start":{"line":367,"column":4},"end":{"line":367,"column":18}},{"start":{"line":367,"column":22},"end":{"line":367,"column":55}},{"start":{"line":368,"column":4},"end":{"line":368,"column":53}},{"start":{"line":369,"column":4},"end":{"line":369,"column":8}}]},"29":{"line":374,"type":"cond-expr","locations":[{"start":{"line":374,"column":26},"end":{"line":374,"column":50}},{"start":{"line":374,"column":53},"end":{"line":374,"column":57}}]},"30":{"line":419,"type":"cond-expr","locations":[{"start":{"line":420,"column":2},"end":{"line":421,"column":44}},{"start":{"line":422,"column":2},"end":{"line":422,"column":4}}]},"31":{"line":432,"type":"if","locations":[{"start":{"line":432,"column":2},"end":{"line":432,"column":2}},{"start":{"line":432,"column":2},"end":{"line":432,"column":2}}]},"32":{"line":441,"type":"if","locations":[{"start":{"line":441,"column":2},"end":{"line":441,"column":2}},{"start":{"line":441,"column":2},"end":{"line":441,"column":2}}]},"33":{"line":447,"type":"if","locations":[{"start":{"line":447,"column":2},"end":{"line":447,"column":2}},{"start":{"line":447,"column":2},"end":{"line":447,"column":2}}]},"34":{"line":475,"type":"if","locations":[{"start":{"line":475,"column":4},"end":{"line":475,"column":4}},{"start":{"line":475,"column":4},"end":{"line":475,"column":4}}]},"35":{"line":477,"type":"if","locations":[{"start":{"line":477,"column":4},"end":{"line":477,"column":4}},{"start":{"line":477,"column":4},"end":{"line":477,"column":4}}]},"36":{"line":496,"type":"if","locations":[{"start":{"line":496,"column":4},"end":{"line":496,"column":4}},{"start":{"line":496,"column":4},"end":{"line":496,"column":4}}]},"37":{"line":556,"type":"if","locations":[{"start":{"line":556,"column":4},"end":{"line":556,"column":4}},{"start":{"line":556,"column":4},"end":{"line":556,"column":4}}]},"38":{"line":562,"type":"if","locations":[{"start":{"line":562,"column":4},"end":{"line":562,"column":4}},{"start":{"line":562,"column":4},"end":{"line":562,"column":4}}]},"39":{"line":575,"type":"cond-expr","locations":[{"start":{"line":576,"column":2},"end":{"line":576,"column":57}},{"start":{"line":576,"column":60},"end":{"line":576,"column":69}}]}},"l":{"14":319,"15":319,"16":319,"17":319,"18":319,"19":319,"20":319,"21":319,"22":319,"23":319,"24":319,"25":319,"26":319,"28":319,"29":319,"30":319,"31":319,"33":319,"35":49,"41":49,"42":124,"43":11,"45":113,"46":113,"47":113,"48":113,"49":72,"50":72,"51":72,"52":60,"53":0,"55":60,"62":41,"66":41,"70":113,"78":319,"80":330,"86":330,"90":34,"94":0,"101":376,"105":0,"111":73,"114":6,"116":67,"122":16,"123":6,"125":10,"126":10,"130":10,"134":0,"135":0,"139":0,"140":0,"147":0,"148":0,"152":0,"157":0,"158":0,"160":0,"161":0,"165":23,"166":0,"168":23,"172":23,"181":16,"182":13,"184":16,"185":87,"186":59,"187":59,"189":0,"191":59,"192":59,"193":63,"196":28,"207":4,"209":4,"210":0,"215":4,"225":1,"226":6,"238":0,"239":0,"240":0,"245":0,"254":5,"255":16,"269":2,"273":2,"274":0,"279":2,"296":6,"298":6,"299":4,"306":6,"317":15,"318":15,"335":14,"343":8,"351":10,"361":319,"362":10,"365":319,"366":8,"373":319,"374":1,"377":319,"378":10,"379":10,"382":319,"388":1,"389":1,"393":1,"401":319,"402":319,"406":10,"415":319,"416":12,"424":11,"432":10,"433":9,"435":10,"436":10,"437":10,"440":319,"441":1,"442":1,"446":319,"447":10,"448":1,"450":9,"451":9,"453":9,"455":9,"467":49,"468":22461,"469":50,"470":50,"475":49,"476":49,"477":0,"478":0,"481":49,"484":49,"485":49,"488":49,"494":49,"496":49,"497":48,"499":1,"502":49,"503":49,"504":49,"509":49,"510":340,"512":340,"513":340,"518":22461,"523":319,"524":319,"525":0,"526":0,"528":319,"529":319,"530":21,"531":21,"534":319,"552":49,"553":20416,"554":14,"555":14,"556":14,"557":14,"562":0,"564":0,"573":319,"575":20416,"581":20416,"585":319}},
"/home/rui/Documents/react/src/test/reactComponentExpect.js":{"path":"/home/rui/Documents/react/src/test/reactComponentExpect.js","s":{"1":54,"2":54,"3":54,"4":54,"5":8,"6":68,"7":0,"8":68,"9":34,"10":34,"11":34,"12":34,"13":34,"14":34,"15":34,"16":34,"17":34,"18":8,"19":60,"20":54,"21":119,"22":24,"23":24,"24":24,"25":2,"26":2,"27":2,"28":3,"29":0,"30":3,"31":3,"32":2,"33":0,"34":1,"35":1,"36":1,"37":1,"38":1,"39":3,"40":3,"41":3,"42":0,"43":0,"44":30,"45":30,"46":6,"47":6,"48":6,"49":1,"50":1,"51":1,"52":1,"53":2,"54":2,"55":0,"56":0,"57":14,"58":14,"59":8,"60":8,"61":8,"62":0,"63":0,"64":0,"65":0,"66":0,"67":0,"68":3,"69":3,"70":3,"71":0,"72":3,"73":3,"74":8,"75":8,"76":13,"77":0,"78":13,"79":8,"80":54},"b":{"1":[0,68],"2":[34,34],"3":[2,0],"4":[0,3],"5":[3,0],"6":[2,1],"7":[30,30],"8":[1,0],"9":[2,0],"10":[0,0],"11":[0,3],"12":[0,13]},"f":{"1":68,"2":60,"3":119,"4":24,"5":2,"6":1,"7":3,"8":0,"9":30,"10":6,"11":1,"12":2,"13":0,"14":14,"15":8,"16":0,"17":3,"18":8},"fnMap":{"1":{"name":"reactComponentExpect","line":21,"loc":{"start":{"line":21,"column":0},"end":{"line":21,"column":40}}},"2":{"name":"reactComponentExpectInternal","line":46,"loc":{"start":{"line":46,"column":0},"end":{"line":46,"column":56}}},"3":{"name":"(anonymous_3)","line":56,"loc":{"start":{"line":56,"column":12},"end":{"line":56,"column":24}}},"4":{"name":"(anonymous_4)","line":74,"loc":{"start":{"line":74,"column":23},"end":{"line":74,"column":35}}},"5":{"name":"(anonymous_5)","line":84,"loc":{"start":{"line":84,"column":25},"end":{"line":84,"column":47}}},"6":{"name":"(anonymous_6)","line":103,"loc":{"start":{"line":103,"column":34},"end":{"line":103,"column":51}}},"7":{"name":"(anonymous_7)","line":111,"loc":{"start":{"line":111,"column":34},"end":{"line":111,"column":46}}},"8":{"name":"(anonymous_8)","line":119,"loc":{"start":{"line":119,"column":23},"end":{"line":119,"column":46}}},"9":{"name":"(anonymous_9)","line":130,"loc":{"start":{"line":130,"column":26},"end":{"line":130,"column":38}}},"10":{"name":"(anonymous_10)","line":138,"loc":{"start":{"line":138,"column":34},"end":{"line":138,"column":57}}},"11":{"name":"(anonymous_11)","line":146,"loc":{"start":{"line":146,"column":30},"end":{"line":146,"column":45}}},"12":{"name":"(anonymous_12)","line":153,"loc":{"start":{"line":153,"column":22},"end":{"line":153,"column":34}}},"13":{"name":"(anonymous_13)","line":158,"loc":{"start":{"line":158,"column":15},"end":{"line":158,"column":27}}},"14":{"name":"(anonymous_14)","line":167,"loc":{"start":{"line":167,"column":20},"end":{"line":167,"column":32}}},"15":{"name":"(anonymous_15)","line":176,"loc":{"start":{"line":176,"column":27},"end":{"line":176,"column":42}}},"16":{"name":"(anonymous_16)","line":185,"loc":{"start":{"line":185,"column":20},"end":{"line":185,"column":56}}},"17":{"name":"(anonymous_17)","line":201,"loc":{"start":{"line":201,"column":20},"end":{"line":201,"column":55}}},"18":{"name":"(anonymous_18)","line":217,"loc":{"start":{"line":217,"column":22},"end":{"line":217,"column":60}}}},"statementMap":{"1":{"start":{"line":15,"column":0},"end":{"line":15,"column":51}},"2":{"start":{"line":16,"column":0},"end":{"line":16,"column":47}},"3":{"start":{"line":18,"column":0},"end":{"line":18,"column":38}},"4":{"start":{"line":19,"column":0},"end":{"line":19,"column":85}},"5":{"start":{"line":21,"column":0},"end":{"line":43,"column":61}},"6":{"start":{"line":22,"column":2},"end":{"line":23,"column":21}},"7":{"start":{"line":23,"column":4},"end":{"line":23,"column":20}},"8":{"start":{"line":26,"column":2},"end":{"line":27,"column":47}},"9":{"start":{"line":27,"column":4},"end":{"line":27,"column":46}},"10":{"start":{"line":30,"column":2},"end":{"line":30,"column":34}},"11":{"start":{"line":31,"column":2},"end":{"line":31,"column":39}},"12":{"start":{"line":33,"column":2},"end":{"line":35,"column":71}},"13":{"start":{"line":37,"column":2},"end":{"line":37,"column":56}},"14":{"start":{"line":39,"column":2},"end":{"line":39,"column":49}},"15":{"start":{"line":40,"column":2},"end":{"line":40,"column":63}},"16":{"start":{"line":41,"column":2},"end":{"line":41,"column":65}},"17":{"start":{"line":43,"column":2},"end":{"line":43,"column":60}},"18":{"start":{"line":46,"column":0},"end":{"line":47,"column":37}},"19":{"start":{"line":47,"column":2},"end":{"line":47,"column":36}},"20":{"start":{"line":50,"column":0},"end":{"line":226,"column":21}},"21":{"start":{"line":57,"column":4},"end":{"line":57,"column":46}},"22":{"start":{"line":75,"column":4},"end":{"line":75,"column":34}},"23":{"start":{"line":76,"column":4},"end":{"line":76,"column":50}},"24":{"start":{"line":78,"column":4},"end":{"line":78,"column":51}},"25":{"start":{"line":87,"column":4},"end":{"line":87,"column":28}},"26":{"start":{"line":88,"column":4},"end":{"line":89,"column":43}},"27":{"start":{"line":90,"column":4},"end":{"line":96,"column":77}},"28":{"start":{"line":91,"column":6},"end":{"line":92,"column":18}},"29":{"start":{"line":92,"column":8},"end":{"line":92,"column":17}},"30":{"start":{"line":94,"column":6},"end":{"line":96,"column":76}},"31":{"start":{"line":95,"column":8},"end":{"line":96,"column":75}},"32":{"start":{"line":96,"column":10},"end":{"line":96,"column":74}},"33":{"start":{"line":100,"column":4},"end":{"line":100,"column":61}},"34":{"start":{"line":104,"column":4},"end":{"line":104,"column":28}},"35":{"start":{"line":105,"column":4},"end":{"line":105,"column":60}},"36":{"start":{"line":106,"column":4},"end":{"line":106,"column":42}},"37":{"start":{"line":107,"column":4},"end":{"line":107,"column":61}},"38":{"start":{"line":108,"column":4},"end":{"line":108,"column":16}},"39":{"start":{"line":112,"column":4},"end":{"line":112,"column":28}},"40":{"start":{"line":113,"column":4},"end":{"line":113,"column":57}},"41":{"start":{"line":114,"column":4},"end":{"line":114,"column":16}},"42":{"start":{"line":120,"column":4},"end":{"line":122,"column":15}},"43":{"start":{"line":123,"column":4},"end":{"line":123,"column":16}},"44":{"start":{"line":131,"column":4},"end":{"line":134,"column":15}},"45":{"start":{"line":135,"column":4},"end":{"line":135,"column":16}},"46":{"start":{"line":139,"column":4},"end":{"line":139,"column":34}},"47":{"start":{"line":140,"column":4},"end":{"line":142,"column":15}},"48":{"start":{"line":143,"column":4},"end":{"line":143,"column":16}},"49":{"start":{"line":147,"column":4},"end":{"line":147,"column":60}},"50":{"start":{"line":148,"column":4},"end":{"line":148,"column":76}},"51":{"start":{"line":149,"column":4},"end":{"line":149,"column":49}},"52":{"start":{"line":150,"column":4},"end":{"line":150,"column":16}},"53":{"start":{"line":154,"column":4},"end":{"line":154,"column":49}},"54":{"start":{"line":155,"column":4},"end":{"line":155,"column":49}},"55":{"start":{"line":159,"column":4},"end":{"line":159,"column":41}},"56":{"start":{"line":160,"column":4},"end":{"line":160,"column":16}},"57":{"start":{"line":168,"column":4},"end":{"line":168,"column":70}},"58":{"start":{"line":169,"column":4},"end":{"line":169,"column":16}},"59":{"start":{"line":177,"column":4},"end":{"line":177,"column":28}},"60":{"start":{"line":178,"column":4},"end":{"line":178,"column":60}},"61":{"start":{"line":179,"column":4},"end":{"line":179,"column":16}},"62":{"start":{"line":186,"column":4},"end":{"line":186,"column":41}},"63":{"start":{"line":187,"column":4},"end":{"line":192,"column":52}},"64":{"start":{"line":188,"column":6},"end":{"line":189,"column":18}},"65":{"start":{"line":189,"column":8},"end":{"line":189,"column":17}},"66":{"start":{"line":191,"column":6},"end":{"line":192,"column":51}},"67":{"start":{"line":194,"column":4},"end":{"line":194,"column":16}},"68":{"start":{"line":202,"column":4},"end":{"line":202,"column":41}},"69":{"start":{"line":203,"column":4},"end":{"line":208,"column":50}},"70":{"start":{"line":204,"column":6},"end":{"line":205,"column":18}},"71":{"start":{"line":205,"column":8},"end":{"line":205,"column":17}},"72":{"start":{"line":207,"column":6},"end":{"line":208,"column":49}},"73":{"start":{"line":210,"column":4},"end":{"line":210,"column":16}},"74":{"start":{"line":218,"column":4},"end":{"line":218,"column":41}},"75":{"start":{"line":219,"column":4},"end":{"line":224,"column":56}},"76":{"start":{"line":220,"column":6},"end":{"line":221,"column":18}},"77":{"start":{"line":221,"column":8},"end":{"line":221,"column":17}},"78":{"start":{"line":223,"column":6},"end":{"line":224,"column":55}},"79":{"start":{"line":226,"column":4},"end":{"line":226,"column":16}},"80":{"start":{"line":230,"column":0},"end":{"line":230,"column":38}}},"branchMap":{"1":{"line":22,"type":"if","locations":[{"start":{"line":22,"column":2},"end":{"line":22,"column":2}},{"start":{"line":22,"column":2},"end":{"line":22,"column":2}}]},"2":{"line":26,"type":"if","locations":[{"start":{"line":26,"column":2},"end":{"line":26,"column":2}},{"start":{"line":26,"column":2},"end":{"line":26,"column":2}}]},"3":{"line":89,"type":"binary-expr","locations":[{"start":{"line":89,"column":4},"end":{"line":89,"column":36}},{"start":{"line":89,"column":40},"end":{"line":89,"column":42}}]},"4":{"line":91,"type":"if","locations":[{"start":{"line":91,"column":6},"end":{"line":91,"column":6}},{"start":{"line":91,"column":6},"end":{"line":91,"column":6}}]},"5":{"line":94,"type":"if","locations":[{"start":{"line":94,"column":6},"end":{"line":94,"column":6}},{"start":{"line":94,"column":6},"end":{"line":94,"column":6}}]},"6":{"line":95,"type":"if","locations":[{"start":{"line":95,"column":8},"end":{"line":95,"column":8}},{"start":{"line":95,"column":8},"end":{"line":95,"column":8}}]},"7":{"line":132,"type":"binary-expr","locations":[{"start":{"line":132,"column":4},"end":{"line":132,"column":39}},{"start":{"line":133,"column":4},"end":{"line":133,"column":48}}]},"8":{"line":148,"type":"binary-expr","locations":[{"start":{"line":148,"column":11},"end":{"line":148,"column":35}},{"start":{"line":148,"column":39},"end":{"line":148,"column":63}}]},"9":{"line":155,"type":"binary-expr","locations":[{"start":{"line":155,"column":11},"end":{"line":155,"column":27}},{"start":{"line":155,"column":31},"end":{"line":155,"column":48}}]},"10":{"line":188,"type":"if","locations":[{"start":{"line":188,"column":6},"end":{"line":188,"column":6}},{"start":{"line":188,"column":6},"end":{"line":188,"column":6}}]},"11":{"line":204,"type":"if","locations":[{"start":{"line":204,"column":6},"end":{"line":204,"column":6}},{"start":{"line":204,"column":6},"end":{"line":204,"column":6}}]},"12":{"line":220,"type":"if","locations":[{"start":{"line":220,"column":6},"end":{"line":220,"column":6}},{"start":{"line":220,"column":6},"end":{"line":220,"column":6}}]}},"l":{"15":54,"16":54,"18":54,"19":54,"21":8,"22":68,"23":0,"26":68,"27":34,"30":34,"31":34,"33":34,"37":34,"39":34,"40":34,"41":34,"43":34,"46":8,"47":60,"50":54,"57":119,"75":24,"76":24,"78":24,"87":2,"88":2,"90":2,"91":3,"92":0,"94":3,"95":3,"96":2,"100":0,"104":1,"105":1,"106":1,"107":1,"108":1,"112":3,"113":3,"114":3,"120":0,"123":0,"131":30,"135":30,"139":6,"140":6,"143":6,"147":1,"148":1,"149":1,"150":1,"154":2,"155":2,"159":0,"160":0,"168":14,"169":14,"177":8,"178":8,"179":8,"186":0,"187":0,"188":0,"189":0,"191":0,"194":0,"202":3,"203":3,"204":3,"205":0,"207":3,"210":3,"218":8,"219":8,"220":13,"221":0,"223":13,"226":8,"230":54}},
"/home/rui/Documents/react/src/renderers/shared/reconciler/ReactUpdates.js":{"path":"/home/rui/Documents/react/src/renderers/shared/reconciler/ReactUpdates.js","s":{"1":37,"2":37,"3":37,"4":37,"5":37,"6":37,"7":37,"8":37,"9":37,"10":37,"11":37,"12":2,"13":223,"14":37,"15":64,"16":64,"17":5,"18":5,"19":59,"20":37,"21":64,"22":64,"23":37,"24":2,"25":64,"26":64,"27":64,"28":64,"29":37,"30":64,"31":64,"32":64,"33":64,"34":64,"35":64,"36":64,"37":37,"38":2,"39":99,"40":99,"41":2,"42":31,"43":2,"44":64,"45":64,"46":64,"47":64,"48":95,"49":95,"50":95,"51":95,"52":95,"53":9,"54":10,"55":37,"56":125,"57":65,"58":64,"59":64,"60":64,"61":65,"62":4,"63":4,"64":4,"65":4,"66":4,"67":37,"68":2,"69":124,"70":124,"71":29,"72":29,"73":95,"74":2,"75":5,"76":5,"77":5,"78":37,"79":37,"80":37,"81":39,"82":39,"83":39,"84":39,"85":37,"86":37},"b":{"1":[223,223],"2":[5,59],"3":[9,86],"4":[190,126],"5":[64,1],"6":[4,61],"7":[29,95]},"f":{"1":223,"2":64,"3":64,"4":64,"5":64,"6":64,"7":64,"8":64,"9":64,"10":99,"11":31,"12":64,"13":125,"14":124,"15":5,"16":37,"17":39},"fnMap":{"1":{"name":"ensureInjected","line":29,"loc":{"start":{"line":29,"column":0},"end":{"line":29,"column":26}}},"2":{"name":"(anonymous_2)","line":38,"loc":{"start":{"line":38,"column":14},"end":{"line":38,"column":26}}},"3":{"name":"(anonymous_3)","line":41,"loc":{"start":{"line":41,"column":9},"end":{"line":41,"column":21}}},"4":{"name":"(anonymous_4)","line":57,"loc":{"start":{"line":57,"column":14},"end":{"line":57,"column":26}}},"5":{"name":"(anonymous_5)","line":60,"loc":{"start":{"line":60,"column":9},"end":{"line":60,"column":21}}},"6":{"name":"ReactUpdatesFlushTransaction","line":67,"loc":{"start":{"line":67,"column":0},"end":{"line":67,"column":40}}},"7":{"name":"(anonymous_7)","line":80,"loc":{"start":{"line":80,"column":26},"end":{"line":80,"column":38}}},"8":{"name":"(anonymous_8)","line":84,"loc":{"start":{"line":84,"column":14},"end":{"line":84,"column":26}}},"9":{"name":"(anonymous_9)","line":92,"loc":{"start":{"line":92,"column":11},"end":{"line":92,"column":39}}},"10":{"name":"batchedUpdates","line":109,"loc":{"start":{"line":109,"column":0},"end":{"line":109,"column":49}}},"11":{"name":"mountOrderComparator","line":121,"loc":{"start":{"line":121,"column":0},"end":{"line":121,"column":38}}},"12":{"name":"runBatchedUpdates","line":125,"loc":{"start":{"line":125,"column":0},"end":{"line":125,"column":40}}},"13":{"name":"(anonymous_13)","line":168,"loc":{"start":{"line":168,"column":26},"end":{"line":168,"column":38}}},"14":{"name":"enqueueUpdate","line":199,"loc":{"start":{"line":199,"column":0},"end":{"line":199,"column":34}}},"15":{"name":"asap","line":220,"loc":{"start":{"line":220,"column":0},"end":{"line":220,"column":33}}},"16":{"name":"(anonymous_16)","line":231,"loc":{"start":{"line":231,"column":30},"end":{"line":231,"column":62}}},"17":{"name":"(anonymous_17)","line":239,"loc":{"start":{"line":239,"column":26},"end":{"line":239,"column":55}}}},"statementMap":{"1":{"start":{"line":14,"column":0},"end":{"line":14,"column":45}},"2":{"start":{"line":15,"column":0},"end":{"line":15,"column":41}},"3":{"start":{"line":16,"column":0},"end":{"line":16,"column":37}},"4":{"start":{"line":17,"column":0},"end":{"line":17,"column":49}},"5":{"start":{"line":18,"column":0},"end":{"line":18,"column":41}},"6":{"start":{"line":20,"column":0},"end":{"line":20,"column":38}},"7":{"start":{"line":21,"column":0},"end":{"line":21,"column":85}},"8":{"start":{"line":23,"column":0},"end":{"line":23,"column":25}},"9":{"start":{"line":24,"column":0},"end":{"line":24,"column":50}},"10":{"start":{"line":25,"column":0},"end":{"line":25,"column":25}},"11":{"start":{"line":27,"column":0},"end":{"line":27,"column":28}},"12":{"start":{"line":29,"column":0},"end":{"line":33,"column":15}},"13":{"start":{"line":30,"column":2},"end":{"line":33,"column":14}},"14":{"start":{"line":37,"column":0},"end":{"line":51,"column":38}},"15":{"start":{"line":39,"column":4},"end":{"line":39,"column":56}},"16":{"start":{"line":42,"column":4},"end":{"line":51,"column":34}},"17":{"start":{"line":48,"column":6},"end":{"line":48,"column":60}},"18":{"start":{"line":49,"column":6},"end":{"line":49,"column":28}},"19":{"start":{"line":51,"column":6},"end":{"line":51,"column":33}},"20":{"start":{"line":56,"column":0},"end":{"line":61,"column":39}},"21":{"start":{"line":58,"column":4},"end":{"line":58,"column":31}},"22":{"start":{"line":61,"column":4},"end":{"line":61,"column":35}},"23":{"start":{"line":65,"column":0},"end":{"line":65,"column":61}},"24":{"start":{"line":67,"column":0},"end":{"line":72,"column":31}},"25":{"start":{"line":68,"column":2},"end":{"line":68,"column":33}},"26":{"start":{"line":69,"column":2},"end":{"line":69,"column":36}},"27":{"start":{"line":70,"column":2},"end":{"line":70,"column":49}},"28":{"start":{"line":71,"column":2},"end":{"line":72,"column":30}},"29":{"start":{"line":76,"column":0},"end":{"line":101,"column":12}},"30":{"start":{"line":81,"column":4},"end":{"line":81,"column":32}},"31":{"start":{"line":85,"column":4},"end":{"line":85,"column":38}},"32":{"start":{"line":86,"column":4},"end":{"line":86,"column":46}},"33":{"start":{"line":87,"column":4},"end":{"line":87,"column":30}},"34":{"start":{"line":88,"column":4},"end":{"line":88,"column":78}},"35":{"start":{"line":89,"column":4},"end":{"line":89,"column":37}},"36":{"start":{"line":95,"column":4},"end":{"line":101,"column":7}},"37":{"start":{"line":107,"column":0},"end":{"line":107,"column":55}},"38":{"start":{"line":109,"column":0},"end":{"line":111,"column":60}},"39":{"start":{"line":110,"column":2},"end":{"line":110,"column":19}},"40":{"start":{"line":111,"column":2},"end":{"line":111,"column":59}},"41":{"start":{"line":121,"column":0},"end":{"line":122,"column":42}},"42":{"start":{"line":122,"column":2},"end":{"line":122,"column":41}},"43":{"start":{"line":125,"column":0},"end":{"line":161,"column":43}},"44":{"start":{"line":126,"column":2},"end":{"line":126,"column":46}},"45":{"start":{"line":127,"column":2},"end":{"line":132,"column":26}},"46":{"start":{"line":138,"column":2},"end":{"line":138,"column":45}},"47":{"start":{"line":140,"column":2},"end":{"line":161,"column":42}},"48":{"start":{"line":144,"column":4},"end":{"line":144,"column":39}},"49":{"start":{"line":149,"column":4},"end":{"line":149,"column":48}},"50":{"start":{"line":150,"column":4},"end":{"line":150,"column":39}},"51":{"start":{"line":152,"column":4},"end":{"line":154,"column":38}},"52":{"start":{"line":157,"column":4},"end":{"line":161,"column":41}},"53":{"start":{"line":158,"column":6},"end":{"line":161,"column":40}},"54":{"start":{"line":159,"column":8},"end":{"line":161,"column":39}},"55":{"start":{"line":168,"column":0},"end":{"line":185,"column":39}},"56":{"start":{"line":173,"column":2},"end":{"line":185,"column":37}},"57":{"start":{"line":174,"column":4},"end":{"line":177,"column":57}},"58":{"start":{"line":175,"column":6},"end":{"line":175,"column":65}},"59":{"start":{"line":176,"column":6},"end":{"line":176,"column":64}},"60":{"start":{"line":177,"column":6},"end":{"line":177,"column":56}},"61":{"start":{"line":180,"column":4},"end":{"line":185,"column":36}},"62":{"start":{"line":181,"column":6},"end":{"line":181,"column":27}},"63":{"start":{"line":182,"column":6},"end":{"line":182,"column":36}},"64":{"start":{"line":183,"column":6},"end":{"line":183,"column":52}},"65":{"start":{"line":184,"column":6},"end":{"line":184,"column":24}},"66":{"start":{"line":185,"column":6},"end":{"line":185,"column":35}},"67":{"start":{"line":189,"column":0},"end":{"line":192,"column":21}},"68":{"start":{"line":199,"column":0},"end":{"line":213,"column":35}},"69":{"start":{"line":200,"column":2},"end":{"line":200,"column":19}},"70":{"start":{"line":208,"column":2},"end":{"line":210,"column":12}},"71":{"start":{"line":209,"column":4},"end":{"line":209,"column":62}},"72":{"start":{"line":210,"column":4},"end":{"line":210,"column":11}},"73":{"start":{"line":213,"column":2},"end":{"line":213,"column":34}},"74":{"start":{"line":220,"column":0},"end":{"line":227,"column":23}},"75":{"start":{"line":221,"column":2},"end":{"line":224,"column":36}},"76":{"start":{"line":226,"column":2},"end":{"line":226,"column":47}},"77":{"start":{"line":227,"column":2},"end":{"line":227,"column":22}},"78":{"start":{"line":230,"column":0},"end":{"line":252,"column":45}},"79":{"start":{"line":232,"column":4},"end":{"line":234,"column":64}},"80":{"start":{"line":236,"column":4},"end":{"line":236,"column":66}},"81":{"start":{"line":240,"column":4},"end":{"line":242,"column":54}},"82":{"start":{"line":244,"column":4},"end":{"line":246,"column":62}},"83":{"start":{"line":248,"column":4},"end":{"line":250,"column":73}},"84":{"start":{"line":252,"column":4},"end":{"line":252,"column":41}},"85":{"start":{"line":256,"column":0},"end":{"line":269,"column":15}},"86":{"start":{"line":272,"column":0},"end":{"line":272,"column":30}}},"branchMap":{"1":{"line":31,"type":"binary-expr","locations":[{"start":{"line":31,"column":2},"end":{"line":31,"column":40}},{"start":{"line":31,"column":44},"end":{"line":31,"column":60}}]},"2":{"line":42,"type":"if","locations":[{"start":{"line":42,"column":4},"end":{"line":42,"column":4}},{"start":{"line":42,"column":4},"end":{"line":42,"column":4}}]},"3":{"line":157,"type":"if","locations":[{"start":{"line":157,"column":4},"end":{"line":157,"column":4}},{"start":{"line":157,"column":4},"end":{"line":157,"column":4}}]},"4":{"line":173,"type":"binary-expr","locations":[{"start":{"line":173,"column":9},"end":{"line":173,"column":31}},{"start":{"line":173,"column":35},"end":{"line":173,"column":47}}]},"5":{"line":174,"type":"if","locations":[{"start":{"line":174,"column":4},"end":{"line":174,"column":4}},{"start":{"line":174,"column":4},"end":{"line":174,"column":4}}]},"6":{"line":180,"type":"if","locations":[{"start":{"line":180,"column":4},"end":{"line":180,"column":4}},{"start":{"line":180,"column":4},"end":{"line":180,"column":4}}]},"7":{"line":208,"type":"if","locations":[{"start":{"line":208,"column":2},"end":{"line":208,"column":2}},{"start":{"line":208,"column":2},"end":{"line":208,"column":2}}]}},"l":{"14":37,"15":37,"16":37,"17":37,"18":37,"20":37,"21":37,"23":37,"24":37,"25":37,"27":37,"29":2,"30":223,"37":37,"39":64,"42":64,"48":5,"49":5,"51":59,"56":37,"58":64,"61":64,"65":37,"67":2,"68":64,"69":64,"70":64,"71":64,"76":37,"81":64,"85":64,"86":64,"87":64,"88":64,"89":64,"95":64,"107":37,"109":2,"110":99,"111":99,"121":2,"122":31,"125":2,"126":64,"127":64,"138":64,"140":64,"144":95,"149":95,"150":95,"152":95,"157":95,"158":9,"159":10,"168":37,"173":125,"174":65,"175":64,"176":64,"177":64,"180":65,"181":4,"182":4,"183":4,"184":4,"185":4,"189":37,"199":2,"200":124,"208":124,"209":29,"210":29,"213":95,"220":2,"221":5,"226":5,"227":5,"230":37,"232":37,"236":37,"240":39,"244":39,"248":39,"252":39,"256":37,"272":37}},
"/home/rui/Documents/react/src/isomorphic/classic/element/ReactCurrentOwner.js":{"path":"/home/rui/Documents/react/src/isomorphic/classic/element/ReactCurrentOwner.js","s":{"1":36,"2":36},"b":{},"f":{},"fnMap":{},"statementMap":{"1":{"start":{"line":20,"column":0},"end":{"line":26,"column":18}},"2":{"start":{"line":30,"column":0},"end":{"line":30,"column":35}}},"branchMap":{},"l":{"20":36,"30":36}},
"/home/rui/Documents/react/src/isomorphic/classic/types/ReactPropTypes.js":{"path":"/home/rui/Documents/react/src/isomorphic/classic/types/ReactPropTypes.js","s":{"1":40,"2":40,"3":40,"4":40,"5":40,"6":40,"7":2,"8":2,"9":231,"10":231,"11":231,"12":50,"13":50,"14":27,"15":23,"16":181,"17":456,"18":456,"19":456,"20":2,"21":2,"22":78,"23":78,"24":78,"25":12,"26":12,"27":12,"28":66,"29":240,"30":2,"31":40,"32":2,"33":2,"34":12,"35":1,"36":11,"37":11,"38":3,"39":3,"40":3,"41":8,"42":17,"43":17,"44":2,"45":6,"46":16,"47":2,"48":2,"49":7,"50":4,"51":4,"52":3,"53":40,"54":2,"55":2,"56":19,"57":9,"58":9,"59":9,"60":9,"61":10,"62":19,"63":2,"64":13,"65":1,"66":1,"67":2,"68":10,"69":10,"70":17,"71":6,"72":4,"73":4,"74":4,"75":12,"76":2,"77":2,"78":12,"79":1,"80":11,"81":11,"82":11,"83":3,"84":3,"85":8,"86":17,"87":17,"88":17,"89":2,"90":6,"91":16,"92":2,"93":9,"94":1,"95":1,"96":2,"97":6,"98":10,"99":10,"100":4,"101":2,"102":2,"103":8,"104":2,"105":2,"106":14,"107":4,"108":4,"109":10,"110":40,"111":2,"112":2,"113":18,"114":18,"115":18,"116":2,"117":2,"118":16,"119":13,"120":13,"121":0,"122":13,"123":13,"124":6,"125":10,"126":23,"127":2,"128":34,"129":8,"130":2,"131":23,"132":6,"133":17,"134":13,"135":4,"136":4,"137":2,"138":2,"139":2,"140":1,"141":2,"142":0,"143":1,"144":2,"145":2,"146":2,"147":0,"148":2,"149":2,"150":1,"151":2,"152":122,"153":122,"154":9,"155":113,"156":3,"157":110,"158":2,"159":12,"160":12,"161":3,"162":1,"163":2,"164":1,"165":10,"166":2,"167":9,"168":1,"169":8,"170":40},"b":{"1":[231,0],"2":[231,174],"3":[50,181],"4":[27,23],"5":[12,66],"6":[1,11],"7":[3,8],"8":[2,15],"9":[4,3],"10":[9,10],"11":[9,0],"12":[1,12],"13":[6,11],"14":[1,11],"15":[3,8],"16":[17,0],"17":[2,15],"18":[1,8],"19":[4,6],"20":[4,10],"21":[2,16],"22":[0,13],"23":[6,7],"24":[3,8,8,2,23,1],"25":[6,17],"26":[13,4],"27":[17,17],"28":[2,2],"29":[1,1],"30":[0,2],"31":[2,0],"32":[0,2],"33":[9,113],"34":[3,110],"35":[3,9],"36":[1,2],"37":[1,1],"38":[1,8],"39":[9,8]},"f":{"1":456,"2":231,"3":240,"4":78,"5":40,"6":16,"7":12,"8":40,"9":7,"10":19,"11":19,"12":13,"13":1,"14":10,"15":16,"16":12,"17":9,"18":1,"19":6,"20":40,"21":14,"22":23,"23":18,"24":34,"25":122,"26":12,"27":9},"fnMap":{"1":{"name":"createChainableTypeChecker","line":88,"loc":{"start":{"line":88,"column":0},"end":{"line":88,"column":46}}},"2":{"name":"checkType","line":89,"loc":{"start":{"line":89,"column":2},"end":{"line":96,"column":2}}},"3":{"name":"createPrimitiveTypeChecker","line":119,"loc":{"start":{"line":119,"column":0},"end":{"line":119,"column":50}}},"4":{"name":"validate","line":120,"loc":{"start":{"line":120,"column":2},"end":{"line":120,"column":76}}},"5":{"name":"createAnyTypeChecker","line":141,"loc":{"start":{"line":141,"column":0},"end":{"line":141,"column":32}}},"6":{"name":"createArrayOfTypeChecker","line":145,"loc":{"start":{"line":145,"column":0},"end":{"line":145,"column":47}}},"7":{"name":"validate","line":146,"loc":{"start":{"line":146,"column":2},"end":{"line":146,"column":76}}},"8":{"name":"createElementTypeChecker","line":178,"loc":{"start":{"line":178,"column":0},"end":{"line":178,"column":36}}},"9":{"name":"validate","line":179,"loc":{"start":{"line":179,"column":2},"end":{"line":179,"column":76}}},"10":{"name":"createInstanceTypeChecker","line":192,"loc":{"start":{"line":192,"column":0},"end":{"line":192,"column":50}}},"11":{"name":"validate","line":193,"loc":{"start":{"line":193,"column":2},"end":{"line":193,"column":76}}},"12":{"name":"createEnumTypeChecker","line":209,"loc":{"start":{"line":209,"column":0},"end":{"line":209,"column":47}}},"13":{"name":"(anonymous_13)","line":211,"loc":{"start":{"line":211,"column":38},"end":{"line":211,"column":50}}},"14":{"name":"validate","line":218,"loc":{"start":{"line":218,"column":2},"end":{"line":218,"column":76}}},"15":{"name":"createObjectOfTypeChecker","line":236,"loc":{"start":{"line":236,"column":0},"end":{"line":236,"column":48}}},"16":{"name":"validate","line":237,"loc":{"start":{"line":237,"column":2},"end":{"line":237,"column":76}}},"17":{"name":"createUnionTypeChecker","line":271,"loc":{"start":{"line":271,"column":0},"end":{"line":271,"column":53}}},"18":{"name":"(anonymous_18)","line":273,"loc":{"start":{"line":273,"column":38},"end":{"line":273,"column":50}}},"19":{"name":"validate","line":280,"loc":{"start":{"line":280,"column":2},"end":{"line":280,"column":76}}},"20":{"name":"createNodeChecker","line":299,"loc":{"start":{"line":299,"column":0},"end":{"line":299,"column":29}}},"21":{"name":"validate","line":300,"loc":{"start":{"line":300,"column":2},"end":{"line":300,"column":76}}},"22":{"name":"createShapeTypeChecker","line":313,"loc":{"start":{"line":313,"column":0},"end":{"line":313,"column":44}}},"23":{"name":"validate","line":314,"loc":{"start":{"line":314,"column":2},"end":{"line":314,"column":76}}},"24":{"name":"isNode","line":345,"loc":{"start":{"line":345,"column":0},"end":{"line":345,"column":27}}},"25":{"name":"getPropType","line":393,"loc":{"start":{"line":393,"column":0},"end":{"line":393,"column":32}}},"26":{"name":"getPreciseType","line":409,"loc":{"start":{"line":409,"column":0},"end":{"line":409,"column":35}}},"27":{"name":"getClassName","line":422,"loc":{"start":{"line":422,"column":0},"end":{"line":422,"column":33}}}},"statementMap":{"1":{"start":{"line":14,"column":0},"end":{"line":14,"column":43}},"2":{"start":{"line":15,"column":0},"end":{"line":15,"column":71}},"3":{"start":{"line":17,"column":0},"end":{"line":17,"column":93}},"4":{"start":{"line":18,"column":0},"end":{"line":18,"column":45}},"5":{"start":{"line":67,"column":0},"end":{"line":67,"column":32}},"6":{"start":{"line":69,"column":0},"end":{"line":85,"column":34}},"7":{"start":{"line":88,"column":0},"end":{"line":116,"column":27}},"8":{"start":{"line":89,"column":2},"end":{"line":109,"column":80}},"9":{"start":{"line":97,"column":4},"end":{"line":97,"column":47}},"10":{"start":{"line":98,"column":4},"end":{"line":98,"column":44}},"11":{"start":{"line":99,"column":4},"end":{"line":109,"column":79}},"12":{"start":{"line":100,"column":6},"end":{"line":100,"column":62}},"13":{"start":{"line":101,"column":6},"end":{"line":104,"column":32}},"14":{"start":{"line":102,"column":8},"end":{"line":104,"column":31}},"15":{"start":{"line":107,"column":6},"end":{"line":107,"column":18}},"16":{"start":{"line":109,"column":6},"end":{"line":109,"column":78}},"17":{"start":{"line":113,"column":2},"end":{"line":113,"column":53}},"18":{"start":{"line":114,"column":2},"end":{"line":114,"column":59}},"19":{"start":{"line":116,"column":2},"end":{"line":116,"column":26}},"20":{"start":{"line":119,"column":0},"end":{"line":138,"column":47}},"21":{"start":{"line":120,"column":2},"end":{"line":136,"column":17}},"22":{"start":{"line":121,"column":4},"end":{"line":121,"column":36}},"23":{"start":{"line":122,"column":4},"end":{"line":122,"column":42}},"24":{"start":{"line":123,"column":4},"end":{"line":133,"column":29}},"25":{"start":{"line":124,"column":6},"end":{"line":124,"column":62}},"26":{"start":{"line":128,"column":6},"end":{"line":128,"column":50}},"27":{"start":{"line":130,"column":6},"end":{"line":133,"column":28}},"28":{"start":{"line":136,"column":4},"end":{"line":136,"column":16}},"29":{"start":{"line":138,"column":2},"end":{"line":138,"column":46}},"30":{"start":{"line":141,"column":0},"end":{"line":142,"column":70}},"31":{"start":{"line":142,"column":2},"end":{"line":142,"column":69}},"32":{"start":{"line":145,"column":0},"end":{"line":175,"column":47}},"33":{"start":{"line":146,"column":2},"end":{"line":173,"column":17}},"34":{"start":{"line":147,"column":4},"end":{"line":149,"column":110}},"35":{"start":{"line":148,"column":6},"end":{"line":149,"column":109}},"36":{"start":{"line":152,"column":4},"end":{"line":152,"column":36}},"37":{"start":{"line":153,"column":4},"end":{"line":158,"column":80}},"38":{"start":{"line":154,"column":6},"end":{"line":154,"column":62}},"39":{"start":{"line":155,"column":6},"end":{"line":155,"column":44}},"40":{"start":{"line":156,"column":6},"end":{"line":158,"column":79}},"41":{"start":{"line":161,"column":4},"end":{"line":170,"column":23}},"42":{"start":{"line":162,"column":6},"end":{"line":167,"column":36}},"43":{"start":{"line":169,"column":6},"end":{"line":170,"column":22}},"44":{"start":{"line":170,"column":8},"end":{"line":170,"column":21}},"45":{"start":{"line":173,"column":4},"end":{"line":173,"column":16}},"46":{"start":{"line":175,"column":2},"end":{"line":175,"column":46}},"47":{"start":{"line":178,"column":0},"end":{"line":189,"column":47}},"48":{"start":{"line":179,"column":2},"end":{"line":187,"column":17}},"49":{"start":{"line":180,"column":4},"end":{"line":184,"column":62}},"50":{"start":{"line":181,"column":6},"end":{"line":181,"column":62}},"51":{"start":{"line":182,"column":6},"end":{"line":184,"column":61}},"52":{"start":{"line":187,"column":4},"end":{"line":187,"column":16}},"53":{"start":{"line":189,"column":2},"end":{"line":189,"column":46}},"54":{"start":{"line":192,"column":0},"end":{"line":206,"column":47}},"55":{"start":{"line":193,"column":2},"end":{"line":204,"column":17}},"56":{"start":{"line":194,"column":4},"end":{"line":201,"column":34}},"57":{"start":{"line":195,"column":6},"end":{"line":195,"column":62}},"58":{"start":{"line":196,"column":6},"end":{"line":196,"column":62}},"59":{"start":{"line":197,"column":6},"end":{"line":197,"column":58}},"60":{"start":{"line":198,"column":6},"end":{"line":201,"column":33}},"61":{"start":{"line":204,"column":4},"end":{"line":204,"column":16}},"62":{"start":{"line":206,"column":2},"end":{"line":206,"column":46}},"63":{"start":{"line":209,"column":0},"end":{"line":233,"column":47}},"64":{"start":{"line":210,"column":2},"end":{"line":212,"column":97}},"65":{"start":{"line":211,"column":4},"end":{"line":212,"column":96}},"66":{"start":{"line":212,"column":6},"end":{"line":212,"column":93}},"67":{"start":{"line":218,"column":2},"end":{"line":230,"column":66}},"68":{"start":{"line":219,"column":4},"end":{"line":219,"column":36}},"69":{"start":{"line":220,"column":4},"end":{"line":222,"column":22}},"70":{"start":{"line":221,"column":6},"end":{"line":222,"column":21}},"71":{"start":{"line":222,"column":8},"end":{"line":222,"column":20}},"72":{"start":{"line":226,"column":4},"end":{"line":226,"column":60}},"73":{"start":{"line":227,"column":4},"end":{"line":227,"column":54}},"74":{"start":{"line":228,"column":4},"end":{"line":230,"column":65}},"75":{"start":{"line":233,"column":2},"end":{"line":233,"column":46}},"76":{"start":{"line":236,"column":0},"end":{"line":268,"column":47}},"77":{"start":{"line":237,"column":2},"end":{"line":266,"column":17}},"78":{"start":{"line":238,"column":4},"end":{"line":240,"column":111}},"79":{"start":{"line":239,"column":6},"end":{"line":240,"column":110}},"80":{"start":{"line":243,"column":4},"end":{"line":243,"column":36}},"81":{"start":{"line":244,"column":4},"end":{"line":244,"column":42}},"82":{"start":{"line":245,"column":4},"end":{"line":249,"column":81}},"83":{"start":{"line":246,"column":6},"end":{"line":246,"column":62}},"84":{"start":{"line":247,"column":6},"end":{"line":249,"column":80}},"85":{"start":{"line":252,"column":4},"end":{"line":262,"column":26}},"86":{"start":{"line":253,"column":6},"end":{"line":262,"column":25}},"87":{"start":{"line":254,"column":8},"end":{"line":259,"column":34}},"88":{"start":{"line":261,"column":8},"end":{"line":262,"column":24}},"89":{"start":{"line":262,"column":10},"end":{"line":262,"column":23}},"90":{"start":{"line":266,"column":4},"end":{"line":266,"column":16}},"91":{"start":{"line":268,"column":2},"end":{"line":268,"column":46}},"92":{"start":{"line":271,"column":0},"end":{"line":296,"column":47}},"93":{"start":{"line":272,"column":2},"end":{"line":274,"column":101}},"94":{"start":{"line":273,"column":4},"end":{"line":274,"column":100}},"95":{"start":{"line":274,"column":6},"end":{"line":274,"column":97}},"96":{"start":{"line":280,"column":2},"end":{"line":293,"column":28}},"97":{"start":{"line":281,"column":4},"end":{"line":286,"column":22}},"98":{"start":{"line":282,"column":6},"end":{"line":282,"column":43}},"99":{"start":{"line":283,"column":6},"end":{"line":286,"column":21}},"100":{"start":{"line":286,"column":8},"end":{"line":286,"column":20}},"101":{"start":{"line":290,"column":4},"end":{"line":290,"column":60}},"102":{"start":{"line":291,"column":4},"end":{"line":293,"column":27}},"103":{"start":{"line":296,"column":2},"end":{"line":296,"column":46}},"104":{"start":{"line":299,"column":0},"end":{"line":310,"column":47}},"105":{"start":{"line":300,"column":2},"end":{"line":308,"column":17}},"106":{"start":{"line":301,"column":4},"end":{"line":305,"column":52}},"107":{"start":{"line":302,"column":6},"end":{"line":302,"column":62}},"108":{"start":{"line":303,"column":6},"end":{"line":305,"column":51}},"109":{"start":{"line":308,"column":4},"end":{"line":308,"column":16}},"110":{"start":{"line":310,"column":2},"end":{"line":310,"column":46}},"111":{"start":{"line":313,"column":0},"end":{"line":342,"column":47}},"112":{"start":{"line":314,"column":2},"end":{"line":340,"column":17}},"113":{"start":{"line":315,"column":4},"end":{"line":315,"column":36}},"114":{"start":{"line":316,"column":4},"end":{"line":316,"column":42}},"115":{"start":{"line":317,"column":4},"end":{"line":321,"column":49}},"116":{"start":{"line":318,"column":6},"end":{"line":318,"column":62}},"117":{"start":{"line":319,"column":6},"end":{"line":321,"column":48}},"118":{"start":{"line":324,"column":4},"end":{"line":337,"column":23}},"119":{"start":{"line":325,"column":6},"end":{"line":325,"column":36}},"120":{"start":{"line":326,"column":6},"end":{"line":327,"column":18}},"121":{"start":{"line":327,"column":8},"end":{"line":327,"column":17}},"122":{"start":{"line":329,"column":6},"end":{"line":334,"column":32}},"123":{"start":{"line":336,"column":6},"end":{"line":337,"column":22}},"124":{"start":{"line":337,"column":8},"end":{"line":337,"column":21}},"125":{"start":{"line":340,"column":4},"end":{"line":340,"column":16}},"126":{"start":{"line":342,"column":2},"end":{"line":342,"column":46}},"127":{"start":{"line":345,"column":0},"end":{"line":388,"column":21}},"128":{"start":{"line":346,"column":2},"end":{"line":388,"column":20}},"129":{"start":{"line":350,"column":6},"end":{"line":350,"column":18}},"130":{"start":{"line":352,"column":6},"end":{"line":352,"column":24}},"131":{"start":{"line":354,"column":6},"end":{"line":355,"column":40}},"132":{"start":{"line":355,"column":8},"end":{"line":355,"column":39}},"133":{"start":{"line":357,"column":6},"end":{"line":358,"column":21}},"134":{"start":{"line":358,"column":8},"end":{"line":358,"column":20}},"135":{"start":{"line":361,"column":6},"end":{"line":361,"column":48}},"136":{"start":{"line":362,"column":6},"end":{"line":383,"column":22}},"137":{"start":{"line":363,"column":8},"end":{"line":363,"column":50}},"138":{"start":{"line":364,"column":8},"end":{"line":364,"column":17}},"139":{"start":{"line":365,"column":8},"end":{"line":377,"column":33}},"140":{"start":{"line":366,"column":10},"end":{"line":368,"column":29}},"141":{"start":{"line":367,"column":12},"end":{"line":368,"column":28}},"142":{"start":{"line":368,"column":14},"end":{"line":368,"column":27}},"143":{"start":{"line":373,"column":10},"end":{"line":377,"column":32}},"144":{"start":{"line":374,"column":12},"end":{"line":374,"column":35}},"145":{"start":{"line":375,"column":12},"end":{"line":377,"column":31}},"146":{"start":{"line":376,"column":14},"end":{"line":377,"column":30}},"147":{"start":{"line":377,"column":16},"end":{"line":377,"column":29}},"148":{"start":{"line":383,"column":8},"end":{"line":383,"column":21}},"149":{"start":{"line":386,"column":6},"end":{"line":386,"column":18}},"150":{"start":{"line":388,"column":6},"end":{"line":388,"column":19}},"151":{"start":{"line":393,"column":0},"end":{"line":404,"column":19}},"152":{"start":{"line":394,"column":2},"end":{"line":394,"column":34}},"153":{"start":{"line":395,"column":2},"end":{"line":396,"column":20}},"154":{"start":{"line":396,"column":4},"end":{"line":396,"column":19}},"155":{"start":{"line":398,"column":2},"end":{"line":402,"column":21}},"156":{"start":{"line":402,"column":4},"end":{"line":402,"column":20}},"157":{"start":{"line":404,"column":2},"end":{"line":404,"column":18}},"158":{"start":{"line":409,"column":0},"end":{"line":418,"column":19}},"159":{"start":{"line":410,"column":2},"end":{"line":410,"column":40}},"160":{"start":{"line":411,"column":2},"end":{"line":415,"column":24}},"161":{"start":{"line":412,"column":4},"end":{"line":415,"column":23}},"162":{"start":{"line":413,"column":6},"end":{"line":413,"column":20}},"163":{"start":{"line":414,"column":4},"end":{"line":415,"column":23}},"164":{"start":{"line":415,"column":6},"end":{"line":415,"column":22}},"165":{"start":{"line":418,"column":2},"end":{"line":418,"column":18}},"166":{"start":{"line":422,"column":0},"end":{"line":426,"column":37}},"167":{"start":{"line":423,"column":2},"end":{"line":424,"column":22}},"168":{"start":{"line":424,"column":4},"end":{"line":424,"column":21}},"169":{"start":{"line":426,"column":2},"end":{"line":426,"column":36}},"170":{"start":{"line":429,"column":0},"end":{"line":429,"column":32}}},"branchMap":{"1":{"line":97,"type":"binary-expr","locations":[{"start":{"line":97,"column":20},"end":{"line":97,"column":33}},{"start":{"line":97,"column":37},"end":{"line":97,"column":46}}]},"2":{"line":98,"type":"binary-expr","locations":[{"start":{"line":98,"column":19},"end":{"line":98,"column":31}},{"start":{"line":98,"column":35},"end":{"line":98,"column":43}}]},"3":{"line":99,"type":"if","locations":[{"start":{"line":99,"column":4},"end":{"line":99,"column":4}},{"start":{"line":99,"column":4},"end":{"line":99,"column":4}}]},"4":{"line":101,"type":"if","locations":[{"start":{"line":101,"column":6},"end":{"line":101,"column":6}},{"start":{"line":101,"column":6},"end":{"line":101,"column":6}}]},"5":{"line":123,"type":"if","locations":[{"start":{"line":123,"column":4},"end":{"line":123,"column":4}},{"start":{"line":123,"column":4},"end":{"line":123,"column":4}}]},"6":{"line":147,"type":"if","locations":[{"start":{"line":147,"column":4},"end":{"line":147,"column":4}},{"start":{"line":147,"column":4},"end":{"line":147,"column":4}}]},"7":{"line":153,"type":"if","locations":[{"start":{"line":153,"column":4},"end":{"line":153,"column":4}},{"start":{"line":153,"column":4},"end":{"line":153,"column":4}}]},"8":{"line":169,"type":"if","locations":[{"start":{"line":169,"column":6},"end":{"line":169,"column":6}},{"start":{"line":169,"column":6},"end":{"line":169,"column":6}}]},"9":{"line":180,"type":"if","locations":[{"start":{"line":180,"column":4},"end":{"line":180,"column":4}},{"start":{"line":180,"column":4},"end":{"line":180,"column":4}}]},"10":{"line":194,"type":"if","locations":[{"start":{"line":194,"column":4},"end":{"line":194,"column":4}},{"start":{"line":194,"column":4},"end":{"line":194,"column":4}}]},"11":{"line":196,"type":"binary-expr","locations":[{"start":{"line":196,"column":30},"end":{"line":196,"column":48}},{"start":{"line":196,"column":52},"end":{"line":196,"column":61}}]},"12":{"line":210,"type":"if","locations":[{"start":{"line":210,"column":2},"end":{"line":210,"column":2}},{"start":{"line":210,"column":2},"end":{"line":210,"column":2}}]},"13":{"line":221,"type":"if","locations":[{"start":{"line":221,"column":6},"end":{"line":221,"column":6}},{"start":{"line":221,"column":6},"end":{"line":221,"column":6}}]},"14":{"line":238,"type":"if","locations":[{"start":{"line":238,"column":4},"end":{"line":238,"column":4}},{"start":{"line":238,"column":4},"end":{"line":238,"column":4}}]},"15":{"line":245,"type":"if","locations":[{"start":{"line":245,"column":4},"end":{"line":245,"column":4}},{"start":{"line":245,"column":4},"end":{"line":245,"column":4}}]},"16":{"line":253,"type":"if","locations":[{"start":{"line":253,"column":6},"end":{"line":253,"column":6}},{"start":{"line":253,"column":6},"end":{"line":253,"column":6}}]},"17":{"line":261,"type":"if","locations":[{"start":{"line":261,"column":8},"end":{"line":261,"column":8}},{"start":{"line":261,"column":8},"end":{"line":261,"column":8}}]},"18":{"line":272,"type":"if","locations":[{"start":{"line":272,"column":2},"end":{"line":272,"column":2}},{"start":{"line":272,"column":2},"end":{"line":272,"column":2}}]},"19":{"line":283,"type":"if","locations":[{"start":{"line":283,"column":6},"end":{"line":283,"column":6}},{"start":{"line":283,"column"
[...]
,"column":4},"end":{"line":162,"column":28}},"52":{"start":{"line":163,"column":4},"end":{"line":163,"column":28}},"53":{"start":{"line":168,"column":0},"end":{"line":168,"column":42}},"54":{"start":{"line":176,"column":0},"end":{"line":190,"column":68}},"55":{"start":{"line":177,"column":2},"end":{"line":177,"column":19}},"56":{"start":{"line":179,"column":2},"end":{"line":179,"column":25}},"57":{"start":{"line":180,"column":2},"end":{"line":180,"column":32}},"58":{"start":{"line":181,"column":2},"end":{"line":181,"column":26}},"59":{"start":{"line":183,"column":2},"end":{"line":183,"column":37}},"60":{"start":{"line":184,"column":2},"end":{"line":184,"column":30}},"61":{"start":{"line":185,"column":2},"end":{"line":185,"column":38}},"62":{"start":{"line":187,"column":2},"end":{"line":187,"column":59}},"63":{"start":{"line":188,"column":2},"end":{"line":188,"column":42}},"64":{"start":{"line":190,"column":2},"end":{"line":190,"column":66}},"65":{"start":{"line":193,"column":0},"end":{"line":193,"column":73}},"66":{"start":{"line":195,"column":0},"end":{"line":195,"column":32}}},"branchMap":{"1":{"line":33,"type":"binary-expr","locations":[{"start":{"line":33,"column":11},"end":{"line":33,"column":26}},{"start":{"line":33,"column":30},"end":{"line":33,"column":40}}]},"2":{"line":66,"type":"if","locations":[{"start":{"line":66,"column":4},"end":{"line":66,"column":4}},{"start":{"line":66,"column":4},"end":{"line":66,"column":4}}]},"3":{"line":70,"type":"if","locations":[{"start":{"line":70,"column":4},"end":{"line":70,"column":4}},{"start":{"line":70,"column":4},"end":{"line":70,"column":4}}]},"4":{"line":77,"type":"cond-expr","locations":[{"start":{"line":78,"column":2},"end":{"line":78,"column":30}},{"start":{"line":79,"column":2},"end":{"line":79,"column":35}}]},"5":{"line":80,"type":"if","locations":[{"start":{"line":80,"column":2},"end":{"line":80,"column":2}},{"start":{"line":80,"column":2},"end":{"line":80,"column":2}}]},"6":{"line":93,"type":"if","locations":[{"start":{"line":93,"column":4},"end":{"line":93,"column":4}},{"start":{"line":93,"column":4},"end":{"line":93,"column":4}}]},"7":{"line":102,"type":"if","locations":[{"start":{"line":102,"column":4},"end":{"line":102,"column":4}},{"start":{"line":102,"column":4},"end":{"line":102,"column":4}}]},"8":{"line":106,"type":"if","locations":[{"start":{"line":106,"column":4},"end":{"line":106,"column":4}},{"start":{"line":106,"column":4},"end":{"line":106,"column":4}}]},"9":{"line":116,"type":"if","locations":[{"start":{"line":116,"column":4},"end":{"line":116,"column":4}},{"start":{"line":116,"column":4},"end":{"line":116,"column":4}}]},"10":{"line":125,"type":"if","locations":[{"start":{"line":125,"column":4},"end":{"line":125,"column":4}},{"start":{"line":125,"column":4},"end":{"line":125,"column":4}}]},"11":{"line":129,"type":"if","locations":[{"start":{"line":129,"column":4},"end":{"line":129,"column":4}},{"start":{"line":129,"column":4},"end":{"line":129,"column":4}}]}},"l":{"15":1,"17":1,"18":1,"19":1,"25":1,"33":8,"56":1,"57":8,"58":8,"60":8,"61":8,"62":8,"64":8,"65":8,"66":64,"67":0,"69":64,"70":64,"71":16,"73":48,"77":8,"80":8,"81":2,"83":6,"85":8,"88":1,"91":2,"92":2,"93":2,"94":2,"102":2,"103":1,"106":1,"107":0,"109":1,"111":1,"115":2,"116":2,"117":2,"125":2,"126":1,"129":1,"130":0,"132":1,"134":1,"143":1,"157":2,"158":2,"159":16,"161":2,"162":2,"163":2,"168":1,"176":1,"177":0,"179":0,"180":0,"181":0,"183":0,"184":0,"185":0,"187":0,"188":0,"190":0,"193":1,"195":1}},
"/home/rui/Documents/react/src/renderers/dom/client/utils/getNodeForCharacterOffset.js":{"path":"/home/rui/Documents/react/src/renderers/dom/client/utils/getNodeForCharacterOffset.js","s":{"1":1,"2":26,"3":38,"4":26,"5":1,"6":17,"7":40,"8":14,"9":26,"10":1,"11":9,"12":9,"13":9,"14":9,"15":23,"16":20,"17":20,"18":6,"19":14,"20":17,"21":1},"b":{"1":[64,61],"2":[14,26],"3":[20,3],"4":[6,14],"5":[20,19]},"f":{"1":26,"2":17,"3":9},"fnMap":{"1":{"name":"getLeafNode","line":20,"loc":{"start":{"line":20,"column":0},"end":{"line":20,"column":27}}},"2":{"name":"getSiblingNode","line":34,"loc":{"start":{"line":34,"column":0},"end":{"line":34,"column":30}}},"3":{"name":"getNodeForCharacterOffset","line":50,"loc":{"start":{"line":50,"column":0},"end":{"line":50,"column":49}}}},"statementMap":{"1":{"start":{"line":20,"column":0},"end":{"line":24,"column":15}},"2":{"start":{"line":21,"column":2},"end":{"line":22,"column":28}},"3":{"start":{"line":22,"column":4},"end":{"line":22,"column":27}},"4":{"start":{"line":24,"column":2},"end":{"line":24,"column":14}},"5":{"start":{"line":34,"column":0},"end":{"line":39,"column":29}},"6":{"start":{"line":35,"column":2},"end":{"line":39,"column":28}},"7":{"start":{"line":36,"column":4},"end":{"line":37,"column":31}},"8":{"start":{"line":37,"column":6},"end":{"line":37,"column":30}},"9":{"start":{"line":39,"column":4},"end":{"line":39,"column":27}},"10":{"start":{"line":50,"column":0},"end":{"line":69,"column":47}},"11":{"start":{"line":51,"column":2},"end":{"line":51,"column":31}},"12":{"start":{"line":52,"column":2},"end":{"line":52,"column":20}},"13":{"start":{"line":53,"column":2},"end":{"line":53,"column":18}},"14":{"start":{"line":55,"column":2},"end":{"line":69,"column":46}},"15":{"start":{"line":56,"column":4},"end":{"line":66,"column":27}},"16":{"start":{"line":57,"column":6},"end":{"line":57,"column":52}},"17":{"start":{"line":59,"column":6},"end":{"line":62,"column":40}},"18":{"start":{"line":60,"column":8},"end":{"line":62,"column":39}},"19":{"start":{"line":66,"column":6},"end":{"line":66,"column":26}},"20":{"start":{"line":69,"column":4},"end":{"line":69,"column":45}},"21":{"start":{"line":73,"column":0},"end":{"line":73,"column":43}}},"branchMap":{"1":{"line":21,"type":"binary-expr","locations":[{"start":{"line":21,"column":9},"end":{"line":21,"column":13}},{"start":{"line":21,"column":17},"end":{"line":21,"column":32}}]},"2":{"line":36,"type":"if","locations":[{"start":{"line":36,"column":4},"end":{"line":36,"column":4}},{"start":{"line":36,"column":4},"end":{"line":36,"column":4}}]},"3":{"line":56,"type":"if","locations":[{"start":{"line":56,"column":4},"end":{"line":56,"column":4}},{"start":{"line":56,"column":4},"end":{"line":56,"column":4}}]},"4":{"line":59,"type":"if","locations":[{"start":{"line":59,"column":6},"end":{"line":59,"column":6}},{"start":{"line":59,"column":6},"end":{"line":59,"column":6}}]},"5":{"line":59,"type":"binary-expr","locations":[{"start":{"line":59,"column":10},"end":{"line":59,"column":29}},{"start":{"line":59,"column":33},"end":{"line":59,"column":50}}]}},"l":{"20":1,"21":26,"22":38,"24":26,"34":1,"35":17,"36":40,"37":14,"39":26,"50":1,"51":9,"52":9,"53":9,"55":9,"56":23,"57":20,"59":20,"60":6,"66":14,"69":17,"73":1}},
"/home/rui/Documents/react/src/renderers/dom/client/eventPlugins/SelectEventPlugin.js":{"path":"/home/rui/Documents/react/src/renderers/dom/client/eventPlugins/SelectEventPlugin.js","s":{"1":1,"2":1,"3":1,"4":1,"5":1,"6":1,"7":1,"8":1,"9":1,"10":1,"11":1,"12":1,"13":1,"14":1,"15":1,"16":1,"17":1,"18":1,"19":1,"20":1,"21":1,"22":1,"23":0,"24":0,"25":0,"26":0,"27":0,"28":0,"29":1,"30":1,"31":0,"32":1,"33":1,"34":1,"35":1,"36":1,"37":1,"38":1,"39":1,"40":0,"41":1,"42":5,"43":2,"44":3,"45":3,"46":1,"47":1,"48":1,"49":1,"50":1,"51":0,"52":0,"53":0,"54":0,"55":1,"56":1,"57":1,"58":1,"59":0,"60":0,"61":0,"62":2,"63":1,"64":1,"65":1},"b":{"1":[1,1,0],"2":[1,0],"3":[1,1],"4":[0,0],"5":[0,0],"6":[0,1],"7":[1,1,1],"8":[1,0],"9":[1,0],"10":[2,3],"11":[3,0],"12":[1,0,1,0,1,0,0,0],"13":[1,0],"14":[1,0],"15":[0,0],"16":[1,0]},"f":{"1":1,"2":1,"3":5,"4":1},"fnMap":{"1":{"name":"getSelection","line":71,"loc":{"start":{"line":71,"column":0},"end":{"line":71,"column":28}}},"2":{"name":"constructSelectEvent","line":103,"loc":{"start":{"line":103,"column":0},"end":{"line":103,"column":62}}},"3":{"name":"(anonymous_3)","line":155,"loc":{"start":{"line":155,"column":17},"end":{"line":160,"column":2}}},"4":{"name":"(anonymous_4)","line":216,"loc":{"start":{"line":216,"column":18},"end":{"line":216,"column":62}}}},"statementMap":{"1":{"start":{"line":14,"column":0},"end":{"line":14,"column":47}},"2":{"start":{"line":15,"column":0},"end":{"line":15,"column":51}},"3":{"start":{"line":16,"column":0},"end":{"line":16,"column":107}},"4":{"start":{"line":17,"column":0},"end":{"line":17,"column":61}},"5":{"start":{"line":18,"column":0},"end":{"line":18,"column":57}},"6":{"start":{"line":19,"column":0},"end":{"line":19,"column":47}},"7":{"start":{"line":21,"column":0},"end":{"line":21,"column":99}},"8":{"start":{"line":22,"column":0},"end":{"line":22,"column":55}},"9":{"start":{"line":23,"column":0},"end":{"line":23,"column":77}},"10":{"start":{"line":24,"column":0},"end":{"line":24,"column":91}},"11":{"start":{"line":26,"column":0},"end":{"line":26,"column":49}},"12":{"start":{"line":28,"column":0},"end":{"line":31,"column":28}},"13":{"start":{"line":34,"column":0},"end":{"line":47,"column":42}},"14":{"start":{"line":52,"column":0},"end":{"line":52,"column":25}},"15":{"start":{"line":53,"column":0},"end":{"line":53,"column":29}},"16":{"start":{"line":54,"column":0},"end":{"line":54,"column":25}},"17":{"start":{"line":55,"column":0},"end":{"line":55,"column":22}},"18":{"start":{"line":59,"column":0},"end":{"line":59,"column":24}},"19":{"start":{"line":60,"column":0},"end":{"line":60,"column":46}},"20":{"start":{"line":71,"column":0},"end":{"line":92,"column":35}},"21":{"start":{"line":72,"column":2},"end":{"line":92,"column":34}},"22":{"start":{"line":74,"column":4},"end":{"line":76,"column":31}},"23":{"start":{"line":78,"column":2},"end":{"line":92,"column":34}},"24":{"start":{"line":79,"column":4},"end":{"line":79,"column":42}},"25":{"start":{"line":80,"column":4},"end":{"line":84,"column":43}},"26":{"start":{"line":86,"column":2},"end":{"line":92,"column":34}},"27":{"start":{"line":87,"column":4},"end":{"line":87,"column":49}},"28":{"start":{"line":88,"column":4},"end":{"line":92,"column":33}},"29":{"start":{"line":103,"column":0},"end":{"line":134,"column":15}},"30":{"start":{"line":108,"column":2},"end":{"line":111,"column":17}},"31":{"start":{"line":111,"column":4},"end":{"line":111,"column":16}},"32":{"start":{"line":115,"column":2},"end":{"line":115,"column":53}},"33":{"start":{"line":116,"column":2},"end":{"line":131,"column":27}},"34":{"start":{"line":117,"column":4},"end":{"line":117,"column":37}},"35":{"start":{"line":119,"column":4},"end":{"line":123,"column":23}},"36":{"start":{"line":126,"column":4},"end":{"line":126,"column":35}},"37":{"start":{"line":127,"column":4},"end":{"line":127,"column":42}},"38":{"start":{"line":129,"column":4},"end":{"line":129,"column":66}},"39":{"start":{"line":131,"column":4},"end":{"line":131,"column":26}},"40":{"start":{"line":134,"column":2},"end":{"line":134,"column":14}},"41":{"start":{"line":151,"column":0},"end":{"line":218,"column":30}},"42":{"start":{"line":161,"column":4},"end":{"line":162,"column":19}},"43":{"start":{"line":162,"column":6},"end":{"line":162,"column":18}},"44":{"start":{"line":165,"column":4},"end":{"line":166,"column":67}},"45":{"start":{"line":168,"column":4},"end":{"line":210,"column":69}},"46":{"start":{"line":171,"column":8},"end":{"line":175,"column":32}},"47":{"start":{"line":173,"column":10},"end":{"line":173,"column":37}},"48":{"start":{"line":174,"column":10},"end":{"line":174,"column":41}},"49":{"start":{"line":175,"column":10},"end":{"line":175,"column":31}},"50":{"start":{"line":177,"column":8},"end":{"line":177,"column":14}},"51":{"start":{"line":179,"column":8},"end":{"line":179,"column":29}},"52":{"start":{"line":180,"column":8},"end":{"line":180,"column":33}},"53":{"start":{"line":181,"column":8},"end":{"line":181,"column":29}},"54":{"start":{"line":182,"column":8},"end":{"line":182,"column":14}},"55":{"start":{"line":187,"column":8},"end":{"line":187,"column":25}},"56":{"start":{"line":188,"column":8},"end":{"line":188,"column":14}},"57":{"start":{"line":191,"column":8},"end":{"line":191,"column":26}},"58":{"start":{"line":192,"column":8},"end":{"line":192,"column":68}},"59":{"start":{"line":204,"column":8},"end":{"line":205,"column":17}},"60":{"start":{"line":205,"column":10},"end":{"line":205,"column":16}},"61":{"start":{"line":210,"column":8},"end":{"line":210,"column":68}},"62":{"start":{"line":213,"column":4},"end":{"line":213,"column":16}},"63":{"start":{"line":217,"column":4},"end":{"line":218,"column":26}},"64":{"start":{"line":218,"column":6},"end":{"line":218,"column":25}},"65":{"start":{"line":223,"column":0},"end":{"line":223,"column":35}}},"branchMap":{"1":{"line":29,"type":"binary-expr","locations":[{"start":{"line":29,"column":0},"end":{"line":29,"column":30}},{"start":{"line":30,"column":0},"end":{"line":30,"column":26}},{"start":{"line":31,"column":0},"end":{"line":31,"column":27}}]},"2":{"line":72,"type":"if","locations":[{"start":{"line":72,"column":2},"end":{"line":72,"column":2}},{"start":{"line":72,"column":2},"end":{"line":72,"column":2}}]},"3":{"line":72,"type":"binary-expr","locations":[{"start":{"line":72,"column":6},"end":{"line":72,"column":30}},{"start":{"line":73,"column":2},"end":{"line":73,"column":52}}]},"4":{"line":78,"type":"if","locations":[{"start":{"line":78,"column":2},"end":{"line":78,"column":2}},{"start":{"line":78,"column":2},"end":{"line":78,"column":2}}]},"5":{"line":86,"type":"if","locations":[{"start":{"line":86,"column":2},"end":{"line":86,"column":2}},{"start":{"line":86,"column":2},"end":{"line":86,"column":2}}]},"6":{"line":108,"type":"if","locations":[{"start":{"line":108,"column":2},"end":{"line":108,"column":2}},{"start":{"line":108,"column":2},"end":{"line":108,"column":2}}]},"7":{"line":108,"type":"binary-expr","locations":[{"start":{"line":108,"column":6},"end":{"line":108,"column":15}},{"start":{"line":109,"column":2},"end":{"line":109,"column":23}},{"start":{"line":110,"column":2},"end":{"line":110,"column":38}}]},"8":{"line":116,"type":"if","locations":[{"start":{"line":116,"column":2},"end":{"line":116,"column":2}},{"start":{"line":116,"column":2},"end":{"line":116,"column":2}}]},"9":{"line":116,"type":"binary-expr","locations":[{"start":{"line":116,"column":6},"end":{"line":116,"column":20}},{"start":{"line":116,"column":24},"end":{"line":116,"column":70}}]},"10":{"line":161,"type":"if","locations":[{"start":{"line":161,"column":4},"end":{"line":161,"column":4}},{"start":{"line":161,"column":4},"end":{"line":161,"column":4}}]},"11":{"line":165,"type":"cond-expr","locations":[{"start":{"line":166,"column":4},"end":{"line":166,"column":57}},{"start":{"line":166,"column":60},"end":{"line":166,"column":66}}]},"12":{"line":168,"type":"switch","locations":[{"start":{"line":170,"column":6},"end":{"line":177,"column":14}},{"start":{"line":178,"column":6},"end":{"line":182,"column":14}},{"start":{"line":186,"column":6},"end":{"line":188,"column":14}},{"start":{"line":189,"column":6},"end":{"line":189,"column":40}},{"start":{"line":190,"column":6},"end":{"line":192,"column":68}},{"start":{"line":203,"column":6},"end":{"line":205,"column":17}},{"start":{"line":208,"column":6},"end":{"line":208,"column":36}},{"start":{"line":209,"column":6},"end":{"line":210,"column":68}}]},"13":{"line":171,"type":"if","locations":[{"start":{"line":171,"column":8},"end":{"line":171,"column":8}},{"start":{"line":171,"column":8},"end":{"line":171,"column":8}}]},"14":{"line":171,"type":"binary-expr","locations":[{"start":{"line":171,"column":12},"end":{"line":171,"column":42}},{"start":{"line":172,"column":8},"end":{"line":172,"column":45}}]},"15":{"line":204,"type":"if","locations":[{"start":{"line":204,"column":8},"end":{"line":204,"column":8}},{"start":{"line":204,"column":8},"end":{"line":204,"column":8}}]},"16":{"line":217,"type":"if","locations":[{"start":{"line":217,"column":4},"end":{"line":217,"column":4}},{"start":{"line":217,"column":4},"end":{"line":217,"column":4}}]}},"l":{"14":1,"15":1,"16":1,"17":1,"18":1,"19":1,"21":1,"22":1,"23":1,"24":1,"26":1,"28":1,"34":1,"52":1,"53":1,"54":1,"55":1,"59":1,"60":1,"71":1,"72":1,"74":1,"78":0,"79":0,"80":0,"86":0,"87":0,"88":0,"103":1,"108":1,"111":0,"115":1,"116":1,"117":1,"119":1,"126":1,"127":1,"129":1,"131":1,"134":0,"151":1,"161":5,"162":2,"165":3,"168":3,"171":1,"173":1,"174":1,"175":1,"177":1,"179":0,"180":0,"181":0,"182":0,"187":1,"188":1,"191":1,"192":1,"204":0,"205":0,"210":0,"213":2,"217":1,"218":1,"223":1}},
"/home/rui/Documents/react/src/renderers/dom/shared/quoteAttributeValueForBrowser.js":{"path":"/home/rui/Documents/react/src/renderers/dom/shared/quoteAttributeValueForBrowser.js","s":{"1":1,"2":1,"3":6,"4":1},"b":{},"f":{"1":6},"fnMap":{"1":{"name":"quoteAttributeValueForBrowser","line":22,"loc":{"start":{"line":22,"column":0},"end":{"line":22,"column":46}}}},"statementMap":{"1":{"start":{"line":14,"column":0},"end":{"line":14,"column":73}},"2":{"start":{"line":22,"column":0},"end":{"line":23,"column":57}},"3":{"start":{"line":23,"column":2},"end":{"line":23,"column":56}},"4":{"start":{"line":26,"column":0},"end":{"line":26,"column":47}}},"branchMap":{},"l":{"14":1,"22":1,"23":6,"26":1}},
"/home/rui/Documents/react/src/renderers/dom/shared/escapeTextContentForBrowser.js":{"path":"/home/rui/Documents/react/src/renderers/dom/shared/escapeTextContentForBrowser.js","s":{"1":1,"2":1,"3":1,"4":9,"5":1,"6":6,"7":1},"b":{},"f":{"1":9,"2":6},"fnMap":{"1":{"name":"escaper","line":24,"loc":{"start":{"line":24,"column":0},"end":{"line":24,"column":24}}},"2":{"name":"escapeTextContentForBrowser","line":34,"loc":{"start":{"line":34,"column":0},"end":{"line":34,"column":43}}}},"statementMap":{"1":{"start":{"line":14,"column":0},"end":{"line":19,"column":19}},"2":{"start":{"line":22,"column":0},"end":{"line":22,"column":30}},"3":{"start":{"line":24,"column":0},"end":{"line":25,"column":31}},"4":{"start":{"line":25,"column":2},"end":{"line":25,"column":30}},"5":{"start":{"line":34,"column":0},"end":{"line":35,"column":53}},"6":{"start":{"line":35,"column":2},"end":{"line":35,"column":52}},"7":{"start":{"line":38,"column":0},"end":{"line":38,"column":45}}},"branchMap":{},"l":{"14":1,"22":1,"24":1,"25":9,"34":1,"35":6,"38":1}},
"/home/rui/Documents/react/src/shared/utils/adler32.js":{"path":"/home/rui/Documents/react/src/shared/utils/adler32.js","s":{"1":1,"2":1,"3":8,"4":8,"5":8,"6":8,"7":8,"8":8,"9":1151,"10":1151,"11":1175006,"12":1151,"13":1151,"14":8,"15":10,"16":8,"17":8,"18":8,"19":1},"b":{},"f":{"1":8},"fnMap":{"1":{"name":"adler32","line":21,"loc":{"start":{"line":21,"column":0},"end":{"line":21,"column":23}}}},"statementMap":{"1":{"start":{"line":14,"column":0},"end":{"line":14,"column":16}},"2":{"start":{"line":21,"column":0},"end":{"line":45,"column":22}},"3":{"start":{"line":22,"column":2},"end":{"line":22,"column":12}},"4":{"start":{"line":23,"column":2},"end":{"line":23,"column":12}},"5":{"start":{"line":24,"column":2},"end":{"line":24,"column":12}},"6":{"start":{"line":25,"column":2},"end":{"line":25,"column":22}},"7":{"start":{"line":26,"column":2},"end":{"line":26,"column":19}},"8":{"start":{"line":27,"column":2},"end":{"line":38,"column":14}},"9":{"start":{"line":28,"column":4},"end":{"line":28,"column":34}},"10":{"start":{"line":29,"column":4},"end":{"line":34,"column":36}},"11":{"start":{"line":30,"column":6},"end":{"line":34,"column":35}},"12":{"start":{"line":37,"column":4},"end":{"line":37,"column":13}},"13":{"start":{"line":38,"column":4},"end":{"line":38,"column":13}},"14":{"start":{"line":40,"column":2},"end":{"line":41,"column":34}},"15":{"start":{"line":41,"column":4},"end":{"line":41,"column":33}},"16":{"start":{"line":43,"column":2},"end":{"line":43,"column":11}},"17":{"start":{"line":44,"column":2},"end":{"line":44,"column":11}},"18":{"start":{"line":45,"column":2},"end":{"line":45,"column":21}},"19":{"start":{"line":48,"column":0},"end":{"line":48,"column":25}}},"branchMap":{},"l":{"14":1,"21":1,"22":8,"23":8,"24":8,"25":8,"26":8,"27":8,"28":1151,"29":1151,"30":1175006,"37":1151,"38":1151,"40":8,"41":10,"43":8,"44":8,"45":8,"48":1}}}
