TN:
SF:/home/rui/Documents/react/src/React.js
FNF:0
FNH:0
DA:14,404
DA:15,404
DA:16,404
DA:18,404
DA:19,404
DA:22,404
DA:24,404
DA:26,404
DA:67,404
DA:69,404
LF:10
LH:10
BRF:0
BRH:0
end_of_record
TN:
SF:/home/rui/Documents/react/src/renderers/dom/ReactDOM.js
FN:54,(anonymous_1)
FN:88,testFn
FNF:2
FNH:0
FNDA:0,(anonymous_1)
FNDA:0,testFn
DA:16,330
DA:17,330
DA:18,330
DA:19,330
DA:20,330
DA:21,330
DA:22,330
DA:24,330
DA:25,330
DA:26,330
DA:27,330
DA:29,330
DA:31,330
DA:33,330
DA:47,330
DA:50,0
DA:56,0
DA:57,0
DA:59,0
DA:60,0
DA:62,0
DA:71,330
DA:72,330
DA:73,330
DA:76,330
DA:78,330
DA:81,0
DA:88,330
DA:89,330
DA:99,330
DA:102,330
DA:109,330
DA:123,330
DA:124,3300
DA:125,0
DA:130,0
DA:136,330
LF:37
LH:28
BRDA:47,1,0,0
BRDA:47,1,1,330
BRDA:48,2,0,330
BRDA:48,2,1,0
BRDA:56,3,0,0
BRDA:56,3,1,0
BRDA:59,4,0,0
BRDA:59,4,1,0
BRDA:71,5,0,330
BRDA:71,5,1,0
BRDA:73,6,0,330
BRDA:73,6,1,0
BRDA:73,7,0,330
BRDA:73,7,1,330
BRDA:76,8,0,330
BRDA:76,8,1,0
BRDA:78,9,0,0
BRDA:78,9,1,330
BRDA:78,10,0,330
BRDA:78,10,1,0
BRDA:78,10,2,330
BRDA:90,11,0,330
BRDA:90,11,1,0
BRDA:100,12,0,330
BRDA:100,12,1,0
BRDA:124,13,0,0
BRDA:124,13,1,3300
BRF:27
BRH:13
end_of_record
TN:
SF:/home/rui/Documents/react/src/test/ReactTestUtils.js
FN:35,Event
FN:41,findAllInRenderedTreeInternal
FN:79,(anonymous_3)
FN:89,(anonymous_4)
FN:93,(anonymous_5)
FN:100,(anonymous_6)
FN:104,(anonymous_7)
FN:110,(anonymous_8)
FN:121,(anonymous_9)
FN:133,(anonymous_10)
FN:146,(anonymous_11)
FN:156,(anonymous_12)
FN:164,(anonymous_13)
FN:180,(anonymous_14)
FN:184,(anonymous_15)
FN:192,(anonymous_16)
FN:206,(anonymous_17)
FN:224,(anonymous_18)
FN:225,(anonymous_19)
FN:237,(anonymous_20)
FN:253,(anonymous_21)
FN:254,(anonymous_22)
FN:268,(anonymous_23)
FN:295,(anonymous_24)
FN:298,(anonymous_25)
FN:316,(anonymous_26)
FN:331,(anonymous_27)
FN:342,(anonymous_28)
FN:350,(anonymous_29)
FN:361,(anonymous_30)
FN:365,(anonymous_31)
FN:373,(anonymous_32)
FN:377,(anonymous_33)
FN:384,(anonymous_34)
FN:387,(anonymous_35)
FN:392,(anonymous_36)
FN:396,(anonymous_37)
FN:401,(anonymous_38)
FN:405,(anonymous_39)
FN:408,(anonymous_40)
FN:415,(anonymous_41)
FN:440,(anonymous_42)
FN:446,(anonymous_43)
FN:467,makeSimulator
FN:468,(anonymous_45)
FN:502,(anonymous_46)
FN:509,buildSimulators
FN:524,(anonymous_48)
FN:529,(anonymous_49)
FN:552,makeNativeSimulator
FN:553,(anonymous_51)
FN:573,(anonymous_52)
FNF:52
FNH:45
FNDA:63,Event
FNDA:124,findAllInRenderedTreeInternal
FNDA:330,(anonymous_3)
FNDA:34,(anonymous_4)
FNDA:0,(anonymous_5)
FNDA:376,(anonymous_6)
FNDA:0,(anonymous_7)
FNDA:73,(anonymous_8)
FNDA:16,(anonymous_9)
FNDA:0,(anonymous_10)
FNDA:0,(anonymous_11)
FNDA:0,(anonymous_12)
FNDA:23,(anonymous_13)
FNDA:16,(anonymous_14)
FNDA:87,(anonymous_15)
FNDA:63,(anonymous_16)
FNDA:4,(anonymous_17)
FNDA:1,(anonymous_18)
FNDA:6,(anonymous_19)
FNDA:0,(anonymous_20)
FNDA:5,(anonymous_21)
FNDA:16,(anonymous_22)
FNDA:2,(anonymous_23)
FNDA:6,(anonymous_24)
FNDA:4,(anonymous_25)
FNDA:15,(anonymous_26)
FNDA:14,(anonymous_27)
FNDA:8,(anonymous_28)
FNDA:10,(anonymous_29)
FNDA:10,(anonymous_30)
FNDA:8,(anonymous_31)
FNDA:1,(anonymous_32)
FNDA:10,(anonymous_33)
FNDA:10,(anonymous_34)
FNDA:1,(anonymous_35)
FNDA:1,(anonymous_36)
FNDA:2,(anonymous_37)
FNDA:9,(anonymous_38)
FNDA:10,(anonymous_39)
FNDA:1,(anonymous_40)
FNDA:12,(anonymous_41)
FNDA:1,(anonymous_42)
FNDA:10,(anonymous_43)
FNDA:22461,makeSimulator
FNDA:50,(anonymous_45)
FNDA:49,(anonymous_46)
FNDA:340,buildSimulators
FNDA:0,(anonymous_48)
FNDA:21,(anonymous_49)
FNDA:20416,makeNativeSimulator
FNDA:14,(anonymous_51)
FNDA:20416,(anonymous_52)
DA:14,319
DA:15,319
DA:16,319
DA:17,319
DA:18,319
DA:19,319
DA:20,319
DA:21,319
DA:22,319
DA:23,319
DA:24,319
DA:25,319
DA:26,319
DA:28,319
DA:29,319
DA:30,319
DA:31,319
DA:33,319
DA:35,49
DA:41,49
DA:42,124
DA:43,11
DA:45,113
DA:46,113
DA:47,113
DA:48,113
DA:49,72
DA:50,72
DA:51,72
DA:52,60
DA:53,0
DA:55,60
DA:62,41
DA:66,41
DA:70,113
DA:78,319
DA:80,330
DA:86,330
DA:90,34
DA:94,0
DA:101,376
DA:105,0
DA:111,73
DA:114,6
DA:116,67
DA:122,16
DA:123,6
DA:125,10
DA:126,10
DA:130,10
DA:134,0
DA:135,0
DA:139,0
DA:140,0
DA:147,0
DA:148,0
DA:152,0
DA:157,0
DA:158,0
DA:160,0
DA:161,0
DA:165,23
DA:166,0
DA:168,23
DA:172,23
DA:181,16
DA:182,13
DA:184,16
DA:185,87
DA:186,59
DA:187,59
DA:189,0
DA:191,59
DA:192,59
DA:193,63
DA:196,28
DA:207,4
DA:209,4
DA:210,0
DA:215,4
DA:225,1
DA:226,6
DA:238,0
DA:239,0
DA:240,0
DA:245,0
DA:254,5
DA:255,16
DA:269,2
DA:273,2
DA:274,0
DA:279,2
DA:296,6
DA:298,6
DA:299,4
DA:306,6
DA:317,15
DA:318,15
DA:335,14
DA:343,8
DA:351,10
DA:361,319
DA:362,10
DA:365,319
DA:366,8
DA:373,319
DA:374,1
DA:377,319
DA:378,10
DA:379,10
DA:382,319
DA:388,1
DA:389,1
DA:393,1
DA:401,319
DA:402,319
DA:406,10
DA:415,319
DA:416,12
DA:424,11
DA:432,10
DA:433,9
DA:435,10
DA:436,10
DA:437,10
DA:440,319
DA:441,1
DA:442,1
DA:446,319
DA:447,10
DA:448,1
DA:450,9
DA:451,9
DA:453,9
DA:455,9
DA:467,49
DA:468,22461
DA:469,50
DA:470,50
DA:475,49
DA:476,49
DA:477,0
DA:478,0
DA:481,49
DA:484,49
DA:485,49
DA:488,49
DA:494,49
DA:496,49
DA:497,48
DA:499,1
DA:502,49
DA:503,49
DA:504,49
DA:509,49
DA:510,340
DA:512,340
DA:513,340
DA:518,22461
DA:523,319
DA:524,319
DA:525,0
DA:526,0
DA:528,319
DA:529,319
DA:530,21
DA:531,21
DA:534,319
DA:552,49
DA:553,20416
DA:554,14
DA:555,14
DA:556,14
DA:557,14
DA:562,0
DA:564,0
DA:573,319
DA:575,20416
DA:581,20416
DA:585,319
LF:180
LH:152
BRDA:42,1,0,11
BRDA:42,1,1,113
BRDA:42,2,0,124
BRDA:42,2,1,124
BRDA:46,3,0,23
BRDA:46,3,1,90
BRDA:48,4,0,72
BRDA:48,4,1,41
BRDA:52,5,0,0
BRDA:52,5,1,60
BRDA:62,6,0,41
BRDA:62,6,1,0
BRDA:63,7,0,41
BRDA:63,7,1,41
BRDA:95,8,0,0
BRDA:95,8,1,0
BRDA:101,9,0,376
BRDA:101,9,1,374
BRDA:101,9,2,235
BRDA:105,10,0,0
BRDA:105,10,1,0
BRDA:105,10,2,0
BRDA:111,11,0,6
BRDA:111,11,1,67
BRDA:116,12,0,67
BRDA:116,12,1,67
BRDA:116,12,2,67
BRDA:122,13,0,6
BRDA:122,13,1,10
BRDA:134,14,0,0
BRDA:134,14,1,0
BRDA:141,15,0,0
BRDA:141,15,1,0
BRDA:152,16,0,0
BRDA:152,16,1,0
BRDA:157,17,0,0
BRDA:157,17,1,0
BRDA:165,18,0,0
BRDA:165,18,1,23
BRDA:181,19,0,13
BRDA:181,19,1,3
BRDA:185,20,0,59
BRDA:185,20,1,28
BRDA:187,21,0,0
BRDA:187,21,1,59
BRDA:189,22,0,0
BRDA:189,22,1,0
BRDA:209,23,0,0
BRDA:209,23,1,4
BRDA:226,24,0,6
BRDA:226,24,1,4
BRDA:239,25,0,0
BRDA:239,25,1,0
BRDA:273,26,0,0
BRDA:273,26,1,2
BRDA:296,27,0,6
BRDA:296,27,1,6
BRDA:296,27,2,6
BRDA:367,28,0,8
BRDA:367,28,1,8
BRDA:367,28,2,8
BRDA:367,28,3,1
BRDA:374,29,0,1
BRDA:374,29,1,0
BRDA:419,30,0,1
BRDA:419,30,1,11
BRDA:432,31,0,9
BRDA:432,31,1,1
BRDA:441,32,0,1
BRDA:441,32,1,0
BRDA:447,33,0,1
BRDA:447,33,1,9
BRDA:475,34,0,49
BRDA:475,34,1,0
BRDA:477,35,0,0
BRDA:477,35,1,0
BRDA:496,36,0,48
BRDA:496,36,1,1
BRDA:556,37,0,14
BRDA:556,37,1,0
BRDA:562,38,0,0
BRDA:562,38,1,0
BRDA:575,39,0,20416
BRDA:575,39,1,0
BRF:84
BRH:52
end_of_record
TN:
SF:/home/rui/Documents/react/src/test/reactComponentExpect.js
FN:21,reactComponentExpect
FN:46,reactComponentExpectInternal
FN:56,(anonymous_3)
FN:74,(anonymous_4)
FN:84,(anonymous_5)
FN:103,(anonymous_6)
FN:111,(anonymous_7)
FN:119,(anonymous_8)
FN:130,(anonymous_9)
FN:138,(anonymous_10)
FN:146,(anonymous_11)
FN:153,(anonymous_12)
FN:158,(anonymous_13)
FN:167,(anonymous_14)
FN:176,(anonymous_15)
FN:185,(anonymous_16)
FN:201,(anonymous_17)
FN:217,(anonymous_18)
FNF:18
FNH:15
FNDA:68,reactComponentExpect
FNDA:60,reactComponentExpectInternal
FNDA:119,(anonymous_3)
FNDA:24,(anonymous_4)
FNDA:2,(anonymous_5)
FNDA:1,(anonymous_6)
FNDA:3,(anonymous_7)
FNDA:0,(anonymous_8)
FNDA:30,(anonymous_9)
FNDA:6,(anonymous_10)
FNDA:1,(anonymous_11)
FNDA:2,(anonymous_12)
FNDA:0,(anonymous_13)
FNDA:14,(anonymous_14)
FNDA:8,(anonymous_15)
FNDA:0,(anonymous_16)
FNDA:3,(anonymous_17)
FNDA:8,(anonymous_18)
DA:15,54
DA:16,54
DA:18,54
DA:19,54
DA:21,8
DA:22,68
DA:23,0
DA:26,68
DA:27,34
DA:30,34
DA:31,34
DA:33,34
DA:37,34
DA:39,34
DA:40,34
DA:41,34
DA:43,34
DA:46,8
DA:47,60
DA:50,54
DA:57,119
DA:75,24
DA:76,24
DA:78,24
DA:87,2
DA:88,2
DA:90,2
DA:91,3
DA:92,0
DA:94,3
DA:95,3
DA:96,2
DA:100,0
DA:104,1
DA:105,1
DA:106,1
DA:107,1
DA:108,1
DA:112,3
DA:113,3
DA:114,3
DA:120,0
DA:123,0
DA:131,30
DA:135,30
DA:139,6
DA:140,6
DA:143,6
DA:147,1
DA:148,1
DA:149,1
DA:150,1
DA:154,2
DA:155,2
DA:159,0
DA:160,0
DA:168,14
DA:169,14
DA:177,8
DA:178,8
DA:179,8
DA:186,0
DA:187,0
DA:188,0
DA:189,0
DA:191,0
DA:194,0
DA:202,3
DA:203,3
DA:204,3
DA:205,0
DA:207,3
DA:210,3
DA:218,8
DA:219,8
DA:220,13
DA:221,0
DA:223,13
DA:226,8
DA:230,54
LF:80
LH:65
BRDA:22,1,0,0
BRDA:22,1,1,68
BRDA:26,2,0,34
BRDA:26,2,1,34
BRDA:89,3,0,2
BRDA:89,3,1,0
BRDA:91,4,0,0
BRDA:91,4,1,3
BRDA:94,5,0,3
BRDA:94,5,1,0
BRDA:95,6,0,2
BRDA:95,6,1,1
BRDA:132,7,0,30
BRDA:132,7,1,30
BRDA:148,8,0,1
BRDA:148,8,1,0
BRDA:155,9,0,2
BRDA:155,9,1,0
BRDA:188,10,0,0
BRDA:188,10,1,0
BRDA:204,11,0,0
BRDA:204,11,1,3
BRDA:220,12,0,0
BRDA:220,12,1,13
BRF:24
BRH:14
end_of_record
TN:
SF:/home/rui/Documents/react/src/renderers/shared/reconciler/ReactUpdates.js
FN:29,ensureInjected
FN:38,(anonymous_2)
FN:41,(anonymous_3)
FN:57,(anonymous_4)
FN:60,(anonymous_5)
FN:67,ReactUpdatesFlushTransaction
FN:80,(anonymous_7)
FN:84,(anonymous_8)
FN:92,(anonymous_9)
FN:109,batchedUpdates
FN:121,mountOrderComparator
FN:125,runBatchedUpdates
FN:168,(anonymous_13)
FN:199,enqueueUpdate
FN:220,asap
FN:231,(anonymous_16)
FN:239,(anonymous_17)
FNF:17
FNH:17
FNDA:223,ensureInjected
FNDA:64,(anonymous_2)
FNDA:64,(anonymous_3)
FNDA:64,(anonymous_4)
FNDA:64,(anonymous_5)
FNDA:64,ReactUpdatesFlushTransaction
FNDA:64,(anonymous_7)
FNDA:64,(anonymous_8)
FNDA:64,(anonymous_9)
FNDA:99,batchedUpdates
FNDA:31,mountOrderComparator
FNDA:64,runBatchedUpdates
FNDA:125,(anonymous_13)
FNDA:124,enqueueUpdate
FNDA:5,asap
FNDA:37,(anonymous_16)
FNDA:39,(anonymous_17)
DA:14,37
DA:15,37
DA:16,37
DA:17,37
DA:18,37
DA:20,37
DA:21,37
DA:23,37
DA:24,37
DA:25,37
DA:27,37
DA:29,2
DA:30,223
DA:37,37
DA:39,64
DA:42,64
DA:48,5
DA:49,5
DA:51,59
DA:56,37
DA:58,64
DA:61,64
DA:65,37
DA:67,2
DA:68,64
DA:69,64
DA:70,64
DA:71,64
DA:76,37
DA:81,64
DA:85,64
DA:86,64
DA:87,64
DA:88,64
DA:89,64
DA:95,64
DA:107,37
DA:109,2
DA:110,99
DA:111,99
DA:121,2
DA:122,31
DA:125,2
DA:126,64
DA:127,64
DA:138,64
DA:140,64
DA:144,95
DA:149,95
DA:150,95
DA:152,95
DA:157,95
DA:158,9
DA:159,10
DA:168,37
DA:173,125
DA:174,65
DA:175,64
DA:176,64
DA:177,64
DA:180,65
DA:181,4
DA:182,4
DA:183,4
DA:184,4
DA:185,4
DA:189,37
DA:199,2
DA:200,124
DA:208,124
DA:209,29
DA:210,29
DA:213,95
DA:220,2
DA:221,5
DA:226,5
DA:227,5
DA:230,37
DA:232,37
DA:236,37
DA:240,39
DA:244,39
DA:248,39
DA:252,39
DA:256,37
DA:272,37
LF:86
LH:86
BRDA:31,1,0,223
BRDA:31,1,1,223
BRDA:42,2,0,5
BRDA:42,2,1,59
BRDA:157,3,0,9
BRDA:157,3,1,86
BRDA:173,4,0,190
BRDA:173,4,1,126
BRDA:174,5,0,64
BRDA:174,5,1,1
BRDA:180,6,0,4
BRDA:180,6,1,61
BRDA:208,7,0,29
BRDA:208,7,1,95
BRF:14
BRH:14
end_of_record
TN:
SF:/home/rui/Documents/react/src/isomorphic/classic/element/ReactCurrentOwner.js
FNF:0
FNH:0
DA:20,36
DA:30,36
LF:2
LH:2
BRF:0
BRH:0
end_of_record
TN:
SF:/home/rui/Documents/react/src/isomorphic/classic/types/ReactPropTypes.js
FN:88,createChainableTypeChecker
FN:89,checkType
FN:119,createPrimitiveTypeChecker
FN:120,validate
FN:141,createAnyTypeChecker
FN:145,createArrayOfTypeChecker
FN:146,validate
FN:178,createElementTypeChecker
FN:179,validate
FN:192,createInstanceTypeChecker
FN:193,validate
FN:209,createEnumTypeChecker
FN:211,(anonymous_13)
FN:218,validate
FN:236,createObjectOfTypeChecker
FN:237,validate
FN:271,createUnionTypeChecker
FN:273,(anonymous_18)
FN:280,validate
FN:299,createNodeChecker
FN:300,validate
FN:313,createShapeTypeChecker
FN:314,validate
FN:345,isNode
FN:393,getPropType
FN:409,getPreciseType
FN:422,getClassName
FNF:27
FNH:27
FNDA:456,createChainableTypeChecker
FNDA:231,checkType
FNDA:240,createPrimitiveTypeChecker
FNDA:78,validate
FNDA:40,createAnyTypeChecker
FNDA:16,createArrayOfTypeChecker
FNDA:12,validate
FNDA:40,createElementTypeChecker
FNDA:7,validate
FNDA:19,createInstanceTypeChecker
FNDA:19,validate
FNDA:13,createEnumTypeChecker
FNDA:1,(anonymous_13)
FNDA:10,validate
FNDA:16,createObjectOfTypeChecker
FNDA:12,validate
FNDA:9,createUnionTypeChecker
FNDA:1,(anonymous_18)
FNDA:6,validate
FNDA:40,createNodeChecker
FNDA:14,validate
FNDA:23,createShapeTypeChecker
FNDA:18,validate
FNDA:34,isNode
FNDA:122,getPropType
FNDA:12,getPreciseType
FNDA:9,getClassName
DA:14,40
DA:15,40
DA:17,40
DA:18,40
DA:67,40
DA:69,40
DA:88,2
DA:89,2
DA:97,231
DA:98,231
DA:99,231
DA:100,50
DA:101,50
DA:102,27
DA:107,23
DA:109,181
DA:113,456
DA:114,456
DA:116,456
DA:119,2
DA:120,2
DA:121,78
DA:122,78
DA:123,78
DA:124,12
DA:128,12
DA:130,12
DA:136,66
DA:138,240
DA:141,2
DA:142,40
DA:145,2
DA:146,2
DA:147,12
DA:148,1
DA:152,11
DA:153,11
DA:154,3
DA:155,3
DA:156,3
DA:161,8
DA:162,17
DA:169,17
DA:170,2
DA:173,6
DA:175,16
DA:178,2
DA:179,2
DA:180,7
DA:181,4
DA:182,4
DA:187,3
DA:189,40
DA:192,2
DA:193,2
DA:194,19
DA:195,9
DA:196,9
DA:197,9
DA:198,9
DA:204,10
DA:206,19
DA:209,2
DA:210,13
DA:211,1
DA:212,1
DA:218,2
DA:219,10
DA:220,10
DA:221,17
DA:222,6
DA:226,4
DA:227,4
DA:228,4
DA:233,12
DA:236,2
DA:237,2
DA:238,12
DA:239,1
DA:243,11
DA:244,11
DA:245,11
DA:246,3
DA:247,3
DA:252,8
DA:253,17
DA:254,17
DA:261,17
DA:262,2
DA:266,6
DA:268,16
DA:271,2
DA:272,9
DA:273,1
DA:274,1
DA:280,2
DA:281,6
DA:282,10
DA:283,10
DA:286,4
DA:290,2
DA:291,2
DA:296,8
DA:299,2
DA:300,2
DA:301,14
DA:302,4
DA:303,4
DA:308,10
DA:310,40
DA:313,2
DA:314,2
DA:315,18
DA:316,18
DA:317,18
DA:318,2
DA:319,2
DA:324,16
DA:325,13
DA:326,13
DA:327,0
DA:329,13
DA:336,13
DA:337,6
DA:340,10
DA:342,23
DA:345,2
DA:346,34
DA:350,8
DA:352,2
DA:354,23
DA:355,6
DA:357,17
DA:358,13
DA:361,4
DA:362,4
DA:363,2
DA:364,2
DA:365,2
DA:366,1
DA:367,2
DA:368,0
DA:373,1
DA:374,2
DA:375,2
DA:376,2
DA:377,0
DA:383,2
DA:386,2
DA:388,1
DA:393,2
DA:394,122
DA:395,122
DA:396,9
DA:398,113
DA:402,3
DA:404,110
DA:409,2
DA:410,12
DA:411,12
DA:412,3
DA:413,1
DA:414,2
DA:415,1
DA:418,10
DA:422,2
DA:423,9
DA:424,1
DA:426,8
DA:429,40
LF:170
LH:167
BRDA:97,1,0,231
BRDA:97,1,1,0
BRDA:98,2,0,231
BRDA:98,2,1,174
BRDA:99,3,0,50
BRDA:99,3,1,181
BRDA:101,4,0,27
BRDA:101,4,1,23
BRDA:123,5,0,12
BRDA:123,5,1,66
BRDA:147,6,0,1
BRDA:147,6,1,11
BRDA:153,7,0,3
BRDA:153,7,1,8
BRDA:169,8,0,2
BRDA:169,8,1,15
BRDA:180,9,0,4
BRDA:180,9,1,3
BRDA:194,10,0,9
BRDA:194,10,1,10
BRDA:196,11,0,9
BRDA:196,11,1,0
BRDA:210,12,0,1
BRDA:210,12,1,12
BRDA:221,13,0,6
BRDA:221,13,1,11
BRDA:238,14,0,1
BRDA:238,14,1,11
BRDA:245,15,0,3
BRDA:245,15,1,8
BRDA:253,16,0,17
BRDA:253,16,1,0
BRDA:261,17,0,2
BRDA:261,17,1,15
BRDA:272,18,0,1
BRDA:272,18,1,8
BRDA:283,19,0,4
BRDA:283,19,1,6
BRDA:301,20,0,4
BRDA:301,20,1,10
BRDA:317,21,0,2
BRDA:317,21,1,16
BRDA:326,22,0,0
BRDA:326,22,1,13
BRDA:336,23,0,6
BRDA:336,23,1,7
BRDA:346,24,0,3
BRDA:346,24,1,8
BRDA:346,24,2,8
BRDA:346,24,3,2
BRDA:346,24,4,23
BRDA:346,24,5,1
BRDA:354,25,0,6
BRDA:354,25,1,17
BRDA:357,26,0,13
BRDA:357,26,1,4
BRDA:357,27,0,17
BRDA:357,27,1,17
BRDA:362,28,0,2
BRDA:362,28,1,2
BRDA:365,29,0,1
BRDA:365,29,1,1
BRDA:367,30,0,0
BRDA:367,30,1,2
BRDA:375,31,0,2
BRDA:375,31,1,0
BRDA:376,32,0,0
BRDA:376,32,1,2
BRDA:395,33,0,9
BRDA:395,33,1,113
BRDA:398,34,0,3
BRDA:398,34,1,110
BRDA:411,35,0,3
BRDA:411,35,1,9
BRDA:412,36,0,1
BRDA:412,36,1,2
BRDA:414,37,0,1
BRDA:414,37,1,1
BRDA:423,38,0,1
BRDA:423,38,1,8
BRDA:423,39,0,9
BRDA:423,39,1,8
BRF:82
BRH:75
end_of_record
TN:
SF:/home/rui/Documents/react/src/renderers/dom/server/ReactServerRendering.js
FN:31,renderToStringImpl
FN:43,(anonymous_2)
FN:64,renderToString
FN:68,renderToStaticMarkup
FNF:4
FNH:4
FNDA:17,renderToStringImpl
FNDA:15,(anonymous_2)
FNDA:12,renderToString
FNDA:5,renderToStaticMarkup
DA:14,50
DA:15,50
DA:16,50
DA:17,50
DA:18,50
DA:19,50
DA:21,50
DA:23,50
DA:24,50
DA:25,50
DA:31,2
DA:32,17
DA:37,15
DA:38,15
DA:39,15
DA:41,15
DA:43,15
DA:44,15
DA:45,15
DA:51,15
DA:52,11
DA:54,15
DA:57,15
DA:60,15
DA:64,2
DA:65,12
DA:68,2
DA:69,5
DA:72,50
LF:29
LH:29
BRDA:51,1,0,11
BRDA:51,1,1,4
BRF:2
BRH:2
end_of_record
TN:
SF:/home/rui/Documents/react/src/renderers/shared/event/EventConstants.js
FNF:0
FNH:0
DA:14,45
DA:16,45
DA:21,45
DA:88,45
DA:93,45
LF:5
LH:5
BRF:0
BRH:0
end_of_record
TN:
SF:/home/rui/Documents/react/src/addons/link/ReactLink.js
FN:44,ReactLink
FN:57,createLinkTypeChecker
FNF:2
FNH:2
FNDA:9,ReactLink
FNDA:23,createLinkTypeChecker
DA:38,26
DA:44,4
DA:45,9
DA:46,9
DA:57,4
DA:58,23
DA:64,23
DA:67,26
DA:71,26
LF:9
LH:9
BRDA:59,1,0,6
BRDA:59,1,1,17
BRF:2
BRH:2
end_of_record
TN:
SF:/home/rui/Documents/react/src/shared/stubs/Object.assign.js
FN:16,assign
FNF:1
FNH:1
FNDA:2917,assign
DA:16,3
DA:17,2917
DA:18,0
DA:21,2917
DA:22,2917
DA:24,2917
DA:25,4160
DA:26,4160
DA:27,13
DA:30,4147
DA:37,4147
DA:38,23089
DA:39,23089
DA:44,2917
DA:47,66
LF:15
LH:14
BRDA:17,1,0,0
BRDA:17,1,1,2917
BRDA:26,2,0,13
BRDA:26,2,1,4147
BRDA:38,3,0,23089
BRDA:38,3,1,0
BRF:6
BRH:4
end_of_record
TN:
SF:/home/rui/Documents/react/src/renderers/dom/client/ReactDOMComponentTree.js
FN:32,getRenderedNativeOrTextFromComponent
FN:44,precacheNode
FN:50,uncacheNode
FN:69,precacheChildNodes
FN:103,getClosestInstanceFromNode
FN:137,getInstanceFromNode
FN:150,getNodeFromInstance
FNF:7
FNH:7
FNDA:662,getRenderedNativeOrTextFromComponent
FNDA:410,precacheNode
FNDA:17,uncacheNode
FNDA:181,precacheChildNodes
FNDA:402,getClosestInstanceFromNode
FNDA:366,getInstanceFromNode
FNDA:603,getNodeFromInstance
DA:14,95
DA:15,95
DA:17,95
DA:19,95
DA:20,95
DA:22,95
DA:32,8
DA:33,662
DA:34,662
DA:35,353
DA:37,662
DA:44,8
DA:45,410
DA:46,410
DA:47,410
DA:50,8
DA:51,17
DA:52,17
DA:53,9
DA:54,9
DA:69,8
DA:70,181
DA:71,23
DA:73,158
DA:74,158
DA:75,158
DA:76,252
DA:77,0
DA:79,252
DA:80,252
DA:81,252
DA:83,8
DA:86,244
DA:87,347
DA:89,244
DA:90,244
DA:94,0
DA:96,158
DA:103,8
DA:104,402
DA:105,349
DA:109,53
DA:110,53
DA:111,80
DA:112,80
DA:113,38
DA:117,42
DA:121,11
DA:122,11
DA:123,11
DA:124,15
DA:125,15
DA:126,11
DA:130,11
DA:137,8
DA:138,366
DA:139,366
DA:140,339
DA:142,27
DA:150,8
DA:153,603
DA:158,603
DA:159,543
DA:163,60
DA:164,60
DA:165,123
DA:166,123
DA:170,123
DA:175,60
DA:176,123
DA:179,60
DA:182,95
DA:191,95
LF:73
LH:71
BRDA:52,1,0,9
BRDA:52,1,1,8
BRDA:70,2,0,23
BRDA:70,2,1,158
BRDA:76,3,0,0
BRDA:76,3,1,252
BRDA:81,4,0,8
BRDA:81,4,1,244
BRDA:87,5,0,244
BRDA:87,5,1,103
BRDA:87,6,0,347
BRDA:87,6,1,347
BRDA:104,7,0,349
BRDA:104,7,1,53
BRDA:112,8,0,38
BRDA:112,8,1,42
BRDA:123,9,0,26
BRDA:123,9,1,22
BRDA:125,10,0,11
BRDA:125,10,1,4
BRDA:139,11,0,339
BRDA:139,11,1,27
BRDA:139,12,0,366
BRDA:139,12,1,339
BRDA:158,13,0,543
BRDA:158,13,1,60
BRF:26
BRH:25
end_of_record
TN:
SF:/home/rui/Documents/react/src/renderers/dom/shared/ReactDefaultInjection.js
FN:37,inject
FNF:1
FNH:1
FNDA:149,inject
DA:14,84
DA:15,84
DA:16,84
DA:17,84
DA:18,84
DA:19,84
DA:20,84
DA:21,84
DA:23,84
DA:24,84
DA:25,84
DA:26,84
DA:27,84
DA:28,84
DA:29,84
DA:30,84
DA:31,84
DA:32,84
DA:33,84
DA:35,84
DA:37,2
DA:38,149
DA:42,65
DA:44,84
DA:46,84
DA:53,84
DA:54,84
DA:55,84
DA:61,84
DA:69,84
DA:73,84
DA:77,84
DA:79,84
DA:80,84
DA:82,84
DA:84,84
DA:87,84
DA:91,84
DA:93,84
DA:94,84
DA:95,84
DA:96,0
DA:97,0
DA:102,84
LF:44
LH:42
BRDA:38,1,0,65
BRDA:38,1,1,84
BRDA:93,2,0,84
BRDA:93,2,1,0
BRDA:94,3,0,84
BRDA:94,3,1,84
BRDA:94,3,2,0
BRDA:95,4,0,0
BRDA:95,4,1,84
BRF:9
BRH:6
end_of_record
TN:
SF:/home/rui/Documents/react/src/renderers/shared/event/EventPluginHub.js
FN:40,(anonymous_1)
FN:49,(anonymous_2)
FN:52,(anonymous_3)
FN:105,(anonymous_4)
FN:128,(anonymous_5)
FN:139,(anonymous_6)
FN:158,(anonymous_7)
FN:181,(anonymous_8)
FN:213,(anonymous_9)
FN:224,(anonymous_10)
FN:252,(anonymous_11)
FN:256,(anonymous_12)
FNF:12
FNH:11
FNDA:129,(anonymous_1)
FNDA:99,(anonymous_2)
FNDA:30,(anonymous_3)
FNDA:2443,(anonymous_4)
FNDA:440,(anonymous_5)
FNDA:1,(anonymous_6)
FNDA:15,(anonymous_7)
FNDA:9,(anonymous_8)
FNDA:77,(anonymous_9)
FNDA:77,(anonymous_10)
FNDA:0,(anonymous_11)
FNDA:2,(anonymous_12)
DA:14,119
DA:15,119
DA:16,119
DA:18,119
DA:19,119
DA:20,119
DA:25,119
DA:31,119
DA:40,119
DA:41,129
DA:42,111
DA:44,111
DA:45,111
DA:49,119
DA:50,99
DA:52,119
DA:53,30
DA:78,119
DA:106,2443
DA:112,2442
DA:114,2442
DA:116,2442
DA:118,2442
DA:119,36
DA:129,440
DA:130,440
DA:140,1
DA:142,1
DA:143,1
DA:146,1
DA:148,1
DA:149,1
DA:159,15
DA:160,8
DA:161,1
DA:164,7
DA:166,7
DA:167,7
DA:170,7
DA:186,9
DA:187,9
DA:188,9
DA:190,63
DA:191,63
DA:192,54
DA:198,54
DA:199,21
DA:203,9
DA:214,77
DA:215,68
DA:227,77
DA:228,77
DA:229,77
DA:230,68
DA:235,9
DA:240,77
DA:246,77
DA:253,0
DA:257,2
DA:262,119
LF:60
LH:59
BRDA:41,1,0,111
BRDA:41,1,1,18
BRDA:44,2,0,111
BRDA:44,2,1,0
BRDA:113,3,0,2442
BRDA:113,3,1,308
BRDA:118,4,0,36
BRDA:118,4,1,2406
BRDA:118,5,0,2442
BRDA:118,5,1,48
BRDA:130,6,0,440
BRDA:130,6,1,352
BRDA:142,7,0,1
BRDA:142,7,1,0
BRDA:142,8,0,1
BRDA:142,8,1,1
BRDA:148,9,0,1
BRDA:148,9,1,0
BRDA:160,10,0,1
BRDA:160,10,1,7
BRDA:166,11,0,7
BRDA:166,11,1,0
BRDA:166,12,0,7
BRDA:166,12,1,7
BRDA:191,13,0,54
BRDA:191,13,1,9
BRDA:198,14,0,21
BRDA:198,14,1,33
BRDA:214,15,0,68
BRDA:214,15,1,9
BRDA:229,16,0,68
BRDA:229,16,1,9
BRF:32
BRH:28
end_of_record
TN:
SF:/home/rui/Documents/react/src/renderers/dom/client/utils/isEventSupported.js
FN:40,isEventSupported
FNF:1
FNH:1
FNDA:111,isEventSupported
DA:14,55
DA:16,55
DA:17,55
DA:18,55
DA:40,2
DA:41,111
DA:43,0
DA:46,111
DA:47,111
DA:49,111
DA:50,111
DA:51,111
DA:52,111
DA:55,111
DA:57,0
DA:60,111
DA:63,55
LF:17
LH:15
BRDA:17,1,0,55
BRDA:17,1,1,0
BRDA:19,2,0,55
BRDA:19,2,1,55
BRDA:19,2,2,55
BRDA:41,3,0,0
BRDA:41,3,1,111
BRDA:41,4,0,111
BRDA:41,4,1,111
BRDA:41,4,2,5
BRDA:49,5,0,111
BRDA:49,5,1,0
BRDA:55,6,0,0
BRDA:55,6,1,111
BRDA:55,7,0,111
BRDA:55,7,1,0
BRDA:55,7,2,0
BRF:17
BRH:11
end_of_record
TN:
SF:/home/rui/Documents/react/src/renderers/dom/shared/ReactDOMComponent.js
FN:63,getDeclarationErrorAddendum
FN:81,(anonymous_2)
FN:97,legacyGetDOMNode
FN:110,legacyIsMounted
FN:122,legacySetStateEtc
FN:134,legacySetProps
FN:153,legacyReplaceProps
FN:172,friendlyStringify
FN:200,checkAndWarnForMutatedStyle
FN:239,assertValidProps
FN:294,enqueuePutListener
FN:317,putListener
FN:354,trapBubbledEventsLocal
FN:435,mountReadyInputWrapper
FN:439,postUpdateSelectWrapper
FN:486,validateDangerousTag
FN:493,isCustomComponent
FN:513,ReactDOMComponent
FN:537,(anonymous_19)
FN:552,(anonymous_20)
FN:718,(anonymous_21)
FN:780,(anonymous_22)
FN:822,(anonymous_23)
FN:857,(anonymous_24)
FN:873,(anonymous_25)
FN:938,(anonymous_26)
FN:1062,(anonymous_27)
FN:1102,(anonymous_28)
FN:1112,(anonymous_29)
FN:1159,(anonymous_30)
FN:1201,(anonymous_31)
FNF:31
FNH:30
FNDA:161,getDeclarationErrorAddendum
FNDA:1,(anonymous_2)
FNDA:1,legacyGetDOMNode
FNDA:2,legacyIsMounted
FNDA:1,legacySetStateEtc
FNDA:1,legacySetProps
FNDA:1,legacyReplaceProps
FNDA:21,friendlyStringify
FNDA:15,checkAndWarnForMutatedStyle
FNDA:158,assertValidProps
FNDA:10,enqueuePutListener
FNDA:10,putListener
FNDA:6,trapBubbledEventsLocal
FNDA:5,mountReadyInputWrapper
FNDA:0,postUpdateSelectWrapper
FNDA:100,validateDangerousTag
FNDA:96,isCustomComponent
FNDA:100,ReactDOMComponent
FNDA:98,(anonymous_19)
FNDA:98,(anonymous_20)
FNDA:95,(anonymous_21)
FNDA:92,(anonymous_22)
FNDA:2,(anonymous_23)
FNDA:60,(anonymous_24)
FNDA:60,(anonymous_25)
FNDA:60,(anonymous_26)
FNDA:58,(anonymous_27)
FNDA:1,(anonymous_28)
FNDA:10,(anonymous_29)
FNDA:100,(anonymous_30)
FNDA:4,(anonymous_31)
DA:17,63
DA:18,63
DA:19,63
DA:20,63
DA:21,63
DA:22,63
DA:23,63
DA:24,63
DA:25,63
DA:26,63
DA:27,63
DA:29,63
DA:30,63
DA:31,63
DA:32,63
DA:33,63
DA:34,63
DA:35,63
DA:36,63
DA:37,63
DA:38,63
DA:40,63
DA:41,63
DA:42,63
DA:43,63
DA:44,63
DA:45,63
DA:46,63
DA:47,63
DA:48,63
DA:50,63
DA:51,63
DA:52,63
DA:53,63
DA:54,63
DA:57,63
DA:59,63
DA:60,63
DA:61,63
DA:63,1
DA:64,161
DA:65,160
DA:66,160
DA:67,29
DA:68,29
DA:69,29
DA:73,132
DA:76,63
DA:77,63
DA:78,63
DA:82,1
DA:83,1
DA:91,1
DA:97,1
DA:98,1
DA:99,1
DA:100,1
DA:107,1
DA:110,1
DA:111,2
DA:112,2
DA:113,2
DA:119,2
DA:122,1
DA:123,1
DA:124,1
DA:125,1
DA:134,1
DA:135,1
DA:136,1
DA:137,1
DA:144,1
DA:145,0
DA:147,1
DA:148,1
DA:149,0
DA:153,1
DA:154,1
DA:155,1
DA:156,1
DA:163,1
DA:164,0
DA:166,1
DA:167,1
DA:168,0
DA:172,1
DA:173,21
DA:174,8
DA:175,0
DA:177,8
DA:178,8
DA:179,13
DA:180,13
DA:183,13
DA:186,8
DA:188,13
DA:189,9
DA:190,4
DA:191,0
DA:195,4
DA:198,63
DA:200,1
DA:201,15
DA:202,5
DA:204,10
DA:205,3
DA:208,7
DA:209,7
DA:210,7
DA:211,7
DA:212,2
DA:215,7
DA:217,7
DA:218,3
DA:221,4
DA:223,4
DA:239,1
DA:240,158
DA:241,0
DA:244,158
DA:245,158
DA:246,12
DA:258,158
DA:259,12
DA:263,10
DA:271,154
DA:272,154
DA:277,154
DA:285,154
DA:294,1
DA:295,10
DA:298,10
DA:303,10
DA:304,10
DA:305,10
DA:307,0
DA:309,10
DA:310,10
DA:317,1
DA:318,10
DA:319,10
DA:328,63
DA:354,1
DA:355,6
DA:358,6
DA:359,6
DA:360,6
DA:365,6
DA:367,0
DA:374,0
DA:378,0
DA:380,0
DA:381,0
DA:382,0
DA:392,0
DA:394,1
DA:406,1
DA:408,0
DA:420,0
DA:424,5
DA:431,5
DA:435,1
DA:436,5
DA:439,1
DA:440,0
DA:446,63
DA:465,63
DA:474,63
DA:482,63
DA:483,63
DA:484,63
DA:486,1
DA:487,100
DA:488,72
DA:489,70
DA:493,1
DA:494,96
DA:497,63
DA:513,1
DA:514,100
DA:515,98
DA:516,98
DA:517,98
DA:518,98
DA:519,98
DA:520,98
DA:521,98
DA:522,98
DA:523,98
DA:524,98
DA:525,98
DA:526,98
DA:527,98
DA:528,98
DA:529,98
DA:533,63
DA:535,63
DA:538,98
DA:558,98
DA:559,98
DA:560,98
DA:561,98
DA:563,98
DA:565,98
DA:571,1
DA:574,1
DA:575,1
DA:577,1
DA:578,1
DA:580,5
DA:581,5
DA:582,5
DA:583,5
DA:585,0
DA:586,0
DA:587,0
DA:589,0
DA:590,0
DA:591,0
DA:592,0
DA:594,0
DA:595,0
DA:596,0
DA:597,0
DA:600,98
DA:604,93
DA:605,93
DA:606,93
DA:607,26
DA:608,26
DA:609,67
DA:610,64
DA:611,64
DA:613,93
DA:615,3
DA:617,93
DA:618,93
DA:619,0
DA:620,93
DA:621,0
DA:624,93
DA:626,93
DA:627,93
DA:628,93
DA:629,26
DA:630,67
DA:631,64
DA:633,93
DA:636,90
DA:638,93
DA:642,93
DA:643,93
DA:644,2
DA:645,2
DA:646,2
DA:647,2
DA:650,0
DA:651,0
DA:652,0
DA:653,0
DA:655,2
DA:658,0
DA:663,2
DA:664,2
DA:665,2
DA:666,1
DA:668,2
DA:669,2
DA:670,2
DA:671,2
DA:673,91
DA:674,91
DA:675,91
DA:676,4
DA:678,87
DA:683,93
DA:685,5
DA:693,6
DA:694,0
DA:699,6
DA:702,93
DA:719,95
DA:721,95
DA:722,111
DA:723,0
DA:725,111
DA:726,111
DA:727,25
DA:729,86
DA:730,9
DA:731,8
DA:734,77
DA:735,15
DA:736,15
DA:738,15
DA:740,15
DA:742,15
DA:744,77
DA:745,77
DA:746,6
DA:747,5
DA:750,71
DA:752,77
DA:753,24
DA:760,95
DA:761,1
DA:764,94
DA:765,69
DA:767,94
DA:768,94
DA:781,92
DA:784,92
DA:785,92
DA:786,6
DA:787,5
DA:790,86
DA:792,86
DA:793,86
DA:795,15
DA:796,71
DA:797,22
DA:802,22
DA:805,92
DA:816,0
DA:818,92
DA:824,2
DA:825,2
DA:826,0
DA:827,0
DA:830,2
DA:832,2
DA:833,2
DA:835,1
DA:836,1
DA:837,0
DA:842,0
DA:843,0
DA:858,60
DA:859,60
DA:860,60
DA:874,60
DA:875,60
DA:877,60
DA:879,0
DA:880,0
DA:881,0
DA:883,2
DA:884,2
DA:885,2
DA:886,2
DA:888,0
DA:889,0
DA:890,0
DA:892,0
DA:893,0
DA:894,0
DA:896,0
DA:897,0
DA:898,0
DA:899,0
DA:902,60
DA:903,58
DA:904,58
DA:911,58
DA:912,0
DA:915,58
DA:918,0
DA:939,60
DA:940,60
DA:941,60
DA:942,60
DA:943,66
DA:946,54
DA:948,12
DA:949,3
DA:950,3
DA:951,3
DA:952,3
DA:953,3
DA:956,3
DA:957,9
DA:958,0
DA:962,0
DA:964,9
DA:967,3
DA:970,60
DA:971,68
DA:972,68
DA:975,68
DA:978,23
DA:980,45
DA:981,18
DA:982,15
DA:983,15
DA:988,15
DA:990,15
DA:992,3
DA:994,18
DA:996,13
DA:997,24
DA:999,6
DA:1000,6
DA:1004,13
DA:1005,23
DA:1007,16
DA:1008,16
DA:1013,5
DA:1015,27
DA:1016,4
DA:1017,2
DA:1018,2
DA:1019,1
DA:1021,23
DA:1022,5
DA:1023,1
DA:1025,5
DA:1030,18
DA:1033,6
DA:1037,6
DA:1038,5
DA:1040,1
DA:1044,60
DA:1045,20
DA:1063,58
DA:1065,58
DA:1068,58
DA:1071,58
DA:1076,58
DA:1077,58
DA:1081,58
DA:1082,58
DA:1083,58
DA:1084,1
DA:1085,57
DA:1086,3
DA:1089,58
DA:1090,9
DA:1091,2
DA:1093,49
DA:1094,3
DA:1095,3
DA:1097,46
DA:1098,7
DA:1103,1
DA:1113,10
DA:1119,0
DA:1120,0
DA:1121,0
DA:1122,0
DA:1125,0
DA:1127,0
DA:1128,0
DA:1138,0
DA:1147,0
DA:1150,10
DA:1151,10
DA:1152,10
DA:1153,10
DA:1154,10
DA:1155,10
DA:1156,10
DA:1160,100
DA:1161,100
DA:1162,49
DA:1164,51
DA:1165,51
DA:1166,51
DA:1167,51
DA:1168,51
DA:1169,51
DA:1170,51
DA:1172,51
DA:1173,51
DA:1174,51
DA:1177,0
DA:1181,0
DA:1184,51
DA:1185,51
DA:1191,63
DA:1196,63
DA:1205,4
DA:1210,63
LF:482
LH:410
BRDA:64,1,0,160
BRDA:64,1,1,1
BRDA:65,2,0,160
BRDA:65,2,1,131
BRDA:66,3,0,29
BRDA:66,3,1,131
BRDA:68,4,0,29
BRDA:68,4,1,0
BRDA:77,5,0,63
BRDA:77,5,1,0
BRDA:98,6,0,1
BRDA:98,6,1,0
BRDA:112,7,0,2
BRDA:112,7,1,0
BRDA:123,8,0,1
BRDA:123,8,1,0
BRDA:136,9,0,1
BRDA:136,9,1,0
BRDA:144,10,0,0
BRDA:144,10,1,1
BRDA:148,11,0,0
BRDA:148,11,1,1
BRDA:155,12,0,1
BRDA:155,12,1,0
BRDA:163,13,0,0
BRDA:163,13,1,1
BRDA:167,14,0,0
BRDA:167,14,1,1
BRDA:173,15,0,8
BRDA:173,15,1,13
BRDA:174,16,0,0
BRDA:174,16,1,8
BRDA:179,17,0,13
BRDA:179,17,1,0
BRDA:180,18,0,13
BRDA:180,18,1,0
BRDA:188,19,0,9
BRDA:188,19,1,4
BRDA:190,20,0,0
BRDA:190,20,1,4
BRDA:201,21,0,5
BRDA:201,21,1,10
BRDA:201,22,0,15
BRDA:201,22,1,10
BRDA:204,23,0,3
BRDA:204,23,1,7
BRDA:211,24,0,2
BRDA:211,24,1,5
BRDA:217,25,0,3
BRDA:217,25,1,4
BRDA:229,26,0,1
BRDA:229,26,1,3
BRDA:240,27,0,0
BRDA:240,27,1,158
BRDA:244,28,0,158
BRDA:244,28,1,0
BRDA:245,29,0,12
BRDA:245,29,1,146
BRDA:247,30,0,12
BRDA:247,30,1,8
BRDA:251,31,0,2
BRDA:251,31,1,10
BRDA:258,32,0,12
BRDA:258,32,1,146
BRDA:264,33,0,10
BRDA:264,33,1,9
BRDA:271,34,0,154
BRDA:271,34,1,0
BRDA:278,35,0,154
BRDA:278,35,1,2
BRDA:286,36,0,154
BRDA:286,36,1,32
BRDA:295,37,0,10
BRDA:295,37,1,0
BRDA:299,38,0,10
BRDA:299,38,1,1
BRDA:305,39,0,0
BRDA:305,39,1,10
BRDA:365,40,0,0
BRDA:365,40,1,0
BRDA:365,40,2,0
BRDA:365,40,3,1
BRDA:365,40,4,0
BRDA:365,40,5,5
BRDA:365,40,6,5
BRDA:365,40,7,5
BRDA:381,41,0,0
BRDA:381,41,1,0
BRDA:487,42,0,72
BRDA:487,42,1,28
BRDA:494,43,0,96
BRDA:494,43,1,87
BRDA:528,44,0,98
BRDA:528,44,1,0
BRDA:565,45,0,0
BRDA:565,45,1,1
BRDA:565,45,2,1
BRDA:565,45,3,1
BRDA:565,45,4,1
BRDA:565,45,5,1
BRDA:565,45,6,5
BRDA:565,45,7,0
BRDA:565,45,8,0
BRDA:565,45,9,0
BRDA:606,46,0,26
BRDA:606,46,1,67
BRDA:609,47,0,64
BRDA:609,47,1,3
BRDA:613,48,0,3
BRDA:613,48,1,90
BRDA:613,49,0,93
BRDA:613,49,1,90
BRDA:613,49,2,0
BRDA:617,50,0,93
BRDA:617,50,1,0
BRDA:618,51,0,0
BRDA:618,51,1,93
BRDA:620,52,0,0
BRDA:620,52,1,93
BRDA:626,53,0,93
BRDA:626,53,1,0
BRDA:628,54,0,26
BRDA:628,54,1,67
BRDA:630,55,0,64
BRDA:630,55,1,3
BRDA:633,56,0,90
BRDA:633,56,1,3
BRDA:643,57,0,2
BRDA:643,57,1,91
BRDA:646,58,0,2
BRDA:646,58,1,0
BRDA:647,59,0,0
BRDA:647,59,1,2
BRDA:665,60,0,1
BRDA:665,60,1,1
BRDA:675,61,0,4
BRDA:675,61,1,87
BRDA:675,62,0,91
BRDA:675,62,1,51
BRDA:683,63,0,5
BRDA:683,63,1,6
BRDA:683,63,2,6
BRDA:683,63,3,6
BRDA:693,64,0,0
BRDA:693,64,1,6
BRDA:722,65,0,0
BRDA:722,65,1,111
BRDA:726,66,0,25
BRDA:726,66,1,86
BRDA:729,67,0,9
BRDA:729,67,1,77
BRDA:730,68,0,8
BRDA:730,68,1,1
BRDA:734,69,0,15
BRDA:734,69,1,62
BRDA:735,70,0,15
BRDA:735,70,1,0
BRDA:736,71,0,15
BRDA:736,71,1,0
BRDA:745,72,0,6
BRDA:745,72,1,71
BRDA:745,73,0,77
BRDA:745,73,1,73
BRDA:746,74,0,5
BRDA:746,74,1,1
BRDA:752,75,0,24
BRDA:752,75,1,53
BRDA:760,76,0,1
BRDA:760,76,1,94
BRDA:764,77,0,69
BRDA:764,77,1,25
BRDA:785,78,0,6
BRDA:785,78,1,86
BRDA:786,79,0,5
BRDA:786,79,1,1
BRDA:791,80,0,15
BRDA:791,80,1,71
BRDA:792,81,0,15
BRDA:792,81,1,71
BRDA:793,82,0,15
BRDA:793,82,1,71
BRDA:796,83,0,22
BRDA:796,83,1,49
BRDA:805,84,0,0
BRDA:805,84,1,92
BRDA:805,85,0,92
BRDA:805,85,1,0
BRDA:825,86,0,0
BRDA:825,86,1,2
BRDA:826,87,0,0
BRDA:826,87,1,0
BRDA:831,88,0,1
BRDA:831,88,1,1
BRDA:832,89,0,1
BRDA:832,89,1,1
BRDA:833,90,0,1
BRDA:833,90,1,1
BRDA:836,91,0,0
BRDA:836,91,1,1
BRDA:877,92,0,0
BRDA:877,92,1,2
BRDA:877,92,2,0
BRDA:877,92,3,0
BRDA:877,92,4,0
BRDA:911,93,0,0
BRDA:911,93,1,58
BRDA:911,94,0,58
BRDA:911,94,1,0
BRDA:915,95,0,0
BRDA:915,95,1,58
BRDA:943,96,0,54
BRDA:943,96,1,12
BRDA:943,97,0,66
BRDA:943,97,1,15
BRDA:943,97,2,15
BRDA:948,98,0,3
BRDA:948,98,1,9
BRDA:951,99,0,3
BRDA:951,99,1,0
BRDA:952,100,0,3
BRDA:952,100,1,2
BRDA:957,101,0,0
BRDA:957,101,1,9
BRDA:958,102,0,0
BRDA:958,102,1,0
BRDA:964,103,0,3
BRDA:964,103,1,6
BRDA:965,104,0,9
BRDA:965,104,1,6
BRDA:973,105,0,18
BRDA:973,105,1,50
BRDA:974,106,0,49
BRDA:974,106,1,1
BRDA:975,107,0,23
BRDA:975,107,1,45
BRDA:975,108,0,68
BRDA:975,108,1,68
BRDA:975,108,2,47
BRDA:975,108,3,8
BRDA:980,109,0,18
BRDA:980,109,1,27
BRDA:981,110,0,15
BRDA:981,110,1,3
BRDA:982,111,0,15
BRDA:982,111,1,0
BRDA:994,112,0,13
BRDA:994,112,1,5
BRDA:997,113,0,6
BRDA:997,113,1,18
BRDA:997,114,0,24
BRDA:997,114,1,24
BRDA:997,114,2,19
BRDA:999,115,0,6
BRDA:999,115,1,4
BRDA:1005,116,0,16
BRDA:1005,116,1,7
BRDA:1005,117,0,23
BRDA:1005,117,1,23
BRDA:1007,118,0,16
BRDA:1007,118,1,9
BRDA:1015,119,0,4
BRDA:1015,119,1,23
BRDA:1016,120,0,2
BRDA:1016,120,1,2
BRDA:1018,121,0,1
BRDA:1018,121,1,1
BRDA:1021,122,0,5
BRDA:1021,122,1,18
BRDA:1022,123,0,1
BRDA:1022,123,1,4
BRDA:1030,124,0,6
BRDA:1030,124,1,12
BRDA:1031,125,0,18
BRDA:1031,125,1,12
BRDA:1037,126,0,5
BRDA:1037,126,1,1
BRDA:1044,127,0,20
BRDA:1044,127,1,40
BRDA:1064,128,0,9
BRDA:1064,128,1,49
BRDA:1066,129,0,9
BRDA:1066,129,1,49
BRDA:1069,130,0,58
BRDA:1069,130,1,3
BRDA:1072,131,0,58
BRDA:1072,131,1,3
BRDA:1076,132,0,9
BRDA:1076,132,1,49
BRDA:1077,133,0,9
BRDA:1077,133,1,49
BRDA:1081,134,0,58
BRDA:1081,134,1,49
BRDA:1082,135,0,58
BRDA:1082,135,1,49
BRDA:1083,136,0,1
BRDA:1083,136,1,57
BRDA:1083,137,0,58
BRDA:1083,137,1,7
BRDA:1085,138,0,3
BRDA:1085,138,1,54
BRDA:1085,139,0,57
BRDA:1085,139,1,12
BRDA:1089,140,0,9
BRDA:1089,140,1,49
BRDA:1090,141,0,2
BRDA:1090,141,1,7
BRDA:1093,142,0,3
BRDA:1093,142,1,46
BRDA:1094,143,0,3
BRDA:1094,143,1,0
BRDA:1097,144,0,7
BRDA:1097,144,1,39
BRDA:1113,145,0,0
BRDA:1113,145,1,0
BRDA:1113,145,2,0
BRDA:1113,145,3,0
BRDA:1113,145,4,0
BRDA:1113,145,5,0
BRDA:1113,145,6,0
BRDA:1113,145,7,0
BRDA:1113,145,8,0
BRDA:1120,146,0,0
BRDA:1120,146,1,0
BRDA:1161,147,0,49
BRDA:1161,147,1,51
BRDA:1172,148,0,51
BRDA:1172,148,1,0
BRDA:1173,149,0,51
BRDA:1173,149,1,0
BRF:329
BRH:255
end_of_record
TN:
SF:/home/rui/Documents/react/src/renderers/dom/client/ReactReconcileTransaction.js
FN:48,(anonymous_1)
FN:59,(anonymous_2)
FN:72,(anonymous_3)
FN:79,(anonymous_4)
FN:109,ReactReconcileTransaction
FN:129,(anonymous_6)
FN:136,(anonymous_7)
FN:144,(anonymous_8)
FNF:8
FNH:8
FNDA:128,(anonymous_1)
FNDA:128,(anonymous_2)
FNDA:128,(anonymous_3)
FNDA:128,(anonymous_4)
FNDA:133,ReactReconcileTransaction
FNDA:133,(anonymous_6)
FNDA:35,(anonymous_7)
FNDA:119,(anonymous_8)
DA:15,77
DA:16,77
DA:17,77
DA:18,77
DA:19,77
DA:21,77
DA:27,77
DA:43,77
DA:49,128
DA:50,128
DA:51,128
DA:60,128
DA:68,77
DA:73,128
DA:80,128
DA:89,77
DA:109,2
DA:110,133
DA:116,133
DA:117,133
DA:118,133
DA:121,77
DA:130,133
DA:137,35
DA:145,119
DA:146,119
DA:151,77
DA:153,77
DA:155,77
LF:29
LH:29
BRF:0
BRH:0
end_of_record
TN:
SF:/home/rui/Documents/react/src/renderers/dom/client/eventPlugins/SimpleEventPlugin.js
FN:460,(anonymous_1)
FN:579,(anonymous_2)
FN:597,(anonymous_3)
FNF:3
FNH:2
FNDA:0,(anonymous_1)
FNDA:2,(anonymous_2)
FNDA:1,(anonymous_3)
DA:14,63
DA:15,63
DA:16,63
DA:17,63
DA:18,63
DA:19,63
DA:20,63
DA:21,63
DA:22,63
DA:23,63
DA:24,63
DA:25,63
DA:26,63
DA:28,63
DA:29,63
DA:30,63
DA:31,63
DA:33,63
DA:35,63
DA:388,63
DA:449,63
DA:450,3654
DA:453,63
DA:454,63
DA:456,63
DA:466,0
DA:467,0
DA:468,0
DA:470,0
DA:471,0
DA:502,0
DA:503,0
DA:508,0
DA:509,0
DA:514,0
DA:515,0
DA:518,0
DA:519,0
DA:523,0
DA:524,0
DA:534,0
DA:535,0
DA:544,0
DA:545,0
DA:550,0
DA:551,0
DA:553,0
DA:554,0
DA:556,0
DA:557,0
DA:561,0
DA:562,0
DA:564,0
DA:569,0
DA:575,0
DA:576,0
DA:584,2
DA:585,1
DA:586,1
DA:587,1
DA:588,1
DA:598,1
DA:599,1
DA:600,1
DA:601,1
DA:607,63
LF:66
LH:35
BRDA:467,1,0,0
BRDA:467,1,1,0
BRDA:471,2,0,0
BRDA:471,2,1,0
BRDA:471,2,2,0
BRDA:471,2,3,0
BRDA:471,2,4,0
BRDA:471,2,5,0
BRDA:471,2,6,0
BRDA:471,2,7,0
BRDA:471,2,8,0
BRDA:471,2,9,0
BRDA:471,2,10,0
BRDA:471,2,11,0
BRDA:471,2,12,0
BRDA:471,2,13,0
BRDA:471,2,14,0
BRDA:471,2,15,0
BRDA:471,2,16,0
BRDA:471,2,17,0
BRDA:471,2,18,0
BRDA:471,2,19,0
BRDA:471,2,20,0
BRDA:471,2,21,0
BRDA:471,2,22,0
BRDA:471,2,23,0
BRDA:471,2,24,0
BRDA:471,2,25,0
BRDA:471,2,26,0
BRDA:471,2,27,0
BRDA:471,2,28,0
BRDA:471,2,29,0
BRDA:471,2,30,0
BRDA:471,2,31,0
BRDA:471,2,32,0
BRDA:471,2,33,0
BRDA:471,2,34,0
BRDA:471,2,35,0
BRDA:471,2,36,0
BRDA:471,2,37,0
BRDA:471,2,38,0
BRDA:471,2,39,0
BRDA:471,2,40,0
BRDA:471,2,41,0
BRDA:471,2,42,0
BRDA:471,2,43,0
BRDA:471,2,44,0
BRDA:471,2,45,0
BRDA:471,2,46,0
BRDA:471,2,47,0
BRDA:471,2,48,0
BRDA:471,2,49,0
BRDA:471,2,50,0
BRDA:471,2,51,0
BRDA:471,2,52,0
BRDA:471,2,53,0
BRDA:471,2,54,0
BRDA:471,2,55,0
BRDA:471,2,56,0
BRDA:471,2,57,0
BRDA:508,3,0,0
BRDA:508,3,1,0
BRDA:523,4,0,0
BRDA:523,4,1,0
BRDA:584,5,0,1
BRDA:584,5,1,1
BRDA:587,6,0,1
BRDA:587,6,1,0
BRDA:598,7,0,1
BRDA:598,7,1,0
BRF:70
BRH:4
end_of_record
TN:
SF:/home/rui/Documents/react/src/renderers/dom/ReactDOMServer.js
FNF:0
FNH:0
DA:14,88
DA:15,88
DA:16,88
DA:18,88
DA:20,88
DA:26,88
LF:6
LH:6
BRF:0
BRH:0
end_of_record
TN:
SF:/home/rui/Documents/react/src/renderers/shared/event/EventPluginRegistry.js
FN:32,recomputePluginOrdering
FN:80,publishEventForPlugin
FN:121,publishRegistrationName
FN:183,(anonymous_4)
FN:204,(anonymous_5)
FN:235,(anonymous_6)
FN:260,(anonymous_7)
FNF:7
FNH:7
FNDA:87,recomputePluginOrdering
FNDA:1415,publishEventForPlugin
FNDA:2782,publishRegistrationName
FNDA:32,(anonymous_4)
FNDA:57,(anonymous_5)
FNDA:4,(anonymous_6)
FNDA:11,(anonymous_7)
DA:15,22
DA:20,22
DA:25,22
DA:32,2
DA:33,87
DA:35,7
DA:37,80
DA:38,256
DA:39,256
DA:40,256
DA:46,255
DA:47,112
DA:49,143
DA:55,142
DA:56,142
DA:57,142
DA:58,1415
DA:80,2
DA:81,1415
DA:87,1415
DA:89,1415
DA:90,1415
DA:91,1368
DA:92,2736
DA:93,2736
DA:94,2736
DA:101,1367
DA:102,47
DA:103,46
DA:108,46
DA:110,1
DA:121,2
DA:122,2782
DA:128,2781
DA:129,2781
DA:132,2781
DA:133,2781
DA:134,2781
DA:144,22
DA:184,32
DA:190,31
DA:191,31
DA:205,57
DA:206,57
DA:207,147
DA:208,0
DA:210,147
DA:211,147
DA:213,146
DA:219,145
DA:220,145
DA:223,56
DA:224,56
DA:236,4
DA:237,4
DA:238,2
DA:242,2
DA:243,3
DA:244,0
DA:246,3
DA:249,3
DA:250,1
DA:253,1
DA:261,11
DA:262,11
DA:263,18
DA:264,18
DA:267,11
DA:269,11
DA:270,11
DA:271,6
DA:272,6
DA:276,11
DA:277,11
DA:278,6
DA:279,6
DA:283,11
DA:284,11
DA:286,11
DA:287,6
DA:288,6
DA:296,22
LF:82
LH:80
BRDA:33,1,0,7
BRDA:33,1,1,80
BRDA:46,2,0,112
BRDA:46,2,1,143
BRDA:90,3,0,1368
BRDA:90,3,1,47
BRDA:92,4,0,2736
BRDA:92,4,1,0
BRDA:102,5,0,46
BRDA:102,5,1,1
BRDA:132,6,0,2781
BRDA:132,6,1,0
BRDA:172,7,0,22
BRDA:172,7,1,0
BRDA:207,8,0,0
BRDA:207,8,1,147
BRDA:211,9,0,146
BRDA:211,9,1,1
BRDA:211,10,0,147
BRDA:211,10,1,2
BRDA:223,11,0,56
BRDA:223,11,1,0
BRDA:237,12,0,2
BRDA:237,12,1,2
BRDA:238,13,0,2
BRDA:238,13,1,1
BRDA:243,14,0,0
BRDA:243,14,1,3
BRDA:249,15,0,1
BRDA:249,15,1,2
BRDA:263,16,0,18
BRDA:263,16,1,0
BRDA:271,17,0,6
BRDA:271,17,1,0
BRDA:278,18,0,6
BRDA:278,18,1,0
BRDA:283,19,0,11
BRDA:283,19,1,0
BRDA:287,20,0,6
BRDA:287,20,1,0
BRF:40
BRH:29
end_of_record
TN:
SF:/home/rui/Documents/react/src/renderers/dom/client/ReactBrowserEventEmitter.js
FN:153,getListeningForDocument
FN:184,(anonymous_2)
FN:197,(anonymous_3)
FN:206,(anonymous_4)
FN:234,(anonymous_5)
FN:329,(anonymous_6)
FN:337,(anonymous_7)
FN:353,(anonymous_8)
FNF:8
FNH:6
FNDA:4,getListeningForDocument
FNDA:21,(anonymous_2)
FNDA:44,(anonymous_3)
FNDA:21,(anonymous_4)
FNDA:4,(anonymous_5)
FNDA:0,(anonymous_6)
FNDA:0,(anonymous_7)
FNDA:21,(anonymous_8)
DA:15,21
DA:16,21
DA:17,21
DA:18,21
DA:20,21
DA:21,21
DA:78,21
DA:79,21
DA:80,21
DA:85,21
DA:151,21
DA:153,1
DA:156,4
DA:157,3
DA:158,3
DA:160,4
DA:173,21
DA:185,21
DA:188,21
DA:198,44
DA:199,44
DA:207,21
DA:235,4
DA:236,4
DA:237,4
DA:240,4
DA:241,4
DA:242,11
DA:243,11
DA:247,9
DA:248,0
DA:249,0
DA:254,0
DA:255,0
DA:263,0
DA:269,9
DA:271,0
DA:272,0
DA:278,0
DA:284,9
DA:287,1
DA:288,1
DA:293,1
DA:298,0
DA:301,0
DA:306,0
DA:314,1
DA:315,1
DA:316,8
DA:317,8
DA:324,9
DA:330,0
DA:338,0
DA:354,21
DA:355,21
DA:356,21
DA:357,21
DA:363,21
LF:58
LH:45
BRDA:156,1,0,3
BRDA:156,1,1,1
BRDA:198,2,0,44
BRDA:198,2,1,0
BRDA:208,3,0,21
BRDA:208,3,1,21
BRDA:243,4,0,9
BRDA:243,4,1,2
BRDA:244,5,0,11
BRDA:244,5,1,2
BRDA:247,6,0,0
BRDA:247,6,1,9
BRDA:248,7,0,0
BRDA:248,7,1,0
BRDA:254,8,0,0
BRDA:254,8,1,0
BRDA:269,9,0,0
BRDA:269,9,1,9
BRDA:271,10,0,0
BRDA:271,10,1,0
BRDA:284,11,0,1
BRDA:284,11,1,8
BRDA:284,12,0,9
BRDA:284,12,1,9
BRDA:287,13,0,1
BRDA:287,13,1,0
BRDA:298,14,0,0
BRDA:298,14,1,0
BRDA:316,15,0,8
BRDA:316,15,1,0
BRDA:354,16,0,21
BRDA:354,16,1,0
BRF:32
BRH:18
end_of_record
TN:
SF:/home/rui/Documents/react/src/renderers/dom/client/eventPlugins/TapEventPlugin.js
FN:40,getAxisCoordOfEvent
FN:50,getDistance
FN:92,(anonymous_3)
FNF:3
FNH:3
FNDA:24,getAxisCoordOfEvent
FNDA:8,getDistance
FNDA:9,(anonymous_3)
DA:15,21
DA:16,21
DA:17,21
DA:18,21
DA:19,21
DA:20,21
DA:22,21
DA:23,21
DA:25,21
DA:26,21
DA:32,21
DA:33,21
DA:35,21
DA:40,1
DA:41,24
DA:42,24
DA:43,24
DA:45,0
DA:50,1
DA:51,8
DA:52,8
DA:53,8
DA:59,21
DA:66,21
DA:72,21
DA:82,21
DA:83,21
DA:84,21
DA:86,21
DA:98,9
DA:99,1
DA:104,8
DA:105,8
DA:106,8
DA:108,0
DA:109,0
DA:112,8
DA:113,8
DA:114,8
DA:115,3
DA:122,8
DA:123,4
DA:124,4
DA:125,4
DA:126,4
DA:127,4
DA:129,8
DA:130,8
DA:135,21
LF:49
LH:46
BRDA:42,1,0,24
BRDA:42,1,1,0
BRDA:45,2,0,0
BRDA:45,2,1,0
BRDA:98,3,0,1
BRDA:98,3,1,8
BRDA:98,4,0,9
BRDA:98,4,1,5
BRDA:104,5,0,8
BRDA:104,5,1,0
BRDA:108,6,0,0
BRDA:108,6,1,0
BRDA:108,7,0,0
BRDA:108,7,1,0
BRDA:114,8,0,3
BRDA:114,8,1,5
BRDA:114,9,0,8
BRDA:114,9,1,4
BRDA:122,10,0,4
BRDA:122,10,1,4
BRDA:125,11,0,4
BRDA:125,11,1,0
BRF:22
BRH:13
end_of_record
TN:
SF:/home/rui/Documents/react/src/renderers/dom/shared/DOMProperty.js
FN:17,checkMask
FN:62,(anonymous_2)
FN:226,(anonymous_3)
FN:244,(anonymous_4)
FNF:4
FNH:4
FNDA:47306,checkMask
FNDA:74,(anonymous_2)
FNDA:39,(anonymous_3)
FNDA:1,(anonymous_4)
DA:15,35
DA:17,2
DA:18,47306
DA:21,35
DA:63,74
DA:64,74
DA:65,74
DA:66,74
DA:67,74
DA:68,74
DA:70,74
DA:71,36
DA:76,74
DA:77,6759
DA:86,6758
DA:87,6758
DA:89,6758
DA:106,6758
DA:111,6758
DA:116,6758
DA:124,6758
DA:125,6758
DA:128,6758
DA:129,1225
DA:130,1225
DA:131,1225
DA:132,1225
DA:136,6758
DA:137,350
DA:140,6758
DA:141,351
DA:144,6758
DA:145,1
DA:148,6758
DA:152,35
DA:167,35
DA:227,39
DA:228,40
DA:229,40
DA:230,8
DA:233,31
DA:245,1
DA:246,1
DA:247,1
DA:248,1
DA:250,1
DA:251,1
DA:252,1
DA:254,1
DA:260,35
LF:50
LH:50
BRDA:64,1,0,74
BRDA:64,1,1,0
BRDA:65,2,0,74
BRDA:65,2,1,39
BRDA:66,3,0,74
BRDA:66,3,1,4
BRDA:67,4,0,74
BRDA:67,4,1,38
BRDA:68,5,0,74
BRDA:68,5,1,73
BRDA:70,6,0,36
BRDA:70,6,1,38
BRDA:107,7,0,6758
BRDA:107,7,1,4270
BRDA:112,8,0,6758
BRDA:112,8,1,6442
BRDA:124,9,0,6758
BRDA:124,9,1,0
BRDA:128,10,0,1225
BRDA:128,10,1,5533
BRDA:131,11,0,1225
BRDA:131,11,1,0
BRDA:136,12,0,350
BRDA:136,12,1,6408
BRDA:140,13,0,351
BRDA:140,13,1,6407
BRDA:144,14,0,1
BRDA:144,14,1,6757
BRDA:215,15,0,35
BRDA:215,15,1,0
BRDA:229,16,0,8
BRDA:229,16,1,32
BRDA:247,17,0,1
BRDA:247,17,1,0
BRDA:250,18,0,1
BRDA:250,18,1,0
BRF:36
BRH:30
end_of_record
TN:
SF:/home/rui/Documents/react/src/renderers/dom/shared/DOMPropertyOperations.js
FN:27,isAttributeNameSafe
FN:47,shouldIgnoreValue
FN:64,(anonymous_3)
FN:119,(anonymous_4)
FN:124,(anonymous_5)
FN:128,(anonymous_6)
FN:132,(anonymous_7)
FN:143,(anonymous_8)
FN:174,(anonymous_9)
FN:188,(anonymous_10)
FN:228,(anonymous_11)
FN:245,(anonymous_12)
FNF:12
FNH:8
FNDA:4,isAttributeNameSafe
FNDA:34,shouldIgnoreValue
FNDA:6,(anonymous_3)
FNDA:0,(anonymous_4)
FNDA:0,(anonymous_5)
FNDA:0,(anonymous_6)
FNDA:0,(anonymous_7)
FNDA:33,(anonymous_8)
FNDA:2,(anonymous_9)
FNDA:15,(anonymous_10)
FNDA:2,(anonymous_11)
FNDA:4,(anonymous_12)
DA:15,21
DA:16,21
DA:17,21
DA:19,21
DA:20,21
DA:23,21
DA:24,21
DA:25,21
DA:27,1
DA:28,4
DA:29,1
DA:31,3
DA:32,0
DA:34,3
DA:35,3
DA:36,3
DA:38,0
DA:39,0
DA:44,0
DA:47,1
DA:48,34
DA:55,21
DA:56,21
DA:62,21
DA:64,21
DA:65,6
DA:67,0
DA:70,6
DA:71,6
DA:74,6
DA:84,6
DA:91,6
DA:99,6
DA:111,21
DA:120,0
DA:125,0
DA:129,0
DA:133,0
DA:144,33
DA:146,33
DA:147,22
DA:148,6
DA:150,16
DA:151,16
DA:153,4
DA:155,12
DA:156,11
DA:157,5
DA:158,1
DA:160,4
DA:161,6
DA:162,6
DA:164,6
DA:175,2
DA:176,0
DA:178,2
DA:189,15
DA:191,15
DA:192,13
DA:193,13
DA:194,1
DA:195,12
DA:196,4
DA:197,8
DA:198,6
DA:199,6
DA:202,6
DA:203,1
DA:204,5
DA:206,2
DA:208,3
DA:211,2
DA:214,2
DA:218,2
DA:221,2
DA:222,2
DA:223,0
DA:224,0
DA:229,2
DA:230,0
DA:232,2
DA:233,1
DA:235,1
DA:246,4
DA:248,4
DA:249,4
DA:250,4
DA:251,0
DA:252,4
DA:253,3
DA:255,1
DA:256,1
DA:260,1
DA:262,1
DA:265,0
DA:266,0
DA:267,0
DA:268,0
DA:274,21
DA:280,21
LF:100
LH:82
BRDA:28,1,0,1
BRDA:28,1,1,3
BRDA:31,2,0,0
BRDA:31,2,1,3
BRDA:34,3,0,3
BRDA:34,3,1,0
BRDA:48,4,0,34
BRDA:48,4,1,29
BRDA:48,4,2,8
BRDA:48,4,3,26
BRDA:48,4,4,4
BRDA:48,4,5,26
BRDA:48,4,6,2
BRDA:48,4,7,25
BRDA:48,4,8,6
BRDA:55,5,0,21
BRDA:55,5,1,0
BRDA:65,6,0,0
BRDA:65,6,1,6
BRDA:65,7,0,6
BRDA:65,7,1,0
BRDA:65,7,2,6
BRDA:65,7,3,0
BRDA:75,8,0,0
BRDA:75,8,1,6
BRDA:77,9,0,2
BRDA:77,9,1,4
BRDA:92,10,0,2
BRDA:92,10,1,4
BRDA:144,11,0,22
BRDA:144,11,1,11
BRDA:146,12,0,22
BRDA:146,12,1,11
BRDA:147,13,0,6
BRDA:147,13,1,16
BRDA:151,14,0,4
BRDA:151,14,1,12
BRDA:151,15,0,16
BRDA:151,15,1,13
BRDA:151,15,2,5
BRDA:156,16,0,5
BRDA:156,16,1,6
BRDA:157,17,0,1
BRDA:157,17,1,4
BRDA:161,18,0,6
BRDA:161,18,1,0
BRDA:175,19,0,0
BRDA:175,19,1,2
BRDA:175,20,0,2
BRDA:175,20,1,2
BRDA:189,21,0,13
BRDA:189,21,1,2
BRDA:191,22,0,13
BRDA:191,22,1,2
BRDA:193,23,0,1
BRDA:193,23,1,12
BRDA:195,24,0,4
BRDA:195,24,1,8
BRDA:197,25,0,6
BRDA:197,25,1,2
BRDA:202,26,0,1
BRDA:202,26,1,5
BRDA:204,27,0,2
BRDA:204,27,1,3
BRDA:204,28,0,5
BRDA:204,28,1,3
BRDA:204,28,2,0
BRDA:214,29,0,2
BRDA:214,29,1,0
BRDA:214,30,0,2
BRDA:214,30,1,0
BRDA:221,31,0,2
BRDA:221,31,1,0
BRDA:223,32,0,0
BRDA:223,32,1,0
BRDA:229,33,0,0
BRDA:229,33,1,2
BRDA:232,34,0,1
BRDA:232,34,1,1
BRDA:246,35,0,4
BRDA:246,35,1,0
BRDA:248,36,0,4
BRDA:248,36,1,0
BRDA:250,37,0,0
BRDA:250,37,1,4
BRDA:252,38,0,3
BRDA:252,38,1,1
BRDA:260,39,0,1
BRDA:260,39,1,0
BRDA:260,40,0,1
BRDA:260,40,1,0
BRDA:265,41,0,0
BRDA:265,41,1,0
BRDA:267,42,0,0
BRDA:267,42,1,0
BRF:95
BRH:70
end_of_record
TN:
SF:/home/rui/Documents/react/src/renderers/shared/reconciler/ReactInstanceMap.js
FN:29,(anonymous_1)
FN:33,(anonymous_2)
FN:37,(anonymous_3)
FN:41,(anonymous_4)
FNF:4
FNH:3
FNDA:16,(anonymous_1)
FNDA:200,(anonymous_2)
FNDA:0,(anonymous_3)
FNDA:156,(anonymous_4)
DA:22,15
DA:30,16
DA:34,200
DA:38,0
DA:42,156
DA:47,15
LF:6
LH:5
BRF:0
BRH:0
end_of_record
TN:
SF:/home/rui/Documents/react/src/addons/transitions/ReactCSSTransitionGroup.js
FN:22,createTransitionTimeoutPropValidator
FN:26,(anonymous_2)
FN:61,(anonymous_3)
FN:69,(anonymous_4)
FN:88,(anonymous_5)
FNF:5
FNH:5
FNDA:33,createTransitionTimeoutPropValidator
FNDA:120,(anonymous_2)
FNDA:11,(anonymous_3)
FNDA:24,(anonymous_4)
FNDA:20,(anonymous_5)
DA:15,11
DA:17,11
DA:19,11
DA:20,11
DA:22,1
DA:23,33
DA:24,33
DA:26,33
DA:28,120
DA:30,62
DA:31,40
DA:40,22
DA:41,0
DA:47,11
DA:62,11
DA:73,24
DA:89,20
DA:96,11
LF:18
LH:17
BRDA:28,1,0,62
BRDA:28,1,1,58
BRDA:30,2,0,40
BRDA:30,2,1,22
BRDA:40,3,0,0
BRDA:40,3,1,22
BRF:6
BRH:5
end_of_record
TN:
SF:/home/rui/Documents/react/src/renderers/dom/client/ReactMount.js
FN:50,firstDifferenceIndex
FN:65,getReactRootElementInContainer
FN:77,internalGetID
FN:92,mountComponentIntoNode
FN:123,batchedMountComponentIntoNode
FN:154,unmountComponentFromNode
FN:177,hasNonRootReactChild
FN:185,getNativeRootInstanceInContainer
FN:195,getTopLevelWrapperInContainer
FN:206,(anonymous_10)
FN:213,(anonymous_11)
FN:253,(anonymous_12)
FN:264,(anonymous_13)
FN:269,(anonymous_14)
FN:287,(anonymous_15)
FN:349,(anonymous_16)
FN:362,(anonymous_17)
FN:408,(anonymous_18)
FN:487,(anonymous_19)
FN:498,(anonymous_20)
FN:558,(anonymous_21)
FNF:21
FNH:20
FNDA:1,firstDifferenceIndex
FNDA:62,getReactRootElementInContainer
FNDA:9,internalGetID
FNDA:17,mountComponentIntoNode
FNDA:17,batchedMountComponentIntoNode
FNDA:5,unmountComponentFromNode
FNDA:17,hasNonRootReactChild
FNDA:26,getNativeRootInstanceInContainer
FNDA:26,getTopLevelWrapperInContainer
FNDA:17,(anonymous_10)
FNDA:21,(anonymous_11)
FNDA:4,(anonymous_12)
FNDA:4,(anonymous_13)
FNDA:4,(anonymous_14)
FNDA:17,(anonymous_15)
FNDA:0,(anonymous_16)
FNDA:23,(anonymous_17)
FNDA:2,(anonymous_18)
FNDA:23,(anonymous_19)
FNDA:6,(anonymous_20)
FNDA:17,(anonymous_21)
DA:14,13
DA:15,13
DA:16,13
DA:17,13
DA:18,13
DA:19,13
DA:20,13
DA:21,13
DA:22,13
DA:23,13
DA:24,13
DA:25,13
DA:26,13
DA:28,13
DA:29,13
DA:30,13
DA:31,13
DA:32,13
DA:33,13
DA:35,13
DA:36,13
DA:38,13
DA:39,13
DA:40,13
DA:42,13
DA:50,1
DA:51,1
DA:52,1
DA:53,85
DA:54,1
DA:57,0
DA:65,1
DA:66,62
DA:67,0
DA:70,62
DA:71,0
DA:73,62
DA:77,1
DA:81,9
DA:92,1
DA:99,17
DA:106,17
DA:107,17
DA:123,1
DA:129,17
DA:133,17
DA:142,17
DA:154,1
DA:155,5
DA:157,5
DA:158,0
DA:162,5
DA:163,5
DA:177,1
DA:178,17
DA:179,17
DA:180,5
DA:181,5
DA:185,1
DA:186,26
DA:187,26
DA:189,26
DA:195,1
DA:196,26
DA:197,26
DA:205,13
DA:206,13
DA:207,17
DA:209,13
DA:210,13
DA:211,13
DA:213,13
DA:215,21
DA:236,13
DA:254,4
DA:269,4
DA:270,4
DA:271,4
DA:272,2
DA:276,4
DA:296,17
DA:306,17
DA:315,17
DA:316,17
DA:322,17
DA:330,17
DA:331,17
DA:333,17
DA:350,0
DA:354,0
DA:363,23
DA:381,21
DA:391,21
DA:401,21
DA:403,21
DA:404,8
DA:405,8
DA:406,8
DA:407,4
DA:408,4
DA:409,2
DA:411,4
DA:417,4
DA:419,4
DA:423,17
DA:424,17
DA:426,17
DA:428,17
DA:429,17
DA:437,17
DA:438,15
DA:439,15
DA:440,4
DA:441,2
DA:447,2
DA:449,2
DA:454,17
DA:458,17
DA:468,17
DA:469,3
DA:471,17
DA:488,23
DA:503,6
DA:513,6
DA:522,5
DA:523,5
DA:526,0
DA:529,0
DA:532,0
DA:533,0
DA:547,0
DA:549,5
DA:550,5
DA:555,5
DA:565,17
DA:574,17
DA:575,2
DA:576,2
DA:577,1
DA:578,1
DA:580,1
DA:583,1
DA:585,1
DA:586,1
DA:591,1
DA:592,1
DA:597,1
DA:598,1
DA:599,1
DA:600,1
DA:601,1
DA:603,0
DA:604,0
DA:605,0
DA:606,0
DA:607,0
DA:611,1
DA:612,1
DA:616,1
DA:629,1
DA:630,1
DA:646,16
DA:654,16
DA:655,0
DA:656,0
DA:658,0
DA:660,16
DA:661,16
DA:666,13
DA:671,13
LF:170
LH:151
BRDA:53,1,0,1
BRDA:53,1,1,84
BRDA:57,2,0,0
BRDA:57,2,1,0
BRDA:66,3,0,0
BRDA:66,3,1,62
BRDA:70,4,0,0
BRDA:70,4,1,62
BRDA:81,5,0,9
BRDA:81,5,1,7
BRDA:81,5,2,4
BRDA:131,6,0,17
BRDA:131,6,1,15
BRDA:157,7,0,0
BRDA:157,7,1,5
BRDA:179,8,0,5
BRDA:179,8,1,12
BRDA:181,9,0,5
BRDA:181,9,1,1
BRDA:188,10,0,26
BRDA:188,10,1,18
BRDA:190,11,0,13
BRDA:190,11,1,13
BRDA:190,12,0,26
BRDA:190,12,1,14
BRDA:197,13,0,13
BRDA:197,13,1,13
BRDA:210,14,0,13
BRDA:210,14,1,0
BRDA:271,15,0,2
BRDA:271,15,1,2
BRDA:302,16,0,17
BRDA:302,16,1,0
BRDA:302,16,2,17
BRDA:307,17,0,17
BRDA:307,17,1,17
BRDA:307,17,2,0
BRDA:307,17,3,0
BRDA:351,18,0,0
BRDA:351,18,1,0
BRDA:367,19,0,1
BRDA:367,19,1,22
BRDA:370,20,0,1
BRDA:370,20,1,21
BRDA:374,21,0,21
BRDA:374,21,1,0
BRDA:374,22,0,21
BRDA:374,22,1,21
BRDA:382,23,0,21
BRDA:382,23,1,21
BRDA:382,23,2,21
BRDA:403,24,0,8
BRDA:403,24,1,13
BRDA:406,25,0,4
BRDA:406,25,1,4
BRDA:408,26,0,4
BRDA:408,26,1,2
BRDA:425,27,0,17
BRDA:425,27,1,5
BRDA:428,28,0,17
BRDA:428,28,1,0
BRDA:437,29,0,15
BRDA:437,29,1,2
BRDA:437,30,0,17
BRDA:437,30,1,3
BRDA:440,31,0,2
BRDA:440,31,1,2
BRDA:455,32,0,17
BRDA:455,32,1,3
BRDA:455,32,2,3
BRDA:462,33,0,0
BRDA:462,33,1,17
BRDA:468,34,0,3
BRDA:468,34,1,14
BRDA:509,35,0,6
BRDA:509,35,1,0
BRDA:509,35,2,6
BRDA:514,36,0,6
BRDA:514,36,1,6
BRDA:514,36,2,1
BRDA:514,36,3,1
BRDA:523,37,0,0
BRDA:523,37,1,5
BRDA:530,38,0,0
BRDA:530,38,1,0
BRDA:532,39,0,0
BRDA:532,39,1,0
BRDA:538,40,0,0
BRDA:538,40,1,0
BRDA:566,41,0,17
BRDA:566,41,1,17
BRDA:566,41,2,0
BRDA:566,41,3,0
BRDA:574,42,0,2
BRDA:574,42,1,15
BRDA:576,43,0,1
BRDA:576,43,1,1
BRDA:592,44,0,1
BRDA:592,44,1,0
BRDA:598,45,0,1
BRDA:598,45,1,0
BRDA:629,46,0,1
BRDA:629,46,1,0
BRDA:654,47,0,0
BRDA:654,47,1,16
BRF:105
BRH:77
end_of_record
TN:
SF:/home/rui/Documents/react/src/renderers/dom/server/ReactMarkupChecksum.js
FN:25,(anonymous_1)
FN:40,(anonymous_2)
FNF:2
FNH:2
FNDA:10,(anonymous_1)
FNDA:2,(anonymous_2)
DA:14,14
DA:16,14
DA:18,14
DA:26,10
DA:29,10
DA:41,2
DA:44,2
DA:45,2
DA:46,2
DA:50,14
LF:10
LH:10
BRDA:44,1,0,2
BRDA:44,1,1,2
BRF:2
BRH:2
end_of_record
TN:
SF:/home/rui/Documents/react/src/isomorphic/children/onlyChild.js
FN:28,onlyChild
FNF:1
FNH:1
FNDA:11,onlyChild
DA:13,10
DA:15,10
DA:28,2
DA:29,11
DA:33,7
DA:36,10
LF:6
LH:6
BRF:0
BRH:0
end_of_record
TN:
SF:/home/rui/Documents/react/src/isomorphic/deprecated/cloneWithProps.js
FN:35,cloneWithProps
FNF:1
FNH:1
FNDA:10,cloneWithProps
DA:15,9
DA:16,9
DA:18,9
DA:19,9
DA:21,9
DA:23,9
DA:35,1
DA:36,10
DA:37,10
DA:42,10
DA:43,10
DA:51,10
DA:54,10
DA:56,1
DA:61,10
DA:64,9
LF:16
LH:16
BRDA:36,1,0,10
BRDA:36,1,1,0
BRDA:54,2,0,1
BRDA:54,2,1,9
BRDA:54,3,0,10
BRDA:54,3,1,9
BRF:6
BRH:5
end_of_record
TN:
SF:/home/rui/Documents/react/src/test/getTestDocument.js
FN:14,getTestDocument
FNF:1
FNH:1
FNDA:18,getTestDocument
DA:14,3
DA:15,18
DA:16,18
DA:19,18
DA:20,18
DA:23,9
LF:6
LH:6
BRDA:17,1,0,18
BRDA:17,1,1,11
BRF:2
BRH:2
end_of_record
TN:
SF:/home/rui/Documents/react/src/shared/utils/traverseAllChildren.js
FN:38,userProvidedKeyEscaper
FN:49,getComponentKey
FN:64,escapeUserProvidedKey
FN:78,wrapUserProvidedKey
FN:90,traverseAllChildrenImpl
FN:229,traverseAllChildren
FNF:6
FNH:5
FNDA:0,userProvidedKeyEscaper
FNDA:47,getComponentKey
FNDA:25,escapeUserProvidedKey
FNDA:25,wrapUserProvidedKey
FNDA:60,traverseAllChildrenImpl
FNDA:18,traverseAllChildren
DA:14,13
DA:15,13
DA:17,13
DA:18,13
DA:19,13
DA:21,13
DA:22,13
DA:29,13
DA:34,13
DA:36,13
DA:38,1
DA:39,0
DA:49,1
DA:50,47
DA:52,22
DA:55,25
DA:64,1
DA:65,25
DA:78,1
DA:79,25
DA:90,1
DA:96,60
DA:98,60
DA:100,3
DA:103,60
DA:107,43
DA:114,43
DA:117,17
DA:118,17
DA:119,17
DA:120,17
DA:122,17
DA:123,12
DA:124,33
DA:125,33
DA:126,33
DA:134,5
DA:135,5
DA:136,3
DA:137,3
DA:138,3
DA:139,2
DA:140,2
DA:141,6
DA:142,6
DA:143,6
DA:151,1
DA:152,1
DA:158,1
DA:161,1
DA:162,3
DA:163,3
DA:164,3
DA:165,3
DA:170,3
DA:179,2
DA:180,2
DA:181,2
DA:182,2
DA:186,2
DA:187,0
DA:191,2
DA:192,0
DA:193,0
DA:194,0
DA:198,2
DA:199,2
DA:210,15
DA:229,1
DA:230,18
DA:231,0
DA:234,18
DA:237,13
LF:73
LH:67
BRDA:50,1,0,22
BRDA:50,1,1,25
BRDA:50,2,0,47
BRDA:50,2,1,40
BRDA:98,3,0,3
BRDA:98,3,1,57
BRDA:98,4,0,60
BRDA:98,4,1,59
BRDA:103,5,0,43
BRDA:103,5,1,17
BRDA:103,6,0,60
BRDA:103,6,1,52
BRDA:103,6,2,51
BRDA:103,6,3,47
BRDA:112,7,0,5
BRDA:112,7,1,38
BRDA:120,8,0,13
BRDA:120,8,1,4
BRDA:122,9,0,12
BRDA:122,9,1,5
BRDA:135,10,0,3
BRDA:135,10,1,2
BRDA:138,11,0,2
BRDA:138,11,1,1
BRDA:151,12,0,1
BRDA:151,12,1,0
BRDA:163,13,0,3
BRDA:163,13,1,0
BRDA:179,14,0,2
BRDA:179,14,1,0
BRDA:181,15,0,2
BRDA:181,15,1,0
BRDA:186,16,0,0
BRDA:186,16,1,2
BRDA:191,17,0,0
BRDA:191,17,1,2
BRDA:193,18,0,0
BRDA:193,18,1,0
BRDA:202,19,0,1
BRDA:202,19,1,1
BRDA:230,20,0,0
BRDA:230,20,1,18
BRF:42
BRH:33
end_of_record
TN:
SF:/home/rui/Documents/react/src/addons/ReactFragment.js
FN:36,(anonymous_1)
FNF:1
FNH:1
FNDA:16,(anonymous_1)
DA:14,30
DA:15,30
DA:17,30
DA:18,30
DA:19,30
DA:29,30
DA:31,30
DA:33,30
DA:37,16
DA:38,2
DA:43,2
DA:45,14
DA:46,1
DA:51,1
DA:54,13
DA:60,13
DA:62,13
DA:63,27
DA:64,27
DA:65,1
DA:70,1
DA:73,27
DA:81,13
DA:85,30
LF:24
LH:24
BRDA:37,1,0,2
BRDA:37,1,1,14
BRDA:37,2,0,16
BRDA:37,2,1,16
BRDA:37,2,2,15
BRDA:45,3,0,1
BRDA:45,3,1,13
BRDA:63,4,0,27
BRDA:63,4,1,0
BRDA:64,5,0,1
BRDA:64,5,1,26
BRDA:64,6,0,27
BRDA:64,6,1,26
BRF:13
BRH:12
end_of_record
TN:
SF:/home/rui/Documents/react/src/isomorphic/deprecated/OrderedMap.js
FN:30,extractObjectFromArray
FN:71,OrderedMapImpl
FN:86,assertValidPublicKey
FN:102,assertValidRangeIndices
FN:122,_fromNormalizedObjects
FN:170,(anonymous_6)
FN:184,(anonymous_7)
FN:202,(anonymous_8)
FN:220,(anonymous_9)
FN:234,(anonymous_10)
FN:262,(anonymous_11)
FN:276,(anonymous_12)
FN:279,(anonymous_13)
FN:289,(anonymous_14)
FN:293,(anonymous_15)
FN:318,(anonymous_16)
FN:332,(anonymous_17)
FN:352,(anonymous_18)
FN:364,(anonymous_19)
FN:374,(anonymous_20)
FN:385,(anonymous_21)
FN:402,(anonymous_22)
FN:411,(anonymous_23)
FN:423,(anonymous_24)
FN:444,(anonymous_25)
FN:459,(anonymous_26)
FN:481,(anonymous_27)
FN:489,(anonymous_28)
FNF:28
FNH:28
FNDA:48,extractObjectFromArray
FNDA:60,OrderedMapImpl
FNDA:377,assertValidPublicKey
FNDA:37,assertValidRangeIndices
FNDA:5,_fromNormalizedObjects
FNDA:72,(anonymous_6)
FNDA:45,(anonymous_7)
FNDA:7,(anonymous_8)
FNDA:1,(anonymous_9)
FNDA:15,(anonymous_10)
FNDA:1,(anonymous_11)
FNDA:8,(anonymous_12)
FNDA:7,(anonymous_13)
FNDA:1,(anonymous_14)
FNDA:22,(anonymous_15)
FNDA:8,(anonymous_16)
FNDA:8,(anonymous_17)
FNDA:93,(anonymous_18)
FNDA:21,(anonymous_19)
FNDA:18,(anonymous_20)
FNDA:61,(anonymous_21)
FNDA:29,(anonymous_22)
FNDA:134,(anonymous_23)
FNDA:1,(anonymous_24)
FNDA:202,(anonymous_25)
FNDA:27,(anonymous_26)
FNDA:1,(anonymous_27)
FNDA:58,(anonymous_28)
DA:14,30
DA:15,30
DA:17,30
DA:30,1
DA:31,48
DA:32,48
DA:33,126
DA:34,126
DA:35,126
DA:36,119
DA:37,119
DA:41,118
DA:43,40
DA:71,1
DA:72,60
DA:73,60
DA:74,60
DA:86,1
DA:87,377
DA:102,1
DA:103,37
DA:122,1
DA:124,5
DA:129,5
DA:130,5
DA:131,5
DA:132,5
DA:133,10
DA:134,10
DA:135,10
DA:139,5
DA:140,9
DA:142,9
DA:143,6
DA:145,9
DA:148,5
DA:161,30
DA:171,72
DA:172,69
DA:173,69
DA:185,45
DA:186,42
DA:187,42
DA:203,7
DA:207,5
DA:221,1
DA:235,15
DA:236,15
DA:237,15
DA:238,15
DA:239,11
DA:240,11
DA:241,29
DA:242,29
DA:243,22
DA:244,5
DA:246,17
DA:247,17
DA:249,24
DA:252,11
DA:263,1
DA:277,8
DA:278,8
DA:279,8
DA:280,7
DA:281,6
DA:282,6
DA:283,6
DA:286,4
DA:290,1
DA:294,22
DA:295,14
DA:296,14
DA:297,14
DA:298,14
DA:299,37
DA:300,37
DA:301,29
DA:302,5
DA:304,24
DA:305,24
DA:307,32
DA:319,8
DA:320,7
DA:321,4
DA:325,3
DA:329,2
DA:333,8
DA:334,7
DA:335,4
DA:339,3
DA:344,2
DA:353,93
DA:354,93
DA:355,93
DA:365,21
DA:375,18
DA:386,61
DA:387,47
DA:392,41
DA:403,29
DA:412,134
DA:413,109
DA:414,109
DA:415,109
DA:417,109
DA:424,1
DA:425,1
DA:426,1
DA:427,3
DA:428,3
DA:431,1
DA:447,202
DA:448,202
DA:449,27
DA:451,202
DA:460,27
DA:464,27
DA:465,27
DA:466,27
DA:467,27
DA:468,27
DA:469,71
DA:470,71
DA:471,71
DA:472,71
DA:478,30
DA:480,30
DA:482,1
DA:486,0
DA:490,58
DA:494,49
DA:499,48
DA:506,30
LF:134
LH:133
BRDA:88,1,0,377
BRDA:88,1,1,369
BRDA:88,1,2,46
BRDA:104,2,0,37
BRDA:104,2,1,37
BRDA:104,2,2,37
BRDA:104,2,3,34
BRDA:104,2,4,31
BRDA:125,3,0,5
BRDA:125,3,1,5
BRDA:125,3,2,5
BRDA:125,3,3,5
BRDA:133,4,0,10
BRDA:133,4,1,0
BRDA:140,5,0,9
BRDA:140,5,1,0
BRDA:142,6,0,6
BRDA:142,6,1,3
BRDA:187,7,0,38
BRDA:187,7,1,4
BRDA:241,8,0,29
BRDA:241,8,1,0
BRDA:242,9,0,22
BRDA:242,9,1,7
BRDA:243,10,0,5
BRDA:243,10,1,17
BRDA:280,11,0,6
BRDA:280,11,1,1
BRDA:299,12,0,37
BRDA:299,12,1,0
BRDA:300,13,0,29
BRDA:300,13,1,8
BRDA:301,14,0,5
BRDA:301,14,1,24
BRDA:322,15,0,4
BRDA:322,15,1,4
BRDA:336,16,0,4
BRDA:336,16,1,4
BRDA:355,17,0,77
BRDA:355,17,1,16
BRDA:417,18,0,13
BRDA:417,18,1,96
BRDA:427,19,0,3
BRDA:427,19,1,0
BRDA:448,20,0,27
BRDA:448,20,1,175
BRDA:469,21,0,71
BRDA:469,21,1,0
BRF:48
BRH:42
end_of_record
TN:
SF:/home/rui/Documents/react/src/isomorphic/classic/types/ReactPropTypeLocations.js
FNF:0
FNH:0
DA:14,5
DA:16,5
DA:22,5
LF:3
LH:3
BRF:0
BRH:0
end_of_record
TN:
SF:/home/rui/Documents/react/src/renderers/dom/client/ReactEventListener.js
FN:30,findParent
FN:43,TopLevelCallbackBookKeeping
FN:49,(anonymous_3)
FN:60,handleTopLevelImpl
FN:87,scrollValueMonitor
FN:98,(anonymous_6)
FN:102,(anonymous_7)
FN:106,(anonymous_8)
FN:121,(anonymous_9)
FN:143,(anonymous_10)
FN:155,(anonymous_11)
FN:160,(anonymous_12)
FNF:12
FNH:9
FNDA:10,findParent
FNDA:6,TopLevelCallbackBookKeeping
FNDA:6,(anonymous_3)
FNDA:6,handleTopLevelImpl
FNDA:0,scrollValueMonitor
FNDA:6,(anonymous_6)
FNDA:24,(anonymous_7)
FNDA:12,(anonymous_8)
FNDA:0,(anonymous_9)
FNDA:0,(anonymous_10)
FNDA:6,(anonymous_11)
FNDA:6,(anonymous_12)
DA:15,6
DA:16,6
DA:17,6
DA:18,6
DA:19,6
DA:21,6
DA:22,6
DA:23,6
DA:30,1
DA:34,10
DA:35,2
DA:37,10
DA:38,10
DA:39,10
DA:43,1
DA:44,6
DA:45,6
DA:46,6
DA:48,6
DA:50,6
DA:51,6
DA:52,6
DA:55,6
DA:60,1
DA:61,6
DA:62,6
DA:70,6
DA:71,6
DA:72,11
DA:73,11
DA:76,6
DA:77,11
DA:78,11
DA:87,1
DA:88,0
DA:89,0
DA:92,6
DA:99,6
DA:103,24
DA:107,12
DA:122,0
DA:123,0
DA:124,0
DA:126,0
DA:144,0
DA:145,0
DA:146,0
DA:148,0
DA:156,6
DA:157,6
DA:161,6
DA:162,0
DA:165,6
DA:169,6
DA:172,6
DA:174,6
DA:179,6
LF:57
LH:46
BRDA:73,1,0,11
BRDA:73,1,1,10
BRDA:96,2,0,6
BRDA:96,2,1,0
BRDA:123,3,0,0
BRDA:123,3,1,0
BRDA:145,4,0,0
BRDA:145,4,1,0
BRDA:161,5,0,0
BRDA:161,5,1,6
BRF:10
BRH:4
end_of_record
TN:
SF:/home/rui/Documents/react/src/test/MetaMatchers.js
FN:20,getRunnerWithResults
FN:31,(anonymous_2)
FN:47,compareSpec
FN:58,includesDescription
FN:67,compareSpecs
FN:92,compareDescription
FN:99,compareRunners
FN:107,(anonymous_8)
FN:118,(anonymous_9)
FNF:9
FNH:7
FNDA:10,getRunnerWithResults
FNDA:388,(anonymous_2)
FNDA:44,compareSpec
FNDA:0,includesDescription
FNDA:5,compareSpecs
FNDA:235,compareDescription
FNDA:5,compareRunners
FNDA:5,(anonymous_8)
FNDA:0,(anonymous_9)
DA:20,2
DA:21,10
DA:24,3
DA:27,7
DA:29,7
DA:30,7
DA:31,7
DA:32,388
DA:35,7
DA:36,7
DA:37,7
DA:38,7
DA:41,7
DA:43,7
DA:44,7
DA:47,2
DA:48,44
DA:49,1
DA:55,43
DA:58,2
DA:59,0
DA:60,0
DA:61,0
DA:64,0
DA:67,2
DA:68,5
DA:69,44
DA:70,44
DA:71,44
DA:72,44
DA:73,44
DA:74,1
DA:76,43
DA:77,0
DA:78,0
DA:80,0
DA:83,4
DA:84,0
DA:86,4
DA:87,1
DA:89,3
DA:92,2
DA:93,235
DA:94,0
DA:96,235
DA:99,2
DA:100,5
DA:106,2
DA:108,5
DA:109,5
DA:110,0
DA:112,5
DA:113,0
DA:115,5
DA:116,5
DA:117,5
DA:118,5
DA:119,0
DA:124,5
DA:128,2
LF:60
LH:48
BRDA:21,1,0,3
BRDA:21,1,1,7
BRDA:48,2,0,1
BRDA:48,2,1,43
BRDA:60,3,0,0
BRDA:60,3,1,0
BRDA:68,4,0,48
BRDA:68,4,1,44
BRDA:71,5,0,44
BRDA:71,5,1,0
BRDA:73,6,0,1
BRDA:73,6,1,43
BRDA:77,7,0,0
BRDA:77,7,1,0
BRDA:83,8,0,0
BRDA:83,8,1,4
BRDA:86,9,0,1
BRDA:86,9,1,3
BRDA:93,10,0,0
BRDA:93,10,1,235
BRDA:96,11,0,111
BRDA:96,11,1,124
BRDA:109,12,0,0
BRDA:109,12,1,5
BRDA:112,13,0,0
BRDA:112,13,1,5
BRF:26
BRH:17
end_of_record
TN:
SF:/home/rui/Documents/react/src/renderers/shared/event/EventPluginUtils.js
FN:31,(anonymous_1)
FN:43,(anonymous_2)
FN:57,isEndish
FN:63,isMoveish
FN:67,isStartish
FN:75,(anonymous_6)
FN:103,executeDispatch
FN:121,executeDispatchesInOrder
FN:154,executeDispatchesInOrderStopAtTrueImpl
FN:181,executeDispatchesInOrderStopAtTrue
FN:197,executeDirectDispatch
FN:219,hasDispatches
FN:236,(anonymous_13)
FN:239,(anonymous_14)
FN:242,(anonymous_15)
FN:245,(anonymous_16)
FN:248,(anonymous_17)
FN:251,(anonymous_18)
FN:254,(anonymous_19)
FNF:19
FNH:18
FNDA:20,(anonymous_1)
FNDA:20,(anonymous_2)
FNDA:147,isEndish
FNDA:146,isMoveish
FNDA:245,isStartish
FNDA:131,(anonymous_6)
FNDA:88,executeDispatch
FNDA:88,executeDispatchesInOrder
FNDA:38,executeDispatchesInOrderStopAtTrueImpl
FNDA:38,executeDispatchesInOrderStopAtTrue
FNDA:5,executeDirectDispatch
FNDA:5,hasDispatches
FNDA:3,(anonymous_13)
FNDA:93,(anonymous_14)
FNDA:3,(anonymous_15)
FNDA:11,(anonymous_16)
FNDA:5,(anonymous_17)
FNDA:38,(anonymous_18)
FNDA:0,(anonymous_19)
DA:14,20
DA:15,20
DA:17,20
DA:18,20
DA:28,20
DA:29,20
DA:30,20
DA:32,20
DA:33,20
DA:34,20
DA:44,20
DA:45,20
DA:46,20
DA:55,20
DA:57,1
DA:58,147
DA:63,1
DA:64,146
DA:67,1
DA:68,245
DA:73,20
DA:74,20
DA:75,20
DA:76,131
DA:77,131
DA:79,131
DA:80,131
DA:84,131
DA:85,131
DA:89,131
DA:103,1
DA:104,88
DA:105,88
DA:106,88
DA:107,88
DA:113,0
DA:115,88
DA:121,1
DA:122,88
DA:123,88
DA:124,88
DA:125,88
DA:127,88
DA:128,0
DA:129,0
DA:130,0
DA:133,0
DA:140,88
DA:141,88
DA:143,88
DA:144,88
DA:154,1
DA:155,38
DA:156,38
DA:157,38
DA:158,38
DA:160,38
DA:161,38
DA:162,140
DA:163,0
DA:166,140
DA:167,24
DA:170,0
DA:171,0
DA:172,0
DA:175,14
DA:181,1
DA:182,38
DA:183,38
DA:184,38
DA:185,38
DA:197,1
DA:198,5
DA:199,5
DA:201,5
DA:202,5
DA:203,5
DA:207,5
DA:208,5
DA:209,5
DA:210,5
DA:211,5
DA:212,5
DA:219,1
DA:220,5
DA:226,20
DA:237,3
DA:240,93
DA:243,3
DA:246,11
DA:249,5
DA:252,38
DA:255,0
DA:261,20
LF:94
LH:84
BRDA:33,1,0,20
BRDA:33,1,1,0
BRDA:35,2,0,20
BRDA:35,2,1,20
BRDA:35,2,2,20
BRDA:45,3,0,20
BRDA:45,3,1,0
BRDA:47,4,0,20
BRDA:47,4,1,20
BRDA:47,4,2,20
BRDA:58,5,0,147
BRDA:58,5,1,147
BRDA:58,5,2,77
BRDA:64,6,0,146
BRDA:64,6,1,146
BRDA:68,7,0,245
BRDA:68,7,1,245
BRDA:74,8,0,20
BRDA:74,8,1,0
BRDA:80,9,0,38
BRDA:80,9,1,93
BRDA:82,10,0,93
BRDA:82,10,1,0
BRDA:85,11,0,38
BRDA:85,11,1,93
BRDA:87,12,0,93
BRDA:87,12,1,0
BRDA:90,13,0,131
BRDA:90,13,1,131
BRDA:104,14,0,88
BRDA:104,14,1,88
BRDA:106,15,0,88
BRDA:106,15,1,0
BRDA:124,16,0,88
BRDA:124,16,1,0
BRDA:127,17,0,0
BRDA:127,17,1,88
BRDA:129,18,0,0
BRDA:129,18,1,0
BRDA:140,19,0,88
BRDA:140,19,1,0
BRDA:157,20,0,38
BRDA:157,20,1,0
BRDA:160,21,0,38
BRDA:160,21,1,0
BRDA:162,22,0,0
BRDA:162,22,1,140
BRDA:166,23,0,24
BRDA:166,23,1,116
BRDA:170,24,0,0
BRDA:170,24,1,0
BRDA:171,25,0,0
BRDA:171,25,1,0
BRDA:198,26,0,5
BRDA:198,26,1,0
BRDA:208,27,0,5
BRDA:208,27,1,0
BRF:57
BRH:37
end_of_record
TN:
SF:/home/rui/Documents/react/src/renderers/shared/reconciler/ReactInstanceHandles.js
FN:32,getReactRootIDString
FN:44,isBoundary
FN:55,isValidID
FN:69,isAncestorIDOf
FN:83,getParentID
FN:96,getNextDescendantID
FN:136,getFirstCommonAncestorID
FN:174,traverseParentPath
FN:225,(anonymous_9)
FN:237,(anonymous_10)
FN:249,(anonymous_11)
FN:271,(anonymous_12)
FN:291,(anonymous_13)
FN:301,(anonymous_14)
FN:320,(anonymous_15)
FNF:15
FNH:8
FNDA:0,getReactRootIDString
FNDA:439,isBoundary
FNDA:211,isValidID
FNDA:217,isAncestorIDOf
FNDA:100,getParentID
FNDA:100,getNextDescendantID
FNDA:11,getFirstCommonAncestorID
FNDA:76,traverseParentPath
FNDA:0,(anonymous_9)
FNDA:0,(anonymous_10)
FNDA:0,(anonymous_11)
FNDA:0,(anonymous_12)
FNDA:38,(anonymous_13)
FNDA:0,(anonymous_14)
FNDA:0,(anonymous_15)
DA:15,20
DA:17,20
DA:18,20
DA:23,20
DA:32,1
DA:33,0
DA:44,1
DA:45,439
DA:55,1
DA:56,211
DA:69,1
DA:70,217
DA:83,1
DA:84,100
DA:96,1
DA:97,100
DA:103,100
DA:110,100
DA:111,0
DA:115,100
DA:116,100
DA:117,100
DA:118,162
DA:119,62
DA:122,100
DA:136,1
DA:137,11
DA:138,11
DA:139,0
DA:141,11
DA:143,11
DA:144,63
DA:145,36
DA:146,27
DA:147,2
DA:150,11
DA:151,11
DA:158,11
DA:174,1
DA:175,76
DA:176,76
DA:177,76
DA:182,76
DA:183,76
DA:191,76
DA:192,76
DA:193,76
DA:194,276
DA:195,276
DA:196,200
DA:198,276
DA:200,76
DA:202,200
DA:218,20
DA:226,0
DA:238,0
DA:250,0
DA:251,0
DA:252,0
DA:254,0
DA:272,0
DA:273,0
DA:274,0
DA:276,0
DA:277,0
DA:292,38
DA:293,38
DA:294,38
DA:302,0
DA:303,0
DA:304,0
DA:321,0
DA:338,20
LF:73
LH:55
BRDA:45,1,0,439
BRDA:45,1,1,140
BRDA:56,2,0,211
BRDA:56,2,1,173
BRDA:56,2,2,173
BRDA:71,3,0,217
BRDA:71,3,1,178
BRDA:84,4,0,100
BRDA:84,4,1,0
BRDA:98,5,0,100
BRDA:98,5,1,100
BRDA:110,6,0,0
BRDA:110,6,1,100
BRDA:118,7,0,62
BRDA:118,7,1,100
BRDA:138,8,0,0
BRDA:138,8,1,11
BRDA:144,9,0,36
BRDA:144,9,1,27
BRDA:144,10,0,63
BRDA:144,10,1,36
BRDA:146,11,0,2
BRDA:146,11,1,25
BRDA:175,12,0,76
BRDA:175,12,1,38
BRDA:176,13,0,76
BRDA:176,13,1,38
BRDA:184,14,0,76
BRDA:184,14,1,38
BRDA:192,15,0,38
BRDA:192,15,1,38
BRDA:195,16,0,200
BRDA:195,16,1,76
BRDA:195,17,0,276
BRDA:195,17,1,138
BRDA:195,17,2,238
BRDA:195,17,3,138
BRDA:198,18,0,76
BRDA:198,18,1,200
BRDA:198,19,0,276
BRDA:198,19,1,276
BRDA:250,20,0,0
BRDA:250,20,1,0
BRDA:250,21,0,0
BRDA:250,21,1,0
BRDA:250,21,2,0
BRDA:252,22,0,0
BRDA:252,22,1,0
BRDA:273,23,0,0
BRDA:273,23,1,0
BRDA:276,24,0,0
BRDA:276,24,1,0
BRDA:292,25,0,38
BRDA:292,25,1,0
BRDA:302,26,0,0
BRDA:302,26,1,0
BRF:56
BRH:39
end_of_record
TN:
SF:/home/rui/Documents/react/src/renderers/shared/event/eventPlugins/ResponderEventPlugin.js
FN:49,(anonymous_1)
FN:320,setResponderAndExtractTransfer
FN:426,canTriggerTransfer
FN:443,noResponderTouches
FN:466,(anonymous_5)
FN:477,(anonymous_6)
FN:578,(anonymous_7)
FN:586,(anonymous_8)
FNF:8
FNH:6
FNDA:37,(anonymous_1)
FNDA:38,setResponderAndExtractTransfer
FNDA:57,canTriggerTransfer
FNDA:17,noResponderTouches
FNDA:51,(anonymous_5)
FNDA:57,(anonymous_6)
FNDA:0,(anonymous_7)
FNDA:0,(anonymous_8)
DA:14,20
DA:15,20
DA:16,20
DA:17,20
DA:18,20
DA:20,20
DA:21,20
DA:22,20
DA:24,20
DA:25,20
DA:26,20
DA:27,20
DA:28,20
DA:29,20
DA:36,20
DA:42,20
DA:47,20
DA:49,20
DA:50,37
DA:51,37
DA:52,37
DA:53,0
DA:60,20
DA:320,1
DA:326,38
DA:334,38
DA:342,38
DA:343,38
DA:349,38
DA:350,38
DA:351,5
DA:353,33
DA:355,38
DA:356,38
DA:357,38
DA:360,38
DA:361,14
DA:363,24
DA:364,24
DA:370,24
DA:372,24
DA:373,24
DA:375,5
DA:381,5
DA:382,5
DA:383,5
DA:385,5
DA:386,5
DA:389,5
DA:390,2
DA:396,2
DA:397,2
DA:398,2
DA:399,2
DA:401,3
DA:407,3
DA:408,3
DA:409,3
DA:412,19
DA:413,19
DA:415,24
DA:426,1
DA:427,57
DA:443,1
DA:444,17
DA:445,17
DA:446,14
DA:448,3
DA:449,3
DA:450,3
DA:451,3
DA:453,3
DA:454,3
DA:455,2
DA:459,1
DA:463,20
DA:467,51
DA:483,57
DA:484,26
DA:485,31
DA:486,19
DA:487,19
DA:493,57
DA:495,57
DA:512,57
DA:513,57
DA:514,57
DA:515,57
DA:521,57
DA:522,46
DA:529,46
DA:530,46
DA:531,46
DA:534,57
DA:537,57
DA:542,57
DA:546,57
DA:547,16
DA:550,16
DA:551,16
DA:552,16
DA:553,16
DA:556,57
DA:558,57
DA:560,0
DA:564,57
DA:566,57
DA:579,0
DA:587,0
DA:592,20
LF:110
LH:106
BRDA:52,1,0,0
BRDA:52,1,1,37
BRDA:327,2,0,26
BRDA:327,2,1,12
BRDA:328,3,0,10
BRDA:328,3,1,2
BRDA:329,4,0,0
BRDA:329,4,1,2
BRDA:334,5,0,27
BRDA:334,5,1,11
BRDA:350,6,0,5
BRDA:350,6,1,33
BRDA:356,7,0,38
BRDA:356,7,1,0
BRDA:360,8,0,14
BRDA:360,8,1,24
BRDA:360,9,0,38
BRDA:360,9,1,24
BRDA:373,10,0,5
BRDA:373,10,1,19
BRDA:383,11,0,5
BRDA:383,11,1,5
BRDA:385,12,0,5
BRDA:385,12,1,0
BRDA:389,13,0,2
BRDA:389,13,1,3
BRDA:427,14,0,57
BRDA:427,14,1,57
BRDA:427,14,2,55
BRDA:427,14,3,40
BRDA:427,14,4,55
BRDA:427,14,5,29
BRDA:445,15,0,14
BRDA:445,15,1,3
BRDA:445,16,0,17
BRDA:445,16,1,17
BRDA:451,17,0,3
BRDA:451,17,1,0
BRDA:451,18,0,3
BRDA:451,18,1,3
BRDA:451,18,2,3
BRDA:454,19,0,2
BRDA:454,19,1,1
BRDA:467,20,0,32
BRDA:467,20,1,19
BRDA:483,21,0,26
BRDA:483,21,1,31
BRDA:485,22,0,19
BRDA:485,22,1,12
BRDA:495,23,0,38
BRDA:495,23,1,19
BRDA:512,24,0,57
BRDA:512,24,1,48
BRDA:513,25,0,57
BRDA:513,25,1,48
BRDA:514,26,0,57
BRDA:514,26,1,48
BRDA:516,27,0,18
BRDA:516,27,1,39
BRDA:517,28,0,10
BRDA:517,28,1,29
BRDA:518,29,0,18
BRDA:518,29,1,11
BRDA:521,30,0,46
BRDA:521,30,1,11
BRDA:535,31,0,57
BRDA:535,31,1,48
BRDA:538,32,0,57
BRDA:538,32,1,48
BRDA:538,32,2,47
BRDA:538,32,3,17
BRDA:543,33,0,1
BRDA:543,33,1,56
BRDA:544,34,0,15
BRDA:544,34,1,41
BRDA:546,35,0,16
BRDA:546,35,1,41
BRDA:558,36,0,0
BRDA:558,36,1,57
BRDA:558,37,0,57
BRDA:558,37,1,0
BRF:81
BRH:74
end_of_record
TN:
SF:/home/rui/Documents/react/src/test/ReactDefaultPerf.js
FN:23,roundFloat
FN:27,addValue
FN:34,getIDOfComposite
FN:53,(anonymous_4)
FN:62,(anonymous_5)
FN:66,(anonymous_6)
FN:70,(anonymous_7)
FN:73,(anonymous_8)
FN:88,(anonymous_9)
FN:91,(anonymous_10)
FN:104,(anonymous_11)
FN:109,(anonymous_12)
FN:118,(anonymous_13)
FN:127,(anonymous_14)
FN:130,(anonymous_15)
FN:143,(anonymous_16)
FN:157,(anonymous_17)
FN:158,(anonymous_18)
FN:202,(anonymous_19)
FNF:19
FNH:11
FNDA:0,roundFloat
FNDA:63,addValue
FNDA:40,getIDOfComposite
FNDA:15,(anonymous_4)
FNDA:15,(anonymous_5)
FNDA:15,(anonymous_6)
FNDA:0,(anonymous_7)
FNDA:0,(anonymous_8)
FNDA:0,(anonymous_9)
FNDA:0,(anonymous_10)
FNDA:13,(anonymous_11)
FNDA:3,(anonymous_12)
FNDA:0,(anonymous_13)
FNDA:0,(anonymous_14)
FNDA:0,(anonymous_15)
FNDA:13,(anonymous_16)
FNDA:16,(anonymous_17)
FNDA:144,(anonymous_18)
FNDA:5,(anonymous_19)
DA:15,1
DA:16,1
DA:17,1
DA:18,1
DA:19,1
DA:21,1
DA:23,1
DA:24,0
DA:27,1
DA:28,63
DA:32,1
DA:33,1
DA:34,1
DA:35,40
DA:36,1
DA:38,40
DA:39,20
DA:41,20
DA:42,20
DA:43,20
DA:47,1
DA:54,15
DA:55,15
DA:58,15
DA:59,15
DA:63,15
DA:67,15
DA:71,0
DA:72,0
DA:73,0
DA:74,0
DA:89,0
DA:90,0
DA:91,0
DA:92,0
DA:98,0
DA:105,13
DA:109,13
DA:110,3
DA:119,0
DA:120,0
DA:121,0
DA:128,0
DA:129,0
DA:130,0
DA:131,0
DA:132,0
DA:133,0
DA:134,0
DA:135,0
DA:137,0
DA:145,13
DA:148,13
DA:149,13
DA:150,13
DA:158,352
DA:159,144
DA:160,144
DA:161,144
DA:163,144
DA:167,144
DA:173,16
DA:184,16
DA:185,16
DA:186,16
DA:187,16
DA:188,128
DA:194,13
DA:195,13
DA:196,13
DA:198,13
DA:199,1
DA:200,12
DA:202,5
DA:203,5
DA:204,5
DA:205,2
DA:207,5
DA:208,2
DA:210,5
DA:211,5
DA:213,5
DA:214,1
DA:216,5
DA:225,7
DA:226,7
DA:227,0
DA:228,7
DA:230,1
DA:231,6
DA:232,6
DA:234,7
DA:241,13
DA:242,115
DA:247,68
DA:248,28
DA:251,40
DA:252,40
DA:253,40
DA:255,40
DA:257,40
DA:258,20
DA:259,20
DA:260,3
DA:261,3
DA:264,40
DA:266,40
DA:267,40
DA:268,40
DA:270,40
DA:272,40
DA:273,20
DA:274,20
DA:275,3
DA:276,3
DA:277,3
DA:278,3
DA:280,17
DA:283,40
DA:290,40
DA:291,47
DA:297,33
DA:298,33
DA:300,33
DA:302,14
DA:308,1
LF:126
LH:103
BRDA:28,1,0,63
BRDA:28,1,1,63
BRDA:35,2,0,1
BRDA:35,2,1,39
BRDA:38,3,0,20
BRDA:38,3,1,20
BRDA:54,4,0,15
BRDA:54,4,1,0
BRDA:71,5,0,0
BRDA:71,5,1,0
BRDA:89,6,0,0
BRDA:89,6,1,0
BRDA:119,7,0,0
BRDA:119,7,1,0
BRDA:128,8,0,0
BRDA:128,8,1,0
BRDA:149,9,0,13
BRDA:149,9,1,12
BRDA:167,10,0,16
BRDA:167,10,1,128
BRDA:167,11,0,144
BRDA:167,11,1,143
BRDA:188,12,0,13
BRDA:188,12,1,115
BRDA:188,13,0,128
BRDA:188,13,1,127
BRDA:188,13,2,122
BRDA:188,13,3,121
BRDA:188,13,4,120
BRDA:188,13,5,116
BRDA:198,14,0,1
BRDA:198,14,1,12
BRDA:200,15,0,5
BRDA:200,15,1,7
BRDA:204,16,0,2
BRDA:204,16,1,3
BRDA:207,17,0,2
BRDA:207,17,1,3
BRDA:210,18,0,5
BRDA:210,18,1,0
BRDA:213,19,0,1
BRDA:213,19,1,4
BRDA:226,20,0,0
BRDA:226,20,1,7
BRDA:228,21,0,1
BRDA:228,21,1,6
BRDA:231,22,0,6
BRDA:231,22,1,0
BRDA:242,23,0,68
BRDA:242,23,1,47
BRDA:242,24,0,115
BRDA:242,24,1,68
BRDA:242,24,2,64
BRDA:242,24,3,34
BRDA:247,25,0,28
BRDA:247,25,1,40
BRDA:257,26,0,20
BRDA:257,26,1,20
BRDA:259,27,0,3
BRDA:259,27,1,17
BRDA:272,28,0,20
BRDA:272,28,1,20
BRDA:274,29,0,3
BRDA:274,29,1,17
BRDA:285,30,0,12
BRDA:285,30,1,28
BRDA:291,31,0,33
BRDA:291,31,1,14
BRDA:292,32,0,47
BRDA:292,32,1,16
BRDA:292,32,2,33
BRDA:292,32,3,25
BRF:72
BRH:60
end_of_record
TN:
SF:/home/rui/Documents/react/src/test/ReactDefaultPerfAnalysis.js
FN:31,getTotalTime
FN:44,getDOMSummary
FN:46,(anonymous_3)
FN:47,(anonymous_4)
FN:48,(anonymous_5)
FN:60,getExclusiveSummary
FN:105,(anonymous_7)
FN:112,getInclusiveSummary
FN:164,(anonymous_9)
FN:171,getUnchangedComponents
FN:178,(anonymous_11)
FN:179,(anonymous_12)
FN:182,(anonymous_13)
FNF:13
FNH:8
FNDA:0,getTotalTime
FNDA:2,getDOMSummary
FNDA:2,(anonymous_3)
FNDA:0,(anonymous_4)
FNDA:0,(anonymous_5)
FNDA:0,getExclusiveSummary
FNDA:0,(anonymous_7)
FNDA:13,getInclusiveSummary
FNDA:1,(anonymous_9)
FNDA:14,getUnchangedComponents
FNDA:12,(anonymous_11)
FNDA:13,(anonymous_12)
FNDA:15,(anonymous_13)
DA:14,1
DA:17,1
DA:18,1
DA:31,1
DA:36,0
DA:37,0
DA:38,0
DA:39,0
DA:41,0
DA:44,1
DA:45,2
DA:46,2
DA:47,2
DA:48,0
DA:49,0
DA:57,2
DA:60,1
DA:61,0
DA:62,0
DA:64,0
DA:65,0
DA:66,0
DA:72,0
DA:73,0
DA:75,0
DA:82,0
DA:83,0
DA:85,0
DA:86,0
DA:88,0
DA:89,0
DA:91,0
DA:92,0
DA:98,0
DA:99,0
DA:100,0
DA:101,0
DA:105,0
DA:106,0
DA:109,0
DA:112,1
DA:113,13
DA:114,13
DA:116,13
DA:117,14
DA:118,14
DA:123,14
DA:125,14
DA:126,14
DA:129,14
DA:130,18
DA:131,14
DA:134,4
DA:139,4
DA:141,4
DA:147,4
DA:148,4
DA:150,4
DA:151,4
DA:157,13
DA:158,13
DA:159,3
DA:160,3
DA:164,13
DA:165,1
DA:168,13
DA:171,1
DA:175,14
DA:176,14
DA:177,14
DA:178,14
DA:179,12
DA:181,13
DA:182,15
DA:186,14
DA:188,14
DA:189,18
DA:191,18
DA:192,11
DA:195,18
DA:196,3
DA:198,18
DA:199,4
DA:202,14
DA:205,1
DA:212,1
LF:86
LH:56
BRDA:51,1,0,0
BRDA:51,1,1,0
BRDA:75,2,0,0
BRDA:75,2,1,0
BRDA:82,3,0,0
BRDA:82,3,1,0
BRDA:85,4,0,0
BRDA:85,4,1,0
BRDA:88,5,0,0
BRDA:88,5,1,0
BRDA:91,6,0,0
BRDA:91,6,1,0
BRDA:100,7,0,0
BRDA:100,7,1,0
BRDA:125,8,0,14
BRDA:125,8,1,0
BRDA:130,9,0,14
BRDA:130,9,1,4
BRDA:130,10,0,18
BRDA:130,10,1,18
BRDA:141,11,0,4
BRDA:141,11,1,3
BRDA:147,12,0,4
BRDA:147,12,1,0
BRDA:150,13,0,4
BRDA:150,13,1,0
BRDA:159,14,0,3
BRDA:159,14,1,0
BRDA:181,15,0,12
BRDA:181,15,1,1
BRDA:191,16,0,11
BRDA:191,16,1,7
BRDA:195,17,0,3
BRDA:195,17,1,15
BRDA:198,18,0,4
BRDA:198,18,1,14
BRDA:198,19,0,18
BRDA:198,19,1,4
BRF:38
BRH:20
end_of_record
TN:
SF:/home/rui/Documents/react/src/addons/transitions/ReactTransitionGroup.js
FN:28,(anonymous_1)
FN:35,(anonymous_2)
FN:41,(anonymous_3)
FN:47,(anonymous_4)
FN:56,(anonymous_5)
FN:90,(anonymous_6)
FN:100,(anonymous_7)
FN:114,(anonymous_8)
FN:132,(anonymous_9)
FN:146,(anonymous_10)
FN:164,(anonymous_11)
FN:178,(anonymous_12)
FN:195,(anonymous_13)
FN:203,(anonymous_14)
FNF:14
FNH:14
FNDA:1,(anonymous_1)
FNDA:4,(anonymous_2)
FNDA:4,(anonymous_3)
FNDA:4,(anonymous_4)
FNDA:26,(anonymous_5)
FNDA:29,(anonymous_6)
FNDA:4,(anonymous_7)
FNDA:4,(anonymous_8)
FNDA:5,(anonymous_9)
FNDA:5,(anonymous_10)
FNDA:5,(anonymous_11)
FNDA:5,(anonymous_12)
FNDA:5,(anonymous_13)
FNDA:33,(anonymous_14)
DA:14,1
DA:15,1
DA:17,1
DA:18,1
DA:20,1
DA:29,1
DA:36,4
DA:42,4
DA:43,4
DA:44,4
DA:48,4
DA:49,4
DA:50,4
DA:51,4
DA:57,26
DA:60,26
DA:62,26
DA:69,26
DA:71,26
DA:72,40
DA:73,40
DA:75,5
DA:79,26
DA:80,49
DA:81,49
DA:83,4
DA:91,29
DA:92,29
DA:93,29
DA:95,29
DA:96,29
DA:97,29
DA:101,4
DA:103,4
DA:105,4
DA:106,1
DA:110,3
DA:115,4
DA:116,4
DA:117,1
DA:120,4
DA:122,4
DA:126,4
DA:128,0
DA:133,5
DA:135,5
DA:137,5
DA:138,5
DA:142,0
DA:147,5
DA:148,5
DA:149,5
DA:152,5
DA:154,5
DA:158,5
DA:160,1
DA:165,5
DA:167,5
DA:168,5
DA:169,5
DA:174,0
DA:179,5
DA:181,5
DA:182,5
DA:185,5
DA:187,5
DA:191,5
DA:193,0
DA:195,5
DA:196,5
DA:197,5
DA:198,5
DA:206,33
DA:207,33
DA:208,60
DA:209,60
DA:215,60
DA:221,33
DA:229,1
LF:79
LH:75
BRDA:50,1,0,4
BRDA:50,1,1,0
BRDA:72,2,0,40
BRDA:72,2,1,40
BRDA:73,3,0,5
BRDA:73,3,1,35
BRDA:73,4,0,40
BRDA:73,4,1,40
BRDA:73,4,2,5
BRDA:80,5,0,49
BRDA:80,5,1,49
BRDA:81,6,0,4
BRDA:81,6,1,45
BRDA:81,7,0,49
BRDA:81,7,1,49
BRDA:81,7,2,14
BRDA:105,8,0,1
BRDA:105,8,1,3
BRDA:116,9,0,1
BRDA:116,9,1,3
BRDA:126,10,0,0
BRDA:126,10,1,4
BRDA:126,11,0,4
BRDA:126,11,1,4
BRDA:137,12,0,5
BRDA:137,12,1,0
BRDA:148,13,0,5
BRDA:148,13,1,0
BRDA:158,14,0,1
BRDA:158,14,1,4
BRDA:158,15,0,5
BRDA:158,15,1,5
BRDA:168,16,0,5
BRDA:168,16,1,0
BRDA:181,17,0,5
BRDA:181,17,1,0
BRDA:191,18,0,0
BRDA:191,18,1,5
BRDA:191,19,0,5
BRDA:191,19,1,5
BRDA:209,20,0,60
BRDA:209,20,1,0
BRF:42
BRH:34
end_of_record
TN:
SF:/home/rui/Documents/react/src/isomorphic/children/ReactChildren.js
FN:25,escapeUserProvidedKey
FN:38,ForEachBookKeeping
FN:43,(anonymous_3)
FN:50,forEachSingleChild
FN:65,forEachChildren
FN:85,MapBookKeeping
FN:92,(anonymous_7)
FN:101,mapSingleChildIntoContext
FN:131,mapIntoWithKeyPrefixInternal
FN:157,mapChildren
FN:168,forEachSingleChildDummy
FN:179,countChildren
FN:188,toArray
FNF:13
FNH:13
FNDA:19,escapeUserProvidedKey
FNDA:6,ForEachBookKeeping
FNDA:6,(anonymous_3)
FNDA:13,forEachSingleChild
FNDA:6,forEachChildren
FNDA:25,MapBookKeeping
FNDA:25,(anonymous_7)
FNDA:53,mapSingleChildIntoContext
FNDA:25,mapIntoWithKeyPrefixInternal
FNDA:10,mapChildren
FNDA:21,forEachSingleChildDummy
FNDA:9,countChildren
FNDA:9,toArray
DA:14,1
DA:15,1
DA:17,1
DA:18,1
DA:20,1
DA:21,1
DA:24,1
DA:25,1
DA:26,19
DA:38,1
DA:39,6
DA:40,6
DA:41,6
DA:43,1
DA:44,6
DA:45,6
DA:46,6
DA:48,1
DA:50,13
DA:51,13
DA:52,13
DA:65,1
DA:66,6
DA:67,0
DA:69,6
DA:71,6
DA:72,6
DA:85,1
DA:86,25
DA:87,25
DA:88,25
DA:89,25
DA:90,25
DA:92,1
DA:93,25
DA:94,25
DA:95,25
DA:96,25
DA:97,25
DA:99,1
DA:101,53
DA:102,53
DA:104,53
DA:105,53
DA:106,0
DA:112,53
DA:113,43
DA:114,40
DA:127,43
DA:131,1
DA:132,25
DA:133,25
DA:134,6
DA:136,25
DA:142,25
DA:143,25
DA:157,1
DA:158,10
DA:159,0
DA:161,10
DA:162,10
DA:163,10
DA:168,1
DA:169,21
DA:179,1
DA:180,9
DA:188,1
DA:189,9
DA:190,9
DA:196,9
DA:200,1
DA:208,1
LF:72
LH:69
BRDA:66,1,0,0
BRDA:66,1,1,6
BRDA:105,2,0,0
BRDA:105,2,1,53
BRDA:112,3,0,43
BRDA:112,3,1,10
BRDA:113,4,0,40
BRDA:113,4,1,3
BRDA:120,5,0,13
BRDA:120,5,1,27
BRDA:121,6,0,13
BRDA:121,6,1,7
BRDA:133,7,0,6
BRDA:133,7,1,19
BRDA:158,8,0,0
BRDA:158,8,1,10
BRF:16
BRH:13
end_of_record
TN:
SF:/home/rui/Documents/react/src/addons/ReactComponentWithPureRenderMixin.js
FN:41,(anonymous_1)
FNF:1
FNH:1
FNDA:8,(anonymous_1)
DA:14,1
DA:40,1
DA:42,8
DA:46,1
LF:4
LH:4
BRF:0
BRH:0
end_of_record
TN:
SF:/home/rui/Documents/react/src/renderers/dom/shared/CSSPropertyOperations.js
FN:25,(anonymous_1)
FN:55,(anonymous_2)
FN:69,(anonymous_3)
FN:83,(anonymous_4)
FN:102,(anonymous_5)
FN:131,(anonymous_6)
FN:157,(anonymous_7)
FNF:7
FNH:7
FNDA:163,(anonymous_1)
FNDA:3,(anonymous_2)
FNDA:2,(anonymous_3)
FNDA:2,(anonymous_4)
FNDA:171,(anonymous_5)
FNDA:152,(anonymous_6)
FNDA:1,(anonymous_7)
DA:15,15
DA:16,15
DA:17,15
DA:19,15
DA:20,15
DA:21,15
DA:22,15
DA:23,15
DA:25,15
DA:26,163
DA:29,15
DA:30,15
DA:31,15
DA:32,15
DA:33,15
DA:35,15
DA:37,0
DA:40,15
DA:41,0
DA:45,15
DA:47,15
DA:50,15
DA:52,15
DA:53,15
DA:55,15
DA:56,3
DA:57,0
DA:60,3
DA:61,3
DA:69,15
DA:70,2
DA:71,0
DA:74,2
DA:75,2
DA:83,15
DA:84,2
DA:85,0
DA:88,2
DA:89,2
DA:102,15
DA:103,171
DA:104,3
DA:105,168
DA:106,2
DA:107,166
DA:108,2
DA:116,15
DA:132,152
DA:133,152
DA:134,169
DA:135,0
DA:137,169
DA:138,169
DA:139,169
DA:141,169
DA:142,163
DA:143,163
DA:147,152
DA:158,1
DA:159,1
DA:160,2
DA:161,0
DA:163,2
DA:164,2
DA:166,2
DA:171,2
DA:172,0
DA:174,2
DA:175,2
DA:177,0
DA:180,0
DA:183,0
DA:184,0
DA:187,0
DA:195,15
DA:199,15
LF:76
LH:63
BRDA:31,1,0,15
BRDA:31,1,1,0
BRDA:40,2,0,0
BRDA:40,2,1,15
BRDA:45,3,0,15
BRDA:45,3,1,0
BRDA:56,4,0,0
BRDA:56,4,1,3
BRDA:56,5,0,3
BRDA:56,5,1,0
BRDA:70,6,0,0
BRDA:70,6,1,2
BRDA:70,7,0,2
BRDA:70,7,1,0
BRDA:84,8,0,0
BRDA:84,8,1,2
BRDA:84,9,0,2
BRDA:84,9,1,0
BRDA:103,10,0,3
BRDA:103,10,1,168
BRDA:105,11,0,2
BRDA:105,11,1,166
BRDA:107,12,0,2
BRDA:107,12,1,164
BRDA:134,13,0,0
BRDA:134,13,1,169
BRDA:138,14,0,169
BRDA:138,14,1,0
BRDA:141,15,0,163
BRDA:141,15,1,6
BRDA:147,16,0,152
BRDA:147,16,1,2
BRDA:160,17,0,0
BRDA:160,17,1,2
BRDA:163,18,0,2
BRDA:163,18,1,0
BRDA:171,19,0,0
BRDA:171,19,1,2
BRDA:174,20,0,2
BRDA:174,20,1,0
BRDA:178,21,0,0
BRDA:178,21,1,0
BRDA:180,22,0,0
BRDA:180,22,1,0
BRF:44
BRH:25
end_of_record
TN:
SF:/home/rui/Documents/react/src/renderers/dom/shared/CSSProperty.js
FN:56,prefixKey
FN:68,(anonymous_2)
FN:69,(anonymous_3)
FNF:3
FNH:3
FNDA:1792,prefixKey
FNDA:448,(anonymous_2)
FNDA:1792,(anonymous_3)
DA:17,16
DA:56,2
DA:57,1792
DA:64,16
DA:68,16
DA:69,448
DA:70,1792
DA:83,16
DA:136,16
DA:141,16
LF:10
LH:10
BRF:0
BRH:0
end_of_record
TN:
SF:/home/rui/Documents/react/src/renderers/dom/client/ReactDOMTreeTraversal.js
FN:20,getLowestCommonAncestor
FN:60,isAncestor
FN:76,getParentInstance
FN:85,traverseTwoPhase
FN:107,traverseEnterLeave
FNF:5
FNH:3
FNDA:10,getLowestCommonAncestor
FNDA:0,isAncestor
FNDA:0,getParentInstance
FNDA:3,traverseTwoPhase
FNDA:8,traverseEnterLeave
DA:14,1
DA:20,1
DA:21,10
DA:22,10
DA:24,10
DA:25,10
DA:26,37
DA:28,10
DA:29,10
DA:30,31
DA:34,10
DA:35,6
DA:36,6
DA:40,10
DA:41,0
DA:42,0
DA:46,10
DA:47,10
DA:48,15
DA:49,10
DA:51,5
DA:52,5
DA:54,0
DA:60,1
DA:61,0
DA:62,0
DA:64,0
DA:65,0
DA:66,0
DA:68,0
DA:70,0
DA:76,1
DA:77,0
DA:79,0
DA:85,1
DA:86,3
DA:87,3
DA:88,5
DA:89,5
DA:91,3
DA:92,3
DA:93,5
DA:95,3
DA:96,5
DA:107,1
DA:108,8
DA:109,8
DA:110,8
DA:111,8
DA:112,8
DA:114,8
DA:115,8
DA:116,5
DA:117,5
DA:119,8
DA:120,8
DA:121,8
DA:123,8
DA:124,5
DA:128,1
LF:60
LH:48
BRDA:48,1,0,10
BRDA:48,1,1,5
BRDA:65,2,0,0
BRDA:65,2,1,0
BRDA:108,3,0,3
BRDA:108,3,1,5
BRDA:108,4,0,8
BRDA:108,4,1,5
BRDA:110,5,0,16
BRDA:110,5,1,11
BRDA:115,6,0,13
BRDA:115,6,1,8
BRF:12
BRH:10
end_of_record
TN:
SF:/home/rui/Documents/react/src/shared/utils/accumulateInto.js
FN:30,accumulateInto
FNF:1
FNH:1
FNDA:6,accumulateInto
DA:14,1
DA:30,1
DA:31,6
DA:35,5
DA:36,1
DA:41,4
DA:42,4
DA:44,4
DA:45,1
DA:46,1
DA:49,3
DA:50,1
DA:51,1
DA:54,2
DA:56,1
DA:59,1
DA:62,1
LF:17
LH:17
BRDA:35,1,0,1
BRDA:35,1,1,4
BRDA:44,2,0,1
BRDA:44,2,1,3
BRDA:44,3,0,4
BRDA:44,3,1,2
BRDA:49,4,0,1
BRDA:49,4,1,2
BRDA:54,5,0,1
BRDA:54,5,1,1
BRF:10
BRH:10
end_of_record
TN:
SF:/home/rui/Documents/react/src/renderers/dom/client/eventPlugins/EnterLeaveEventPlugin.js
FN:52,(anonymous_1)
FNF:1
FNH:1
FNDA:1,(anonymous_1)
DA:15,1
DA:16,1
DA:17,1
DA:18,1
DA:20,1
DA:22,1
DA:24,1
DA:41,1
DA:58,1
DA:60,0
DA:62,1
DA:65,0
DA:68,1
DA:69,1
DA:71,0
DA:74,1
DA:75,1
DA:76,1
DA:78,0
DA:82,1
DA:83,1
DA:84,1
DA:85,0
DA:86,0
DA:87,0
DA:91,1
DA:92,1
DA:95,1
DA:97,0
DA:100,1
DA:102,1
DA:105,1
DA:111,1
DA:112,1
DA:113,1
DA:115,1
DA:121,1
DA:122,1
DA:123,1
DA:125,1
DA:127,1
DA:132,1
LF:42
LH:34
BRDA:58,1,0,0
BRDA:58,1,1,1
BRDA:58,2,0,1
BRDA:58,2,1,1
BRDA:58,2,2,1
BRDA:62,3,0,0
BRDA:62,3,1,1
BRDA:62,4,0,1
BRDA:62,4,1,1
BRDA:69,5,0,0
BRDA:69,5,1,1
BRDA:75,6,0,1
BRDA:75,6,1,0
BRDA:76,7,0,1
BRDA:76,7,1,0
BRDA:84,8,0,0
BRDA:84,8,1,1
BRDA:86,9,0,0
BRDA:86,9,1,0
BRDA:87,10,0,0
BRDA:87,10,1,0
BRDA:95,11,0,0
BRDA:95,11,1,1
BRDA:101,12,0,1
BRDA:101,12,1,0
BRDA:103,13,0,0
BRDA:103,13,1,1
BRF:27
BRH:14
end_of_record
TN:
SF:/home/rui/Documents/react/src/addons/link/LinkedStateMixin.js
FN:31,(anonymous_1)
FNF:1
FNH:1
FNDA:2,(anonymous_1)
DA:15,1
DA:16,1
DA:21,1
DA:32,2
DA:39,1
LF:5
LH:5
BRF:0
BRH:0
end_of_record
TN:
SF:/home/rui/Documents/react/src/addons/transitions/ReactTransitionChildMapping.js
FN:25,(anonymous_1)
FN:49,(anonymous_2)
FN:53,getValueForKey
FNF:3
FNH:3
FNDA:1,(anonymous_1)
FNDA:6,(anonymous_2)
FNDA:19,getValueForKey
DA:15,1
DA:17,1
DA:26,1
DA:27,0
DA:29,1
DA:50,6
DA:51,6
DA:53,1
DA:54,19
DA:55,14
DA:57,5
DA:63,6
DA:65,6
DA:66,6
DA:67,14
DA:68,9
DA:69,1
DA:70,1
DA:73,5
DA:77,6
DA:78,6
DA:79,6
DA:80,14
DA:81,1
DA:82,1
DA:83,1
DA:88,14
DA:92,6
DA:93,4
DA:96,6
DA:100,1
LF:31
LH:30
BRDA:26,1,0,0
BRDA:26,1,1,1
BRDA:50,2,0,6
BRDA:50,2,1,1
BRDA:51,3,0,6
BRDA:51,3,1,1
BRDA:54,4,0,14
BRDA:54,4,1,5
BRDA:67,5,0,9
BRDA:67,5,1,5
BRDA:68,6,0,1
BRDA:68,6,1,8
BRDA:80,7,0,1
BRDA:80,7,1,13
BRF:14
BRH:13
end_of_record
TN:
SF:/home/rui/Documents/react/src/addons/renderSubtreeIntoContainer.js
FNF:0
FNH:0
DA:14,1
DA:16,1
LF:2
LH:2
BRF:0
BRH:0
end_of_record
TN:
SF:/home/rui/Documents/react/src/isomorphic/children/sliceChildren.js
FN:25,sliceChildren
FNF:1
FNH:1
FNDA:5,sliceChildren
DA:14,1
DA:25,1
DA:26,5
DA:27,0
DA:30,5
DA:31,5
DA:34,1
LF:7
LH:6
BRDA:26,1,0,0
BRDA:26,1,1,5
BRF:2
BRH:1
end_of_record
TN:
SF:/home/rui/Documents/react/src/addons/update.js
FN:21,shallowCopy
FN:49,(anonymous_2)
FN:53,invariantArrayCase
FN:70,update
FN:110,(anonymous_5)
FN:117,(anonymous_6)
FN:136,(anonymous_7)
FNF:7
FNH:7
FNDA:19,shallowCopy
FNDA:6,(anonymous_2)
FNDA:6,invariantArrayCase
FNDA:23,update
FNDA:1,(anonymous_5)
FNDA:1,(anonymous_6)
FNDA:2,(anonymous_7)
DA:16,1
DA:17,1
DA:18,1
DA:19,1
DA:21,1
DA:22,19
DA:23,7
DA:24,12
DA:25,6
DA:27,6
DA:31,1
DA:32,1
DA:33,1
DA:34,1
DA:35,1
DA:36,1
DA:38,1
DA:47,1
DA:49,1
DA:50,6
DA:53,1
DA:54,6
DA:60,4
DA:61,4
DA:70,1
DA:71,23
DA:79,22
DA:80,3
DA:86,3
DA:89,19
DA:91,19
DA:92,3
DA:93,3
DA:99,2
DA:105,1
DA:108,17
DA:109,3
DA:110,1
DA:111,1
DA:115,15
DA:116,3
DA:117,1
DA:118,1
DA:122,13
DA:123,4
DA:129,3
DA:136,2
DA:137,2
DA:144,1
DA:148,10
DA:149,2
DA:155,1
DA:158,9
DA:159,9
DA:160,4
DA:164,8
DA:167,1
LF:57
LH:57
BRDA:22,1,0,7
BRDA:22,1,1,12
BRDA:24,2,0,6
BRDA:24,2,1,6
BRDA:24,3,0,12
BRDA:24,3,1,12
BRDA:79,4,0,3
BRDA:79,4,1,19
BRDA:91,5,0,3
BRDA:91,5,1,16
BRDA:94,6,0,3
BRDA:94,6,1,3
BRDA:100,7,0,2
BRDA:100,7,1,2
BRDA:108,8,0,3
BRDA:108,8,1,14
BRDA:115,9,0,3
BRDA:115,9,1,12
BRDA:122,10,0,4
BRDA:122,10,1,9
BRDA:148,11,0,2
BRDA:148,11,1,8
BRDA:159,12,0,4
BRDA:159,12,1,5
BRDA:159,13,0,9
BRDA:159,13,1,5
BRF:26
BRH:26
end_of_record
TN:
SF:/home/rui/Documents/react/src/shared/utils/PooledClass.js
FN:23,(anonymous_1)
FN:34,(anonymous_2)
FN:45,(anonymous_3)
FN:56,(anonymous_4)
FN:67,(anonymous_5)
FN:78,(anonymous_6)
FN:102,(anonymous_7)
FNF:7
FNH:4
FNDA:11,(anonymous_1)
FNDA:1,(anonymous_2)
FNDA:0,(anonymous_3)
FNDA:0,(anonymous_4)
FNDA:0,(anonymous_5)
FNDA:6,(anonymous_6)
FNDA:16,(anonymous_7)
DA:14,1
DA:23,1
DA:24,11
DA:25,11
DA:26,2
DA:27,2
DA:28,2
DA:30,9
DA:34,1
DA:35,1
DA:36,1
DA:37,0
DA:38,0
DA:39,0
DA:41,1
DA:45,1
DA:46,0
DA:47,0
DA:48,0
DA:49,0
DA:50,0
DA:52,0
DA:56,1
DA:57,0
DA:58,0
DA:59,0
DA:60,0
DA:61,0
DA:63,0
DA:67,1
DA:68,0
DA:69,0
DA:70,0
DA:71,0
DA:72,0
DA:74,0
DA:78,1
DA:79,6
DA:80,6
DA:84,5
DA:85,4
DA:86,4
DA:90,1
DA:91,1
DA:102,1
DA:103,16
DA:104,16
DA:105,16
DA:106,16
DA:107,16
DA:109,16
DA:110,16
DA:113,1
DA:122,1
LF:54
LH:33
BRDA:25,1,0,2
BRDA:25,1,1,9
BRDA:36,2,0,0
BRDA:36,2,1,1
BRDA:47,3,0,0
BRDA:47,3,1,0
BRDA:58,4,0,0
BRDA:58,4,1,0
BRDA:69,5,0,0
BRDA:69,5,1,0
BRDA:85,6,0,4
BRDA:85,6,1,0
BRDA:105,7,0,16
BRDA:105,7,1,15
BRDA:106,8,0,16
BRDA:106,8,1,0
BRF:16
BRH:7
end_of_record
TN:
SF:/home/rui/Documents/react/src/renderers/shared/reconciler/ReactStateSetters.js
FN:25,(anonymous_1)
FN:26,(anonymous_2)
FN:45,(anonymous_3)
FN:52,createStateKeySetter
FN:57,stateKeySetter
FN:80,(anonymous_6)
FN:99,(anonymous_7)
FNF:7
FNH:7
FNDA:2,(anonymous_1)
FNDA:4,(anonymous_2)
FNDA:10,(anonymous_3)
FNDA:6,createStateKeySetter
FNDA:4,stateKeySetter
FNDA:1,(anonymous_6)
FNDA:5,(anonymous_7)
DA:14,1
DA:26,2
DA:27,4
DA:28,4
DA:29,4
DA:47,10
DA:48,10
DA:52,1
DA:56,6
DA:57,6
DA:58,4
DA:59,4
DA:63,1
DA:81,1
DA:100,5
DA:104,1
LF:16
LH:16
BRDA:28,1,0,4
BRDA:28,1,1,0
BRDA:47,2,0,10
BRDA:47,2,1,4
BRDA:48,3,0,10
BRDA:48,3,1,6
BRF:6
BRH:5
end_of_record
TN:
SF:/home/rui/Documents/react/src/renderers/dom/shared/Danger.js
FN:37,getNodeName
FN:52,(anonymous_2)
FN:159,(anonymous_3)
FNF:3
FNH:2
FNDA:10,getNodeName
FNDA:7,(anonymous_2)
FNDA:0,(anonymous_3)
DA:15,6
DA:16,6
DA:18,6
DA:19,6
DA:20,6
DA:21,6
DA:23,6
DA:24,6
DA:37,1
DA:38,10
DA:41,6
DA:53,7
DA:60,7
DA:61,7
DA:63,7
DA:64,11
DA:68,10
DA:69,10
DA:70,10
DA:71,10
DA:73,6
DA:74,6
DA:75,6
DA:76,7
DA:77,0
DA:79,7
DA:84,7
DA:85,7
DA:86,10
DA:87,10
DA:92,10
DA:101,7
DA:106,7
DA:107,11
DA:108,11
DA:111,10
DA:112,10
DA:114,10
DA:119,10
DA:123,10
DA:125,1
DA:126,1
DA:136,6
DA:141,6
DA:148,6
DA:160,0
DA:167,0
DA:168,0
DA:176,0
DA:177,0
DA:178,0
DA:180,0
DA:186,6
LF:53
LH:45
BRDA:69,1,0,2
BRDA:69,1,1,8
BRDA:70,2,0,10
BRDA:70,2,1,7
BRDA:76,3,0,0
BRDA:76,3,1,7
BRDA:86,4,0,10
BRDA:86,4,1,0
BRDA:108,5,0,10
BRDA:108,5,1,1
BRDA:108,6,0,11
BRDA:108,6,1,11
BRDA:125,7,0,1
BRDA:125,7,1,0
BRDA:176,8,0,0
BRDA:176,8,1,0
BRF:16
BRH:11
end_of_record
TN:
SF:/home/rui/Documents/react/src/shared/utils/Transaction.js
FN:85,(anonymous_1)
FN:103,(anonymous_2)
FN:124,(anonymous_3)
FN:163,(anonymous_4)
FN:196,(anonymous_5)
FNF:5
FNH:5
FNDA:6,(anonymous_1)
FNDA:20,(anonymous_2)
FNDA:6,(anonymous_3)
FNDA:8,(anonymous_4)
FNDA:8,(anonymous_5)
DA:14,5
DA:77,5
DA:86,6
DA:87,6
DA:88,0
DA:90,6
DA:92,6
DA:104,20
DA:125,6
DA:130,6
DA:131,6
DA:132,6
DA:133,6
DA:138,6
DA:139,6
DA:140,5
DA:141,4
DA:143,6
DA:144,6
DA:147,2
DA:148,2
DA:154,4
DA:157,6
DA:160,3
DA:164,8
DA:165,8
DA:166,14
DA:167,14
DA:172,14
DA:173,14
DA:177,14
DA:181,2
DA:182,2
DA:197,8
DA:201,8
DA:202,8
DA:203,14
DA:204,14
DA:205,14
DA:206,14
DA:211,14
DA:212,14
DA:213,12
DA:215,12
DA:217,14
DA:221,2
DA:222,2
DA:228,6
DA:232,5
DA:243,5
LF:50
LH:49
BRDA:87,1,0,0
BRDA:87,1,1,6
BRDA:144,2,0,2
BRDA:144,2,1,4
BRDA:173,3,0,13
BRDA:173,3,1,1
BRDA:177,4,0,2
BRDA:177,4,1,12
BRDA:212,5,0,12
BRDA:212,5,1,2
BRDA:212,6,0,14
BRDA:212,6,1,12
BRDA:217,7,0,2
BRDA:217,7,1,12
BRF:14
BRH:13
end_of_record
TN:
SF:/home/rui/Documents/react/src/renderers/dom/client/ReactDOMIDOperations.js
FN:31,(anonymous_1)
FNF:1
FNH:1
FNDA:1,(anonymous_1)
DA:15,1
DA:16,1
DA:17,1
DA:22,1
DA:32,1
DA:33,1
DA:34,1
DA:35,1
DA:37,1
DA:41,1
DA:45,1
LF:11
LH:11
BRF:0
BRH:0
end_of_record
TN:
SF:/home/rui/Documents/react/src/renderers/shared/reconciler/ReactMultiChildUpdateTypes.js
FNF:0
FNH:0
DA:14,1
DA:24,1
DA:32,1
LF:3
LH:3
BRF:0
BRH:0
end_of_record
TN:
SF:/home/rui/Documents/react/src/renderers/dom/client/validateDOMNesting.js
FN:78,(anonymous_1)
FN:131,(anonymous_2)
FN:234,(anonymous_3)
FN:307,(anonymous_4)
FN:322,(anonymous_5)
FN:358,(anonymous_6)
FN:361,(anonymous_7)
FN:416,(anonymous_8)
FNF:8
FNH:4
FNDA:45,(anonymous_1)
FNDA:148,(anonymous_2)
FNDA:147,(anonymous_3)
FNDA:0,(anonymous_4)
FNDA:0,(anonymous_5)
FNDA:0,(anonymous_6)
FNDA:0,(anonymous_7)
FNDA:148,(anonymous_8)
DA:14,3
DA:15,3
DA:16,3
DA:18,3
DA:20,3
DA:33,3
DA:48,3
DA:59,3
DA:62,3
DA:65,3
DA:78,3
DA:79,45
DA:80,45
DA:82,45
DA:83,5
DA:84,5
DA:85,5
DA:87,45
DA:88,6
DA:93,45
DA:97,22
DA:98,22
DA:101,45
DA:103,45
DA:104,1
DA:106,45
DA:107,3
DA:109,45
DA:110,1
DA:112,45
DA:113,0
DA:115,45
DA:116,5
DA:118,45
DA:119,6
DA:121,45
DA:122,1
DA:125,45
DA:131,3
DA:133,148
DA:136,0
DA:138,0
DA:142,0
DA:151,1
DA:160,1
DA:167,0
DA:171,2
DA:179,0
DA:188,0
DA:194,144
DA:201,6
DA:208,0
DA:225,11
DA:228,127
DA:234,3
DA:235,147
DA:276,57
DA:279,3
DA:282,8
DA:286,3
DA:289,2
DA:294,5
DA:297,1
DA:300,68
DA:307,3
DA:308,0
DA:309,0
DA:312,0
DA:313,0
DA:314,0
DA:316,0
DA:317,0
DA:320,3
DA:322,3
DA:323,0
DA:324,0
DA:325,0
DA:327,0
DA:329,0
DA:331,0
DA:333,0
DA:334,0
DA:335,0
DA:337,0
DA:338,0
DA:341,0
DA:342,0
DA:344,0
DA:345,0
DA:347,0
DA:348,0
DA:349,0
DA:350,0
DA:352,0
DA:356,0
DA:357,0
DA:358,0
DA:360,0
DA:361,0
DA:363,0
DA:377,0
DA:379,0
DA:380,0
DA:382,0
DA:384,0
DA:385,0
DA:386,0
DA:387,0
DA:391,0
DA:401,0
DA:413,3
DA:416,3
DA:417,148
DA:418,148
DA:419,148
DA:420,148
DA:427,3
LF:117
LH:66
BRDA:20,1,0,3
BRDA:20,1,1,0
BRDA:79,2,0,45
BRDA:79,2,1,14
BRDA:82,3,0,5
BRDA:82,3,1,40
BRDA:87,4,0,6
BRDA:87,4,1,39
BRDA:93,5,0,22
BRDA:93,5,1,23
BRDA:94,6,0,45
BRDA:94,6,1,36
BRDA:94,6,2,36
BRDA:94,6,3,27
BRDA:103,7,0,1
BRDA:103,7,1,44
BRDA:106,8,0,3
BRDA:106,8,1,42
BRDA:109,9,0,1
BRDA:109,9,1,44
BRDA:112,10,0,0
BRDA:112,10,1,45
BRDA:115,11,0,5
BRDA:115,11,1,40
BRDA:118,12,0,6
BRDA:118,12,1,39
BRDA:121,13,0,1
BRDA:121,13,1,44
BRDA:121,14,0,45
BRDA:121,14,1,44
BRDA:133,15,0,0
BRDA:133,15,1,0
BRDA:133,15,2,0
BRDA:133,15,3,1
BRDA:133,15,4,1
BRDA:133,15,5,1
BRDA:133,15,6,1
BRDA:133,15,7,0
BRDA:133,15,8,2
BRDA:133,15,9,0
BRDA:133,15,10,0
BRDA:136,16,0,0
BRDA:136,16,1,0
BRDA:136,16,2,0
BRDA:138,17,0,0
BRDA:138,17,1,0
BRDA:152,18,0,1
BRDA:152,18,1,1
BRDA:152,18,2,0
BRDA:152,18,3,0
BRDA:152,18,4,0
BRDA:161,19,0,1
BRDA:161,19,1,0
BRDA:161,19,2,0
BRDA:161,19,3,0
BRDA:167,20,0,0
BRDA:167,20,1,0
BRDA:172,21,0,2
BRDA:172,21,1,2
BRDA:172,21,2,2
BRDA:172,21,3,1
BRDA:172,21,4,1
BRDA:172,21,5,1
BRDA:172,21,6,1
BRDA:172,21,7,1
BRDA:180,22,0,0
BRDA:180,22,1,0
BRDA:180,22,2,0
BRDA:180,22,3,0
BRDA:180,22,4,0
BRDA:180,22,5,0
BRDA:180,22,6,0
BRDA:180,22,7,0
BRDA:180,22,8,0
BRDA:180,22,9,0
BRDA:180,22,10,0
BRDA:188,23,0,0
BRDA:188,23,1,0
BRDA:194,24,0,1
BRDA:194,24,1,2
BRDA:194,24,2,3
BRDA:194,24,3,4
BRDA:194,24,4,5
BRDA:194,24,5,6
BRDA:194,24,6,0
BRDA:194,24,7,0
BRDA:194,24,8,1
BRDA:194,24,9,2
BRDA:194,24,10,3
BRDA:194,24,11,4
BRDA:194,24,12,5
BRDA:194,24,13,6
BRDA:194,24,14,7
BRDA:194,24,15,8
BRDA:194,24,16,9
BRDA:194,24,17,10
BRDA:194,24,18,11
BRDA:202,25,0,6
BRDA:202,25,1,6
BRDA:202,25,2,6
BRDA:202,25,3,6
BRDA:202,25,4,6
BRDA:202,25,5,6
BRDA:235,26,0,1
BRDA:235,26,1,2
BRDA:235,26,2,3
BRDA:235,26,3,4
BRDA:235,26,4,5
BRDA:235,26,5,6
BRDA:235,26,6,6
BRDA:235,26,7,7
BRDA:235,26,8,17
BRDA:235,26,9,18
BRDA:235,26,10,19
BRDA:235,26,11,20
BRDA:235,26,12,21
BRDA:235,26,13,22
BRDA:235,26,14,23
BRDA:235,26,15,24
BRDA:235,26,16,25
BRDA:235,26,17,26
BRDA:235,26,18,27
BRDA:235,26,19,28
BRDA:235,26,20,35
BRDA:235,26,21,37
BRDA:235,26,22,38
BRDA:235,26,23,44
BRDA:235,26,24,45
BRDA:235,26,25,46
BRDA:235,26,26,49
BRDA:235,26,27,50
BRDA:235,26,28,51
BRDA:235,26,29,52
BRDA:235,26,30,53
BRDA:235,26,31,54
BRDA:235,26,32,55
BRDA:235,26,33,56
BRDA:235,26,34,57
BRDA:235,26,35,3
BRDA:235,26,36,8
BRDA:235,26,37,2
BRDA:235,26,38,3
BRDA:235,26,39,2
BRDA:235,26,40,5
BRDA:235,26,41,1
BRDA:279,27,0,3
BRDA:279,27,1,2
BRDA:308,28,0,0
BRDA:308,28,1,0
BRDA:323,29,0,0
BRDA:323,29,1,0
BRDA:325,30,0,0
BRDA:325,30,1,0
BRDA:328,31,0,0
BRDA:328,31,1,0
BRDA:330,32,0,0
BRDA:330,32,1,0
BRDA:331,33,0,0
BRDA:331,33,1,0
BRDA:333,34,0,0
BRDA:333,34,1,0
BRDA:337,35,0,0
BRDA:337,35,1,0
BRDA:339,36,0,0
BRDA:339,36,1,0
BRDA:349,37,0,0
BRDA:349,37,1,0
BRDA:358,38,0,0
BRDA:358,38,1,0
BRDA:361,39,0,0
BRDA:361,39,1,0
BRDA:366,40,0,0
BRDA:366,40,1,0
BRDA:367,41,0,0
BRDA:367,41,1,0
BRDA:372,42,0,0
BRDA:372,42,1,0
BRDA:379,43,0,0
BRDA:379,43,1,0
BRDA:384,44,0,0
BRDA:384,44,1,0
BRDA:386,45,0,0
BRDA:386,45,1,0
BRDA:386,46,0,0
BRDA:386,46,1,0
BRDA:417,47,0,148
BRDA:417,47,1,112
BRDA:419,48,0,148
BRDA:419,48,1,36
BRDA:421,49,0,148
BRDA:421,49,1,147
BRF:191
BRH:117
end_of_record
TN:
SF:/home/rui/Documents/react/src/renderers/dom/client/eventPlugins/FallbackCompositionState.js
FN:31,FallbackCompositionState
FN:38,(anonymous_2)
FN:49,(anonymous_3)
FN:62,(anonymous_4)
FNF:4
FNH:4
FNDA:9,FallbackCompositionState
FNDA:9,(anonymous_2)
FNDA:18,(anonymous_3)
FNDA:6,(anonymous_4)
DA:15,1
DA:17,1
DA:18,1
DA:31,1
DA:32,9
DA:33,9
DA:34,9
DA:37,1
DA:39,9
DA:40,9
DA:41,9
DA:50,18
DA:51,16
DA:53,2
DA:63,6
DA:64,0
DA:67,6
DA:68,6
DA:69,6
DA:70,6
DA:71,6
DA:72,6
DA:74,6
DA:75,31
DA:76,5
DA:80,6
DA:81,6
DA:82,28
DA:83,3
DA:87,6
DA:88,6
DA:89,6
DA:93,1
DA:95,1
LF:34
LH:33
BRDA:50,1,0,16
BRDA:50,1,1,2
BRDA:63,2,0,0
BRDA:63,2,1,6
BRDA:75,3,0,5
BRDA:75,3,1,26
BRDA:82,4,0,3
BRDA:82,4,1,25
BRDA:87,5,0,4
BRDA:87,5,1,2
BRF:10
BRH:9
end_of_record
TN:
SF:/home/rui/Documents/react/src/renderers/dom/client/syntheticEvents/SyntheticWheelEvent.js
FN:22,(anonymous_1)
FN:29,(anonymous_2)
FN:53,SyntheticWheelEvent
FNF:3
FNH:3
FNDA:6,(anonymous_1)
FNDA:6,(anonymous_2)
FNDA:6,SyntheticWheelEvent
DA:15,1
DA:21,1
DA:23,6
DA:30,6
DA:53,1
DA:54,6
DA:57,1
DA:59,1
LF:8
LH:8
BRDA:24,1,0,1
BRDA:24,1,1,5
BRDA:26,2,0,1
BRDA:26,2,1,4
BRDA:31,3,0,1
BRDA:31,3,1,5
BRDA:33,4,0,1
BRDA:33,4,1,4
BRDA:35,5,0,0
BRDA:35,5,1,4
BRF:10
BRH:9
end_of_record
TN:
SF:/home/rui/Documents/react/src/renderers/dom/client/utils/getEventTarget.js
FN:22,getEventTarget
FNF:1
FNH:1
FNDA:20,getEventTarget
DA:22,2
DA:23,20
DA:26,20
DA:29,2
LF:4
LH:4
BRDA:23,1,0,20
BRDA:23,1,1,20
BRDA:23,1,2,17
BRDA:26,2,0,0
BRDA:26,2,1,20
BRF:5
BRH:4
end_of_record
TN:
SF:/home/rui/Documents/react/src/renderers/dom/client/syntheticEvents/SyntheticEvent.js
FN:32,(anonymous_1)
FN:56,SyntheticEvent
FN:90,(anonymous_3)
FN:114,(anonymous_4)
FN:142,(anonymous_5)
FN:156,(anonymous_6)
FN:176,(anonymous_7)
FN:179,(anonymous_8)
FNF:8
FNH:6
FNDA:8,(anonymous_1)
FNDA:8,SyntheticEvent
FNDA:2,(anonymous_3)
FNDA:2,(anonymous_4)
FNDA:1,(anonymous_5)
FNDA:2,(anonymous_6)
FNDA:0,(anonymous_7)
FNDA:0,(anonymous_8)
DA:15,1
DA:17,1
DA:18,1
DA:19,1
DA:25,1
DA:33,8
DA:56,1
DA:57,8
DA:58,8
DA:60,8
DA:61,8
DA:62,8
DA:64,8
DA:65,8
DA:66,64
DA:67,0
DA:69,64
DA:70,64
DA:71,16
DA:73,48
DA:77,8
DA:80,8
DA:81,2
DA:83,6
DA:85,8
DA:88,1
DA:91,2
DA:92,2
DA:93,2
DA:94,2
DA:102,2
DA:103,1
DA:106,1
DA:107,0
DA:109,1
DA:111,1
DA:115,2
DA:116,2
DA:117,2
DA:125,2
DA:126,1
DA:129,1
DA:130,0
DA:132,1
DA:134,1
DA:143,1
DA:157,2
DA:158,2
DA:159,16
DA:161,2
DA:162,2
DA:163,2
DA:168,1
DA:176,1
DA:177,0
DA:179,0
DA:180,0
DA:181,0
DA:183,0
DA:184,0
DA:185,0
DA:187,0
DA:188,0
DA:190,0
DA:193,1
DA:195,1
LF:66
LH:53
BRDA:33,1,0,8
BRDA:33,1,1,8
BRDA:66,2,0,0
BRDA:66,2,1,64
BRDA:70,3,0,16
BRDA:70,3,1,48
BRDA:77,4,0,1
BRDA:77,4,1,7
BRDA:80,5,0,2
BRDA:80,5,1,6
BRDA:93,6,0,2
BRDA:93,6,1,0
BRDA:102,7,0,1
BRDA:102,7,1,1
BRDA:106,8,0,0
BRDA:106,8,1,1
BRDA:116,9,0,2
BRDA:116,9,1,0
BRDA:125,10,0,1
BRDA:125,10,1,1
BRDA:129,11,0,0
BRDA:129,11,1,1
BRF:22
BRH:17
end_of_record
TN:
SF:/home/rui/Documents/react/src/renderers/dom/client/utils/getNodeForCharacterOffset.js
FN:20,getLeafNode
FN:34,getSiblingNode
FN:50,getNodeForCharacterOffset
FNF:3
FNH:3
FNDA:26,getLeafNode
FNDA:17,getSiblingNode
FNDA:9,getNodeForCharacterOffset
DA:20,1
DA:21,26
DA:22,38
DA:24,26
DA:34,1
DA:35,17
DA:36,40
DA:37,14
DA:39,26
DA:50,1
DA:51,9
DA:52,9
DA:53,9
DA:55,9
DA:56,23
DA:57,20
DA:59,20
DA:60,6
DA:66,14
DA:69,17
DA:73,1
LF:21
LH:21
BRDA:21,1,0,64
BRDA:21,1,1,61
BRDA:36,2,0,14
BRDA:36,2,1,26
BRDA:56,3,0,20
BRDA:56,3,1,3
BRDA:59,4,0,6
BRDA:59,4,1,14
BRDA:59,5,0,20
BRDA:59,5,1,19
BRF:10
BRH:10
end_of_record
TN:
SF:/home/rui/Documents/react/src/renderers/dom/client/eventPlugins/SelectEventPlugin.js
FN:71,getSelection
FN:103,constructSelectEvent
FN:155,(anonymous_3)
FN:216,(anonymous_4)
FNF:4
FNH:4
FNDA:1,getSelection
FNDA:1,constructSelectEvent
FNDA:5,(anonymous_3)
FNDA:1,(anonymous_4)
DA:14,1
DA:15,1
DA:16,1
DA:17,1
DA:18,1
DA:19,1
DA:21,1
DA:22,1
DA:23,1
DA:24,1
DA:26,1
DA:28,1
DA:34,1
DA:52,1
DA:53,1
DA:54,1
DA:55,1
DA:59,1
DA:60,1
DA:71,1
DA:72,1
DA:74,1
DA:78,0
DA:79,0
DA:80,0
DA:86,0
DA:87,0
DA:88,0
DA:103,1
DA:108,1
DA:111,0
DA:115,1
DA:116,1
DA:117,1
DA:119,1
DA:126,1
DA:127,1
DA:129,1
DA:131,1
DA:134,0
DA:151,1
DA:161,5
DA:162,2
DA:165,3
DA:168,3
DA:171,1
DA:173,1
DA:174,1
DA:175,1
DA:177,1
DA:179,0
DA:180,0
DA:181,0
DA:182,0
DA:187,1
DA:188,1
DA:191,1
DA:192,1
DA:204,0
DA:205,0
DA:210,0
DA:213,2
DA:217,1
DA:218,1
DA:223,1
LF:65
LH:50
BRDA:29,1,0,1
BRDA:29,1,1,1
BRDA:29,1,2,0
BRDA:72,2,0,1
BRDA:72,2,1,0
BRDA:72,3,0,1
BRDA:72,3,1,1
BRDA:78,4,0,0
BRDA:78,4,1,0
BRDA:86,5,0,0
BRDA:86,5,1,0
BRDA:108,6,0,0
BRDA:108,6,1,1
BRDA:108,7,0,1
BRDA:108,7,1,1
BRDA:108,7,2,1
BRDA:116,8,0,1
BRDA:116,8,1,0
BRDA:116,9,0,1
BRDA:116,9,1,0
BRDA:161,10,0,2
BRDA:161,10,1,3
BRDA:165,11,0,3
BRDA:165,11,1,0
BRDA:168,12,0,1
BRDA:168,12,1,0
BRDA:168,12,2,1
BRDA:168,12,3,0
BRDA:168,12,4,1
BRDA:168,12,5,0
BRDA:168,12,6,0
BRDA:168,12,7,0
BRDA:171,13,0,1
BRDA:171,13,1,0
BRDA:171,14,0,1
BRDA:171,14,1,0
BRDA:204,15,0,0
BRDA:204,15,1,0
BRDA:217,16,0,1
BRDA:217,16,1,0
BRF:40
BRH:20
end_of_record
TN:
SF:/home/rui/Documents/react/src/renderers/dom/shared/quoteAttributeValueForBrowser.js
FN:22,quoteAttributeValueForBrowser
FNF:1
FNH:1
FNDA:6,quoteAttributeValueForBrowser
DA:14,1
DA:22,1
DA:23,6
DA:26,1
LF:4
LH:4
BRF:0
BRH:0
end_of_record
TN:
SF:/home/rui/Documents/react/src/renderers/dom/shared/escapeTextContentForBrowser.js
FN:24,escaper
FN:34,escapeTextContentForBrowser
FNF:2
FNH:2
FNDA:9,escaper
FNDA:6,escapeTextContentForBrowser
DA:14,1
DA:22,1
DA:24,1
DA:25,9
DA:34,1
DA:35,6
DA:38,1
LF:7
LH:7
BRF:0
BRH:0
end_of_record
TN:
SF:/home/rui/Documents/react/src/shared/utils/adler32.js
FN:21,adler32
FNF:1
FNH:1
FNDA:8,adler32
DA:14,1
DA:21,1
DA:22,8
DA:23,8
DA:24,8
DA:25,8
DA:26,8
DA:27,8
DA:28,1151
DA:29,1151
DA:30,1175006
DA:37,1151
DA:38,1151
DA:40,8
DA:41,10
DA:43,8
DA:44,8
DA:45,8
DA:48,1
LF:19
LH:19
BRF:0
BRH:0
end_of_record
